    1  he
    2  git 
    3  cd Pictures
    4  ls
    5  l
    6  cd
    7  cdpath 
    8  gas
    9  brew 
   10  brew list 
   11  gettext
   12  gettext alskjdlfa
   13  brew doctor
   14  ls
   15  pj 
   16  ls
   17  ./pj.plugin.zsh
   18  sudo ./pj.plugin.zsh
   19  cd ..
   20  ls
   21  l
   22  killall Finder
   23  cd ?
   24  cd /
   25  ls
   26  cd ~
   27  ls
   28  diskutil
   29  diskutil list 
   30  diskutil
   31  diskutil reformat Apple_HFS
   32  man diskutil 
   33  diskutil reforma
   34  diskutil reformat
   35  diskutil list 
   36  diskutil reformat /dev/disk2
   37  diskutil reformat disk2s2
   38  diskutil reformat disk2
   39  diskutil reformat /dev/disk2 disk2s2
   40  sudo df
   41  diskutil 
   42  diskutil  list
   43  brew install gmp 
   44  brew install gnupg
   45  curl -sSL https://get.rvm.io | bash
   46  source
   47  vm install 2.6.1
   48  rvm install 2.6.1
   49  exit
   50  rvm 
   51  rvm install 2.6.1
   52  rvm use 2.6.1 --default
   53  rails 
   54  sudo gem install rails
   55  rails 
   56  atom 
   57  cd Documents
   58  ls
   59  mkdir development
   60  cd development
   61  ls
   62  git clone https://github.com/EmmanuelOgbewe/Money-App.git
   63  cd Money-App
   64  ls
   65  git branch -a
   66  rails s
   67  cd backend
   68  rvm install 2.4.5 && rvm use 2.4.5
   69  rails db:create
   70  rails 
   71  sudo gem install rails
   72  rails db:create
   73  bundle install 
   74  gem install pg
   75  rails db:create
   76  gem install pg -v '1.1.4'
   77  gem install pg
   78  bundle
   79  brew install postgresql
   80  gem install pg
   81  bundle
   82  rails db:creqte
   83  rails db:create
   84  rails db:migrate
   85  rails db:seed
   86  rails s 
   87  brew cask install graphiql
   88  ./Applications/GraphiQL.app
   89  open "/Applications/GraphiQL.app"
   90  cd Documents/development/Money-App
   91  cd backend
   92  atom . 
   93  npm 
   94  l
   95  brew install rbeautify
   96  gem install rubocop
   97  bundle 
   98  atom . 
   99  atom 
  100  atom . 
  101  bundler -v
  102  gem install bundler 
  103  rails 
  104  bundler -v
  105  rvm -v
  106  rvm list
  107  bundle
  108  gem install rbeautify
  109  rvm use 2.6.1
  110  gem install rbeautify
  111  bundle
  112  apm install linter-rubocop
  113  rvm use 2.4.5
  114  gem install rubocop
  115  bundle 
  116  rubocop
  117  rubo
  118  rubocop
  119  rvm use 2.4.5 --default 
  120  bundle 
  121  atom . 
  122  gem install rubocop-performance
  123  atom . 
  124  rubocop-performance
  125  rubocop --require rubocop-performance
  126  which rubocop 
  127  ruby -wc
  128  ruby c
  129  ruby 
  130  rubocop --require rubocop-performance
  131  atom . 
  132  gem install rails 
  133  gem install bundler
  134  atom . 
  135  rvm -v
  136  rvm list
  137  rvm use 2.6.1 --default
  138  bundle
  139  rubocop 
  140  rvm 
  141  rvm uninstall 2.4.5
  142  rvm list
  143  rubocop 
  144  bundle
  145  gem install rubocop 
  146  rubocop
  147  bundle
  148  rubocop
  149  bundle
  150  atom .
  151  rails db:drop 
  152  sudo gem install rails 
  153  rails db:drop 
  154  rvm install 2.4.5
  155  rvm reinstall 2.4.5
  156  rvm lsit 
  157  rvm list 
  158  bundle 
  159  rails db:drop 
  160  rvm use 2.4.5
  161  rails db:drop 
  162  rails db:create
  163  rails db:migrate
  164  rails c
  165  rails db:seed
  166  bundle 
  167  rails db:seed
  168  rials s
  169  rails s
  170  bundle 
  171  rails s
  172  git add . 
  173  git commit -m"RESTAPI: JWT authentication "
  174  git push 
  175  rails c 
  176  rvm use 2.4.5
  177  rails c 
  178  git add . 
  179  git commit -m"graphql JWT authenication implemented"
  180  git push 
  181  git add . 
  182  git commit -m"Graph Payment type Int to Float"
  183  git push 
  184  exit 
  185  exit
  186  ls
  187  histroy 
  188  cd Documents/development
  189  ls
  190  cd Money-App
  191  ls
  192  cd backend
  193  ls
  194  rials s
  195  rails s
  196  netstat 
  197  ced ..
  198  cd .. 
  199  ls
  200  k 
  201  killall 
  202  ls
  203  cd Documents/development/Money-App
  204  flutter 
  205  brew install flutter 
  206  brew 
  207  brew search flutter 
  208  brew tap MiderWong/flutter
  209  brew install flutte 
  210  brew install flutter 
  211  ls
  212  reset 
  213  rails 
  214  rake _T
  215  rake -T
  216  cd backend
  217  rails 
  218  gem install graphql
  219  rails 
  220  rails g 
  221  rails g graphql:mutation create_user
  222  ls
  223  rails g graphql:object UserInputType
  224  netstat 
  225  cd ~/development
  226  flutter
  227  cd ~
  228  LS
  229  nano .bash_profile
  230  atom .
  231  atom .bash_profile
  232  curl "https://raw.githubusercontent.com/flatiron-school/dotfiles/master/bash_profile" -o "$HOME/.bash_profile"
  233  s
  234  cd Documents/development
  235  ls
  236  unzip /Users/serpentz/Downloads/flutter_macos_v1.2.1-stable.zip
  237  flutter 
  238  cd ..
  239  flutter doctor 
  240  ./flutter doctor 
  241  sudo ./flutter doctor 
  242  gl
  243  source .bash_profile
  244  source ~.bash_profile
  245  source ~/.bash_profile
  246  cd ..
  247  exit
  248  echo 
  249  echo $FLUTTE_PATH
  250  echo $FLUTTER_PATH
  251  echo PATH
  252  echo $PATH
  253  echo $FLUTTER_PATH
  254  echo $NODE_PATH
  255  echo $PATH
  256  cd Documents/development
  257  cd ..
  258  flutter
  259  flutter doctor 
  260  open -a Simulator 
  261  flutter doctor 
  262  flutter doctor --android-licenses
  263  curl -o- https://raw.githubusercontent.com/creationix/nvm/v0.33.2/install.sh | bash
  264  node
  265  echo 'export NVM_DIR="$HOME/.nvm"' >> ~/.bash_profile
  266  source ~/.bash_profile
  267  exit
  268  sd
  269  sdcard
  270  nvm 
  271  nvm install node 
  272  node 
  273  nvm use node &&\nnvm alias default node
  274  npm 
  275  cd Documents
  276  development
  277  cd ~
  278  flutter
  279  cd develop
  280  cd Documents/development
  281  flutter
  282  cd ..
  283  flutter doctor 
  284  cd development
  285  ls
  286  cd flutter
  287  las
  288  ls
  289  bin/flutter
  290  pwd
  291  cd ..
  292  finder . 
  293  pwd
  294  cd ..
  295  ls
  296  cd Library
  297  ls
  298  pwd
  299  cd ~
  300  atom .bash_profile 
  301  flutter
  302  source .bash_profile 
  303  echo $path
  304  flutter
  305  echo $path
  306  source ~/.bash_profile
  307  exit
  308  echo $path
  309  ECHO
  310  ECHO $FLUTTER_PATH
  311  ECHO $PATH
  312  cd Documents/development
  313  ls
  314  cd Money-App
  315  cd backend
  316  ls
  317  atom . 
  318  pwd
  319  cd /Users/serpentz/Documents/development/Money-App/backend
  320  rails s 
  321  killall Ruby
  322  killall .rb
  323  killall ruby
  324  killall Puma
  325  killall puma
  326  ps
  327  pstree 
  328  ps
  329  top 
  330  kill 73512
  331  rails s 
  332  pnice
  333  nice
  334  flutter
  335  nano 
  336  nano .bash_profile
  337  echo $PATH
  338  which ruby
  339  flutter
  340  flutter\\n\\n/
  341  npm i flutter
  342  npm install create-react-app
  343  npm i 
  344  npm install create-react-app -g
  345  nano .bash_profile
  346  flutter
  347  exit
  348  flutter
  349  echo Path
  350  ECHO PATH
  351  ECHO $PATH
  352  atom .bash_profile
  353  ruby
  354  exit
  355  npm 
  356  rails
  357  flutter
  358  exit
  359  flex++
  360  echo $path
  361  cd .
  362  cd ..
  363  l
  364  npm 
  365  echo $path
  366  source  .bash_profile 
  367  flutter
  368  cd ..
  369  cd serpentz
  370  l
  371  cd ..
  372  cd serpentz
  373  cd Library/
  374  cd ..
  375  l
  376  export PATH=`pwd`/flutter/bin:$PATH
  377  flutter
  378  cd ..
  379  flutter
  380  cd..
  381  cd ..
  382  atom .zshrc
  383  flutter
  384  dp
  385  cd Documents/development
  386  cd Money-App
  387  cd backend
  388  ls
  389  rails sw
  390  rails s
  391  ls -lsh
  392  l
  393  clear
  394  dp
  395  pd
  396  bp
  397  echo bp
  398  echo $usr
  399  echo $NODE_PATH
  400  $NODE_PATH
  401  ls
  402  cd Documents
  403  ls
  404  cd development
  405  ls
  406  mkdir Neo4j && cd Neo4j
  407  ls
  408  mkdir server
  409  cd server
  410  npm init
  411  ls
  412  cd .. 
  413  ls
  414  cd server
  415  ls
  416  npm i express --save 
  417  npm i body-parser --save 
  418  npm i ejs --save 
  419  npm i morgan --save 
  420  npm i neo-driver --save 
  421  npm i neo4j-driver --save 
  422  ls
  423  touch index.js
  424  ls
  425  atom . 
  426  ls
  427  cd  Documents
  428  ls
  429  cd development
  430  ks
  431  ls
  432  cd Te
  433  cd Test
  434  ls
  435  gcl https://github.com/neo4j-examples/neo4j-movies-template.git
  436  ls
  437  cd neo4j-movies-template/
  438  ls
  439  cd api
  440  ls
  441  node app.js
  442  npm i 
  443  ls
  444  node app.js
  445  echo $NVM_CD_FLAGS
  446  export NEO4J_HOME=/path/to/neo4j-community
  447  echo $NEO4J_HOME
  448  ls
  449  node app.js
  450  cd..
  451  cd .. 
  452  ls
  453  cd web
  454  npm i 
  455  npm start
  456  cd .. 
  457  cd test
  458  ls
  459  cd ..
  460  cd .. 
  461  cd Test
  462  ls
  463  cd neo4j-movies-template/
  464  ls
  465  ./add_constraint_neo4j.sh
  466  sudo ./add_constraint_neo4j.sh
  467  sudo add_constraint_neo4j.sh
  468  sudo \add_constraint_neo4j.sh
  469  echo $NEO4J_HOME
  470  echo $NEO4J_HOME = ""
  471  echo $NEO4J_HOME
  472  ls
  473  cd web/config
  474  l
  475  copy config/settings.example.js config/settings.js
  476  atom . 
  477  npm start
  478  cd ..
  479  cd .
  480  cd ..
  481  atom  .
  482  npm start
  483  export MOVIE_DATABASE_PASSWORD=toor
  484  export MOVIE_DATABASE_USERNAME=Neo4js
  485  npm start
  486  node app.js
  487  export MOVIE_DATABASE_PASSWORD=toor 
  488  export MOVIE_DATABASE_USERNAME=Neo4js 
  489  npm start
  490  export MOVIE_DATABASE_USERNAME=neo4j
  491  npm start
  492  node app.js
  493  cd~
  494  cd ~
  495  ls
  496  cd Library
  497  ls
  498  echo NEO4J_HOME
  499  echo $NEO4J_HOME
  500  cd ..
  501  ls
  502  l
  503  history
  504  export NEO4J_HOME=/Users/serpentz/Library/Application Support/Neo4j Desktop/Application/neo4jDatabases/database-7aeb04b4-04c8-42bf-9b41-fb23d43a152e/installation-3.5.3
  505  atom .bash_profile
  506  echo $NEO4J_HOME
  507  cd ..
  508  $NEO4J_HOME/bin/neo4j-import --into $NEO4J_HOME/data/databases/graph.db --nodes:Person csv/person_node.csv --nodes:Movie csv/movie_node.csv --nodes:Genre csv/genre_node.csv --nodes:Keyword csv/keyword_node.csv --relationships:ACTED_IN csv/acted_in_rels.csv --relationships:DIRECTED csv/directed_rels.csv --relationships:HAS_GENRE csv/has_genre_rels.csv --relationships:HAS_KEYWORD csv/has_keyword_rels.csv --relationships:PRODUCED csv/produced_rels.csv --relationships:WRITER_OF csv/writer_of_rels.csv --delimiter ";" --array-delimiter "|" --id-type INTEGER
  509  echo $NEO4J_HOME
  510  export NEO$J_HOME=/Users/serpentz/Library/Application Support/Neo4j Desktop/Application/neo4jDatabases/database-7aeb04b4-04c8-42bf-9b41-fb23d43a152e/installation-3.5.3
  511  export NEO$J_HOME="/Users/serpentz/Library/Application Support/Neo4j Desktop/Application/neo4jDatabases/database-7aeb04b4-04c8-42bf-9b41-fb23d43a152e/installation-3.5.3"
  512  export NEO4J_HOME=/Users/serpentz/Library/Application Support/Neo4j Desktop/Application/neo4jDatabases/database-7aeb04b4-04c8-42bf-9b41-fb23d43a152e/installation-3.5.3
  513  export NEO4J_HOME="/Users/serpentz/Library/Application Support/Neo4j Desktop/Application/neo4jDatabases/database-7aeb04b4-04c8-42bf-9b41-fb23d43a152e/installation-3.5.3"
  514  $NEO4J_HOME
  515  cd ..
  516  cd ~/Documents/development/
  517  cd Test
  518  ls
  519  cd neo4j-movies-template
  520  ls
  521  $NEO4J_HOME/bin/neo4j-import --into $NEO4J_HOME/data/databases/graph.db --nodes:Person csv/person_node.csv --nodes:Movie csv/movie_node.csv --nodes:Genre csv/genre_node.csv --nodes:Keyword csv/keyword_node.csv --relationships:ACTED_IN csv/acted_in_rels.csv --relationships:DIRECTED csv/directed_rels.csv --relationships:HAS_GENRE csv/has_genre_rels.csv --relationships:HAS_KEYWORD csv/has_keyword_rels.csv --relationships:PRODUCED csv/produced_rels.csv --relationships:WRITER_OF csv/writer_of_rels.csv --delimiter ";" --array-delimiter "|" --id-type INTEGER
  522  export NEO4J_HOME="/Users/serpentz/Library/Application Support/Neo4j Desktop/Application/neo4jDatabases/database-7aeb04b4-04c8-42bf-9b41-fb23d43a152e/installation-3.5.3"
  523  echo $NEO4J_HOME
  524  cd $NEO4J_HOME
  525  ls
  526  cd data
  527  ls
  528  cd ..
  529  cd ~
  530  $NEO4J_HOME/bin/neo4j-import --into $NEO4J_HOME/data/databases/graph.db --nodes:Person csv/person_node.csv --nodes:Movie csv/movie_node.csv --nodes:Genre csv/genre_node.csv --nodes:Keyword csv/keyword_node.csv --relationships:ACTED_IN csv/acted_in_rels.csv --relationships:DIRECTED csv/directed_rels.csv --relationships:HAS_GENRE csv/has_genre_rels.csv --relationships:HAS_KEYWORD csv/has_keyword_rels.csv --relationships:PRODUCED csv/produced_rels.csv --relationships:WRITER_OF csv/writer_of_rels.csv --delimiter ";" --array-delimiter "|" --id-type INTEGER
  531  $NEO4J_HOME
  532  cd ~/Documents/development/Test/neo4j-movies-template
  533  $NEO4J_HOME/bin/neo4j-import --into $NEO4J_HOME/data/databases/graph.db --nodes:Person csv/person_node.csv --nodes:Movie csv/movie_node.csv --nodes:Genre csv/genre_node.csv --nodes:Keyword csv/keyword_node.csv --relationships:ACTED_IN csv/acted_in_rels.csv --relationships:DIRECTED csv/directed_rels.csv --relationships:HAS_GENRE csv/has_genre_rels.csv --relationships:HAS_KEYWORD csv/has_keyword_rels.csv --relationships:PRODUCED csv/produced_rels.csv --relationships:WRITER_OF csv/writer_of_rels.csv --delimiter ";" --array-delimiter "|" --id-type INTEGER
  534  java -version
  535  $NEO4J_HOME/bin/neo4j-import --into $NEO4J_HOME/data/databases/graph.db --nodes:Person csv/person_node.csv --nodes:Movie csv/movie_node.csv --nodes:Genre csv/genre_node.csv --nodes:Keyword csv/keyword_node.csv --relationships:ACTED_IN csv/acted_in_rels.csv --relationships:DIRECTED csv/directed_rels.csv --relationships:HAS_GENRE csv/has_genre_rels.csv --relationships:HAS_KEYWORD csv/has_keyword_rels.csv --relationships:PRODUCED csv/produced_rels.csv --relationships:WRITER_OF csv/writer_of_rels.csv --delimiter ";" --array-delimiter "|" --id-type INTEGER
  536  java -v
  537  java -version 
  538  which java
  539  java -version 
  540  java
  541  /usr/libexec/java_home -V
  542  sudo nano ~/.bash_profile
  543  atom .bash_profile
  544  java -version 
  545  atom .bash_profile
  546  echo $JAVA_HOME
  547  source .bash_profile
  548  java -version
  549  java
  550  which java
  551  /usr/libexec/java_home -V
  552  exit
  553  $JAVA_HOME
  554  LS $JAVA_HOME
  555  echo $JAVA_HOME
  556  atom . 
  557  atom .bash_profile
  558  cd /Library/Java/JavaVirtualMachines/
  559  ls
  560  cd jdk1.8.0_211.jdk
  561  cd Contents
  562  l
  563  cd Home
  564  ls
  565  export JAVA_HOME=/Library/Java/JavaVirtualMachines/jdk1.8.0_211.jdk/Contents/Home
  566  echo $JAVA_HOME
  567  java -version 
  568  cd Documents/development/Test/neo4j-movies-template
  569  $NEO4J_HOME/bin/neo4j-import --into $NEO4J_HOME/data/databases/graph.db --nodes:Person csv/person_node.csv --nodes:Movie csv/movie_node.csv --nodes:Genre csv/genre_node.csv --nodes:Keyword csv/keyword_node.csv --relationships:ACTED_IN csv/acted_in_rels.csv --relationships:DIRECTED csv/directed_rels.csv --relationships:HAS_GENRE csv/has_genre_rels.csv --relationships:HAS_KEYWORD csv/has_keyword_rels.csv --relationships:PRODUCED csv/produced_rels.csv --relationships:WRITER_OF csv/writer_of_rels.csv --delimiter ";" --array-delimiter "|" --id-type INTEGER
  570  history 
  571  export NEO4J_HOME="/Users/serpentz/Library/Application Support/Neo4j Desktop/Application/neo4jDatabases/database-7aeb04b4-04c8-42bf-9b41-fb23d43a152e/installation-3.5.3"
  572  $NEO4J_HOME/bin/neo4j-import --into $NEO4J_HOME/data/databases/graph.db --nodes:Person csv/person_node.csv --nodes:Movie csv/movie_node.csv --nodes:Genre csv/genre_node.csv --nodes:Keyword csv/keyword_node.csv --relationships:ACTED_IN csv/acted_in_rels.csv --relationships:DIRECTED csv/directed_rels.csv --relationships:HAS_GENRE csv/has_genre_rels.csv --relationships:HAS_KEYWORD csv/has_keyword_rels.csv --relationships:PRODUCED csv/produced_rels.csv --relationships:WRITER_OF csv/writer_of_rels.csv --delimiter ";" --array-delimiter "|" --id-type INTEGER
  573  cd  /Users/serpentz/Library/Application Support/Neo4j Desktop/Application/neo4jDatabases/database-7aeb04b4-04c8-42bf-9b41-fb23d43a152e/installation-3.5.3
  574  cd $NEO4J_HOME
  575  /Users/serpentz/Library/Application Support/Neo4j Desktop/Application/neo4jDatabases
  576  cd /Users/serpentz/Library/Application\/  Support/Neo4j Desktop/Application/neo4jDatabases
  577  cd /Users/serpentz/Library/Application\ /Support/Neo4j Desktop/Application/neo4jDatabases
  578  /Users/serpentz/Library/Application Support/Neo4j Desktop/Application/neo4jDatabases
  579  cd $NEO4J_HOME
  580  cd /Users/serpentz/Library/
  581  cd ..
  582  cd Documents/development/Money-App
  583  backend/ls
  584  backend
  585  ls
  586  touch script.sh
  587  nano script.sh
  588  script
  589  ./script.sh
  590  sudo ./script.sh
  591  atom script.sh
  592  script
  593  sudo ./script.sh
  594  chmod -a script.sh
  595  sudo chmod -a script.sh
  596  script.sh
  597  chmod u-x script.sh
  598  script
  599  script.sh
  600  chmod u+x script.sh
  601  script.sh
  602  l
  603  ./script.sh
  604  atom typescript
  605  git push 
  606  ./script.sh
  607  git add . 
  608  git commit -m"bash script execution"
  609  atom README.md
  610  touch .travis.yml
  611  git init
  612  git status
  613  git add .
  614  git status
  615  git commit -m"init"
  616  git push https://github.com/serpentz/money_app_backend.git
  617  git status
  618  git add . 
  619  gcam "travis.yml"
  620  git push 
  621  git add . 
  622  git commit -m"travis: added before install bash commands"
  623  git push 
  624  git add . 
  625  git commit -m"travis 1.0.1"
  626  git push 
  627  git add . 
  628  git commit -m"travis 1.0.2"
  629  git push 
  630  git add . 
  631  git commit -m"travis 1.0.2"
  632  git commit -m"travis 1.0.3"
  633  gp
  634  git add . 
  635  git commit -m"travis 1.0.3"
  636  gp
  637  git add . 
  638  git commit -m"travis 1.0.4"
  639  gp
  640  git add . 
  641  git commit -m"travis: successful build "
  642  gp 
  643  git add . 
  644  git commit -m"Read Me update "
  645  git push 
  646  bundle 
  647  reset
  648  cd Documents/development/Money-App/backend
  649  ls
  650  rails g 
  651  rails apidoco payment
  652  rails g apidoco payment
  653  rails s
  654  rails d apidoco payment
  655  rails s
  656  cd ~
  657  cd /
  658  ls
  659  cd /etc/hosts
  660  cd etc
  661  ls
  662  cd paths.d
  663  l
  664  ls
  665  cd ..
  666  l
  667  cd paths
  668  atom .paths
  669  atom paths
  670  atom hosts
  671  rails s
  672  atom hosts
  673  rails s
  674  atom hosts
  675  rails s
  676  rails g apidoco api/v1/payment
  677  rails d apidoco api/v1/payment
  678  rails g apidoco api/v1/payments
  679  rails s
  680  cd ~
  681  cd Downloads
  682  $ ./ngrok authtoken 3pMsK6A16dnVY18zanXLY_2yV1U4JmNyqmzahQK3GKS\n
  683  ./ngrok help
  684  ./ngrok http 80
  685  rails s -p 80
  686  sudo rails s -p 80
  687  sudo rails s
  688  rails s
  689  ./ngrok http 3000
  690  cd ../../
  691  ls
  692  mkdir nappa_slack_bot
  693  cd nappa_slack_bot
  694  npm init
  695  atom . 
  696  npm i 
  697  touch index.js
  698  atom . 
  699  reset
  700  ls
  701  node inex.js
  702  node index.js
  703  ./ngrok http 3000
  704  node index.js
  705  clear
  706  node index.js
  707  clear
  708  node index.js
  709  git add .
  710  l
  711  git init
  712  git add .
  713  git commit -m"init"
  714  git push https://github.com/serpentz/NappaSlackBot.git
  715  npm install --save gh-pages
  716  git add . 
  717  git commit -m"gh-pages installation"
  718  git push 
  719  npm run deploy
  720  npm run gh-pages
  721  npm i 
  722  npm run gh-pages
  723  gp-pages
  724  npm run gp-pages -d build
  725  npm deploy
  726  npm run deploy
  727  node index.js
  728  clear
  729  ls
  730  npm install -g firebase-tools
  731  ls
  732  cd ..
  733  ls
  734  cd Documents/development/nappa_slack_bot
  735  cd .. 
  736  ls
  737  l
  738  mkdir nappa_bot
  739  cd nappa_bot
  740  firebase init
  741  firebase login 
  742  ls
  743  firebase init
  744  ls
  745  firebase init
  746  ls
  747  rm -f firebase.json public
  748  rm -f firebase.json 
  749  l
  750  rm public
  751  rm public/*
  752  ls
  753  rm -r public
  754  ls
  755  firebase init functions
  756  firebase init hosting
  757  ls
  758  atom . 
  759  rm -r public
  760  rm -r *
  761  ls
  762  firebase init hosting
  763  firebase init functions
  764  npm i 
  765  firebase serve
  766  npm i 
  767  firebase serve
  768  cd  functions
  769  npm i 
  770  cd ..
  771  ls
  772  firebase dploy 
  773  firebase deploy 
  774  firebase serve
  775  firebase deploy 
  776  cd functions
  777  firebase deploy 
  778  firebase serve
  779  cd ..
  780  firebase serve
  781  firebase deploy 
  782  ./ngrok http 5000
  783  firebase serve
  784  npm install --save firebase
  785  firebase deploy 
  786  cd functions
  787  ls
  788  npm install --save firebase
  789  cd ..
  790  firebase deploy 
  791  cd functions
  792  firebase deploy 
  793  cd ..
  794  firebase deploy 
  795  node -v 
  796  cd functions
  797  ls
  798  node inspect index.js
  799  node --inspect index.js
  800  node index.js
  801  cd ..
  802  firebase serve
  803  reset
  804  firebase serve\\n\\n/
  805  firebase serve
  806  clear
  807  firebase serve
  808  clear 
  809  firebase serve
  810  clear
  811  firebase serve
  812  firebase deploy 
  813  cd functions
  814  firebase deploy 
  815  firebase serve
  816  cd ..
  817  firebase serve
  818  clear
  819  firebase serve
  820  clear
  821  firebase serve
  822  firebase deploy
  823  \n firebase deploy --only functions:app
  824  firebase deploy
  825  git init
  826  git add . 
  827  git commit -m"Hosted Nappa slackbot"
  828  git push https://github.com/serpentz/NappaSlackBot.git
  829  git push --set-upstream https://github.com/serpentz/NappaSlackBot.git master
  830  git add . 
  831  git commit -m"Hosted Nappa slackbot"
  832  git push https://github.com/serpentz/deployed_nappa_slackbot.git
  833  cd ..
  834  ls
  835  clear 
  836  cd nappa_bot
  837  ls
  838  ls 
  839  cd Documents/development/nappa_bot
  840  l
  841  atom . 
  842  cd ..
  843  cd Documents
  844  lsa
  845  cd development
  846  mkdir issac
  847  cd issac
  848  ls
  849  l
  850  git pull https://github.com/Kalmane3/Hello-World.git
  851  gp https://github.com/Kalmane3/Hello-World.git
  852  git pull https://github.com/Kalmane3/Hello-World.git
  853  mkdir Hello-World
  854  cd Hello-World
  855  git init 
  856  git add  . 
  857  git commit -m"init"
  858  git pull https://github.com/Kalmane3/Hello-World.git
  859  l
  860  create-react-app memers
  861  ls
  862  cd memers
  863  atom . 
  864  npm start 
  865  l
  866  ls
  867  git add , 
  868  git add .
  869  git commiy -m"memers"
  870  git commit -m"memers"
  871  git push 
  872  git push https://github.com/Kalmane3/Hello-World.git
  873  git push --set-upstream https://github.com/Kalmane3/Hello-World.git master
  874  git config --global --unset-all
  875  git config --unset-all
  876  git status 
  877  gp 
  878  git push --set-upstream https://github.com/Kalmane3/Hello-World.git master
  879  cd ..
  880  ls
  881  cd .. 
  882  ls
  883  ls 
  884  mkdir vegeta_bot
  885  cd vegeta_bot/\\n/
  886  ls
  887  firebase init 
  888  ls
  889  firebase init 
  890  ls
  891  l
  892  ls
  893  l
  894  ls
  895  cd isaac
  896  cd serpentez
  897  cd
  898  ld
  899  ls
  900  clear
  901  cd Documents
  902  ls
  903  l
  904  cd development
  905  ls
  906  cd vegeta_bot
  907  ls
  908  ssh -i "ipa.pem" ubuntu@ec2-54-157-43-171.compute-1.amazonaws.com
  909  sudo chmod 400 demo.pem
  910  ssh -i "demo.pem" ec2-user@ec2-34-205-71-127.compute-1.amazonaws.com
  911  ls
  912  cd ..
  913  ls
  914  cd n
  915  cd nappa_bot
  916  ls
  917  git remote -v
  918  git status
  919  git remote -a
  920  git remote get-url 
  921  git remote get-url -a
  922  git remote get-url -all
  923  git remote get-url --all
  924  git remote get-url --push
  925  git remote get-url 
  926  git remote get-url --push
  927  git remote --push
  928  git remote -v 
  929  ls
  930  atom . 
  931  ssh -i "demo.pem" ec2-user@ec2-34-205-71-127.compute-1.amazonaws.com
  932  ssh  ec2-user@ec2-34-205-71-127.compute-1.amazonaws.com
  933  ssh -i "demo.pem" ec2-user@ec2-34-205-71-127.compute-1.amazonaws.com
  934  cd ..
  935  cd nappa_bot
  936  ls
  937  atom . 
  938  firebase deploy 
  939  l
  940  flutter
  941  cd StudioProjects
  942  flutter
  943  ls
  944  cd Documents/development/nappa_bot
  945  git add . 
  946  git commit -m"linting "
  947  git push 
  948  firebase deploy 
  949  ls
  950  gp-pages
  951  gh-pages
  952  npm i gh-pages -g
  953  gp-pages
  954  gh-pages
  955  cd ..
  956  cd ../
  957  ls
  958  cd ..
  959  cd  Downloads
  960  ls
  961  cd startbootstrap-new-age-gh-pages
  962  git init 
  963  git add . 
  964  git commit -m"template layout"
  965  git push https://github.com/serpentz/Landing-Page-Nappa-Bot.git
  966  ls
  967  git status
  968  npm i 
  969  npm run deploy 
  970  gh-pages deploy 
  971  gh-pages -d build  
  972  npm i --save gh-pages
  973  gh-pages -d build  
  974  atom . 
  975  npm star 
  976  npm star t
  977  npm start
  978  npm deploy
  979  npm run deploy
  980  npm i startbootstrap --save
  981  npm run deploy
  982  /Users/serpentz/Downloads/Bukku\ Free\ Website\ Template\ -\ Free-CSS.com/Bukku
  983  ls 
  984  firebase init hosting 
  985  cd ..
  986  cd .
  987  cd .. 
  988  ls
  989  cd Do
  990  cd Downloads
  991  cd Avengers\ Endgame\ 2019\ NEW\ 720p\ 
  992  cd ../Documents/development
  993  ls
  994  git pull 
  995  ls
  996  sl
  997  ls
  998  l
  999  cd Documents/development
 1000  ls
 1001  git pull https://github.com/serpentz/Landing-Page-Nappa-Bot.git
 1002  git clone  https://github.com/serpentz/Landing-Page-Nappa-Bot.git
 1003  cd Landing-Page-Nappa-Bot
 1004  ls
 1005  rm *
 1006  ls
 1007  rm -r  *
 1008  ls
 1009  git add . 
 1010  git commit -m"PURGE"
 1011  git push 
 1012  atom . 
 1013  git commit -m"rebirth"
 1014  git add . 
 1015  git commit -m"rebirth"
 1016  git push
 1017  git add . 
 1018  git commit -m"background style change"
 1019  gp 
 1020  git pull 
 1021  git status
 1022  gp
 1023  git status
 1024  git add  . 
 1025  git commit -m"background styling"
 1026  git push 
 1027  git init
 1028  git add . 
 1029  git commit -m"init"
 1030  git push https://github.com/serpentz/NappaLandingPage.git
 1031  git add , 
 1032  git add . 
 1033  git commit -m"background css changed "
 1034  git push 
 1035  git push https://github.com/serpentz/NappaLandingPage.git
 1036  git remote add https://github.com/serpentz/NappaLandingPage.git real 
 1037  git remote
 1038  gir remote add 
 1039  git remote add 
 1040  git remote add -m real https://github.com/serpentz/NappaLandingPage.git
 1041  git remote add real https://github.com/serpentz/NappaLandingPage.git
 1042  git remote -a 
 1043  git remote -v
 1044  git push real 
 1045  gh-pages deploy -d
 1046  gh-pages deploy
 1047  git add , 
 1048  git add . 
 1049  git commit -m"background"
 1050  git push real 
 1051  gem install httpserver
 1052  httpserver index.html
 1053  git add . 
 1054  git commit -m"homepage adjustment"
 1055  git branch show
 1056  git branch -a
 1057  git push real show
 1058  ls
 1059  git branch -a
 1060  ls
 1061  js
 1062  cd ..
 1063  ls
 1064  git add  .
 1065  git commit -m"changes"
 1066  git push 
 1067  git push eral 
 1068  git push real 
 1069  gp https://github.com/serpentz/NappaLandingPage.git master
 1070  cd Documents/development/nappa_bot
 1071  ls
 1072  atom . 
 1073  ls
 1074  atom . 
 1075  git status 
 1076  git add . 
 1077  git commit -m"hero adjustment"
 1078  git remote -a
 1079  git remote -v
 1080  gp real 
 1081  gcam "finished product"
 1082  git push real 
 1083  git status 
 1084  git add . 
 1085  git status 
 1086  gcam "added images"
 1087  git push real 
 1088  ls
 1089  cd ..
 1090  ls
 1091  cd Test/
 1092  ls
 1093  mkdir TestNode
 1094  ls
 1095  cd TestNode
 1096  ls
 1097  touch index.js
 1098  ls
 1099  atom . 
 1100  node index.js
 1101  ls
 1102  npm init
 1103  npm i 
 1104  node index.js
 1105  npm install node-fetch --save
 1106  ls
 1107  node index.js
 1108  node inspect index.js
 1109  ls
 1110  npm install express --save 
 1111  node index.js
 1112  ls 
 1113  cd ..
 1114  ls
 1115  cd ..
 1116  ls
 1117  create-react-app ReliefDash
 1118  create-react-app relief_dash
 1119  cleR
 1120  CLEAR
 1121  atom . 
 1122  cd relief_dash
 1123  ls
 1124  atom . 
 1125  npm start 
 1126  gcam "HTML -> React.js"
 1127  gp https://github.com/serpentz/relief_dash.git
 1128  touch .travis.yml
 1129  node -v
 1130  git add . 
 1131  git commit -m"travis integreation 1.0"
 1132  git status
 1133  gp 
 1134  gcam "fixed test file of App.test.js"
 1135  gp 
 1136  git add . 
 1137  git commit -m"successful travis integration"
 1138  gp 
 1139  clear 
 1140  git pull 
 1141  npm install --save react-redux
 1142  npm install --save redux-thunk
 1143  dotnet
 1144  reset 
 1145  dotnet
 1146  source ~/.bash_profile
 1147  dotnet
 1148  ls
 1149  cd Documents/development
 1150  gc git@github.com:TiconLabs/Sba-Server.git
 1151  gc https://github.com/TiconLabs/Sba-Server.git
 1152  git clone https://github.com/TiconLabs/Sba-Server.git
 1153  git clonec git@github.com:TiconLabs/Sba-Server.git
 1154  git clone git@github.com:TiconLabs/Sba-Server.git
 1155  ls 
 1156  cd Sba-Server
 1157  dotnet run 
 1158  ls
 1159  cd SBA
 1160  ls
 1161  dotnet run 
 1162  ls 
 1163  cd ..
 1164  rails new --api sba_backend --database=postresql
 1165  rails new --api sba_backend --database=postgresql
 1166  ls
 1167  cd sba_backend
 1168  rails g scaffold user name:string username password_digest email 
 1169  atom . 
 1170  la
 1171  ls
 1172  git add . 
 1173  git commit -m"rails new"
 1174  git remote -v
 1175  ls
 1176  cd .. 
 1177  ls
 1178  cd relief_dash
 1179  ls
 1180  npm start 
 1181  npm install --save redux 
 1182  npm star 
 1183  npm star t
 1184  npm start
 1185  atom . 
 1186  clear 
 1187  npm start 
 1188  npm install --save react-router-dom 
 1189  npm start 
 1190  git add . 
 1191  git commit -m "react-router-dom basic implementation"
 1192  gp 
 1193  npm start 
 1194  git add . 
 1195  git commit -m "react router prototype"
 1196  gp 
 1197  npm start 
 1198  git status
 1199  git add . 
 1200  git commit -m"travis 1.0.0"
 1201  gp 
 1202  git add . 
 1203  gcam "removed bug on App.test.js"
 1204  gp 
 1205  ls 
 1206  cd Documents/development/
 1207  ks
 1208  ls
 1209  git clone https://github.com/TiconLabs/sba_server.git
 1210  ls
 1211  rm sba_backend
 1212  rm -r sba_backend
 1213  ls
 1214  rm -f sba_backend
 1215  rm -r sba_backend
 1216  ls
 1217  cd sba_server
 1218  ls
 1219  git branch dev
 1220  git checkout dev 
 1221  ls
 1222  rails db:create
 1223  bundle install 
 1224  git add  . 
 1225  git commit -m"remove test script "
 1226  rails g scaffold user 
 1227  atom . 
 1228  rails s
 1229  rails db:create
 1230  rails db:migrate
 1231  rails s
 1232  git branch -a 
 1233  rails d scaffold user 
 1234  git add . 
 1235  git commit "dev"
 1236  git commit -m "dev"
 1237  gp 
 1238  clear
 1239  rails g scaffold user email password_digest status address firebase_token 
 1240  ls
 1241  git add . 
 1242  git commit -m"added user model"
 1243  gp
 1244  rails g scaffold notification title text label
 1245  rails g scaffold item serial_number brand comments image_url
 1246  rails g scaffold notification_users belongs_to:user belongs_to:notification 
 1247  clear 
 1248  npm install --save firebase 
 1249  npx
 1250  clear 
 1251  ls
 1252  rails d scaffold notification_users belongs_to:user belongs_to:notification
 1253  ls
 1254  clear 
 1255  rails g scaffold UserNotification
 1256  cd Documents/development/relief_dash
 1257  npm start 
 1258  gcam "react router dom fully implemented with swith route case"
 1259  gp 
 1260  ls
 1261  rials db:migrate 
 1262  rails db:create 
 1263  rails db:migrate 
 1264  rials db:reset
 1265  rails db:reset
 1266  rails db:migrate
 1267  claer 
 1268  clear 
 1269  rails s 
 1270  rails c 
 1271  rails db:drop 
 1272  rails db:reset 
 1273  rails db:migrate 
 1274  clea r
 1275  clae 
 1276  clear 
 1277  rails db:reset
 1278  rails s
 1279  rails db:reset
 1280  rails s
 1281  rails g scoffold agent email password_digest
 1282  rails g scaffold agent email password_digest
 1283  ls
 1284  rails db:drop
 1285  rails db:create
 1286  ls
 1287  rails db:migrate 
 1288  clear 
 1289  rails db:drop
 1290  rails db:create
 1291  rails db:migrate 
 1292  bundle 
 1293  rails g 
 1294  rails g serializer agent
 1295  rails g serializer usesr
 1296  rails d serializer usesr
 1297  rails g serializer user
 1298  rails g serializer item
 1299  bundle 
 1300  rails db:drop 
 1301  rails db:create 
 1302  rails db:migrate 
 1303  rails db:seed 
 1304  rails s
 1305  rails db:seed
 1306  rails db:drop 
 1307  rails db:create 
 1308  rails db:migrate 
 1309  rails db:seed
 1310  rake db:reset
 1311  rails s 
 1312  rails s
 1313  rails c
 1314  rails ss
 1315  rails s
 1316  heroku 
 1317  git add . 
 1318  git commit -m"heroku ready "
 1319  gp 
 1320  git pull 
 1321  git push 
 1322  git add . 
 1323  git commit -m "heroku ready"
 1324  gp 
 1325  git checkout master
 1326  git merge dev
 1327  ls
 1328  git add . 
 1329  rails  s
 1330  git checkout HEAD -- Gemfile.lock
 1331  rails s
 1332  ls
 1333  rails s
 1334  bundl e
 1335  bundle
 1336  rails s
 1337  git add . 
 1338  git commit -m"push"
 1339  gp
 1340  git pull 
 1341  gp
 1342  git pull 
 1343  git add . 
 1344  git commit -m"asdf"
 1345  gp
 1346  brew install heroku 
 1347  railss s
 1348  rails s
 1349  brew tap heroku/brew && brew install heroku
 1350  heroku 
 1351  cd Documents/development/sba_server/
 1352  heroku login -i
 1353  heroku git:remote -a sba-backend
 1354  git push heroku master
 1355  heroku run rails db:migrate
 1356  heroku run rails db:seed
 1357  git push heroku masterheroku logs --tail
 1358  heroku logs --tail
 1359  heroku run rails db:create
 1360  heroku run rails db:reset
 1361  rails s
 1362  git add . 
 1363  gp
 1364  git commit -m"json file mishap"
 1365  gp 
 1366  git push heroku master
 1367  heroku run rails db:seed
 1368  heroku logs --tail
 1369  rails s
 1370  git add . 
 1371  rails s
 1372  git add . 
 1373  git commit -m"fixed active model serializer "
 1374  git push heroku master 
 1375  cd .. 
 1376  git clone https://github.com/EmmanuelOgbewe/Hackathon-Small-Business-App.git
 1377  cd Hackathon-Small-Business-App
 1378  flutter run 
 1379  open -a Simulator 
 1380  flutter run 
 1381  pod setup 
 1382  flutter run 
 1383  atom .
 1384  heroku logs --tail
 1385  node /Users/serpentz/Downloads/samplecode-NODE-c0c3bf\ \(1\)/visa_merchant_offers_resource_center/offers_data_api/src/offers_data_api.js 
 1386  ls 
 1387  cd Documents/development
 1388  ls
 1389  mkdir showcase
 1390  cd showcase
 1391  ls
 1392  git clone https://github.com/serpentz/IronFlow.git
 1393  ls 
 1394  cd IronFlow
 1395  ls
 1396  cd ironflow_backend
 1397  ls
 1398  bundle 
 1399  cd Documents/development/showcase/IronFlow/ironflow_frontend
 1400  nopm i 
 1401  npm i 
 1402  npm start 
 1403  rails s
 1404  npm start 
 1405  rails db:create 
 1406  rails db:drop 
 1407  rails db:create 
 1408  rails db:migrate
 1409  db:seed
 1410  rails db:seed
 1411  rails s 
 1412  cd Documents/development/showcase
 1413  git clone https://github.com/serpentz/theStore.git
 1414  ls 
 1415  cd theStore
 1416  ls
 1417  las 
 1418  asl 
 1419  ls
 1420  la
 1421  ls
 1422  rails db:create
 1423  bundle install
 1424  rails db:create
 1425  rails db:migrate
 1426  ls
 1427  ls 
 1428  cd Documents/development/Money-App
 1429  ls 
 1430  flutter run 
 1431  open -a Simulato r
 1432  open -a Simulator
 1433  flutter run 
 1434  cd ..
 1435  ls
 1436  l
 1437  ls 
 1438  sl 
 1439  ls 
 1440  l 
 1441  ls 
 1442  cd showcase/
 1443  ls 
 1444  netstat
 1445  man tcpdump
 1446  tcpdump -d -i en0
 1447  sudo tcpdump -d -i en0
 1448  man tcpdump
 1449  sudo tcpdump -d -i en0 -f dump.pap
 1450  sudo tcpdump -d -i en0 -f dump
 1451  sudo tcpdump -i en0 -f dump
 1452  sudo tcpdump -i en0 -f
 1453  ls 
 1454  cd // 
 1455  ls
 1456  cd Users/serpentz/Documents/development/showcase
 1457  mkdir deployed
 1458  cd deployed
 1459  ls
 1460  gc https://github.com/serpentz/ironflow_api.git
 1461  git clone https://github.com/serpentz/ironflow_api.git
 1462  ls 
 1463  cd deployed
 1464  ls
 1465  mkdir IronFlow 
 1466  mv ironflow_api IronFlow
 1467  l
 1468  cd IronFlow
 1469  ls
 1470  git clon https://github.com/serpentz/ironflow_react.git
 1471  git clone https://github.com/serpentz/ironflow_react.git
 1472  ls 
 1473  atom ,. 
 1474  atom . 
 1475  cd ironflow_api
 1476  ls
 1477  git remote -v 
 1478  ls 
 1479  rails db:drop 
 1480  rails db:create
 1481  rails db:migrate
 1482  rails db:create
 1483  rails db:seed
 1484  git branch -a 
 1485  rails db:reset
 1486  cd IronFlow/ironflow_react
 1487  npm i 
 1488  npm start
 1489  rails s
 1490  clear 
 1491  cd ../
 1492  ls
 1493  cd ..
 1494  cd .. 
 1495  ls
 1496  cd ..
 1497  mkdir Test
 1498  cd Test
 1499  ls
 1500  ls 
 1501  ls
 1502  rails new spotify_gen
 1503  cd spotify_gen
 1504  rails s 
 1505  clear 
 1506  ls 
 1507  cd ..
 1508  ls
 1509  cd .. 
 1510  ls
 1511  cp 
 1512  cp nappa_slack_bot showcase
 1513  cp nappa_slack_bot/* showcase/nappa_bot
 1514  finder 
 1515  las 
 1516  la 
 1517  l
 1518  la
 1519  ls 
 1520  cd Money-App
 1521  ls
 1522  cd backend
 1523  git remote -v 
 1524  git show
 1525  rails s -p 8000
 1526  ls
 1527  atom . 
 1528  rails s 
 1529  cd ../ironflow_react
 1530  ls
 1531  npm start 
 1532  npm run build 
 1533  serve -s build 
 1534  atom . 
 1535  npm run build 
 1536  serve -s build 
 1537  clear 
 1538  cd ..
 1539  create-react-app trello 
 1540  clear
 1541  cd Documents/development/trello
 1542  atom . 
 1543  cd trello
 1544  ls
 1545  npm start
 1546  cd ..
 1547  ls
 1548  cd nappa_bot
 1549  ls
 1550  l
 1551  cd public
 1552  l
 1553  atom . 
 1554  cd ..
 1555  git add . 
 1556  git commit -m"cash"
 1557  gp
 1558  firebase deploy 
 1559  firebase deploy hosting
 1560  firebase help deploy 
 1561  firebase deploy --only  hosting
 1562  paypal
 1563  firebase deploy --only  hosting
 1564  bd
 1565  abd 
 1566  adb
 1567  abd 
 1568  brew install abd 
 1569  brew cask install android-platform-tools
 1570  `bd \n1`
 1571  ls
 1572  abd 
 1573  adb 
 1574  adb adb tcpip 5555
 1575  adb tcpip 5555
 1576  adb connect 192.168.1.244
 1577  adb connect 192.168.1.244:5555
 1578  adb devices
 1579  adb connect 192.168.1.244:5555
 1580  adb tcpip 5555
 1581  adb kill-server
 1582  adb tcpip 5555
 1583  adb devices
 1584  adb connect 192.168.1.244:5555
 1585  adb devices 
 1586  abd restart-bootloader 
 1587  adb restart-bootloader 
 1588  adb reboot-bootloader
 1589  adb devices 
 1590  adb reboot-bootloader
 1591  adb devices 
 1592  adb tcpip 5555
 1593  adb devices 
 1594  adb connect 192.168.1.244:5555
 1595  adb kill-server
 1596  adb
 1597  adb reconnect offline
 1598  adb devices
 1599  adb connect 192.168.1.244:5555
 1600  adb devices 
 1601  adb tcpip 5555
 1602  adb connect 192.168.1.244:5555
 1603  adb devices
 1604  adb reboot-bootloader
 1605  adb devices
 1606  adb tcpip 5555
 1607  adb devices
 1608  adb connect 192.168.1.14:5555
 1609  adb shell 
 1610  ls 
 1611  adb 
 1612  adb devices
 1613  adb kill-server 
 1614  adb devices
 1615  adb connect 192.168.1.14:5555
 1616  adb devices
 1617  adb reboot 
 1618  adb kill-server 
 1619  adb devices
 1620  adb connect 192.168.1.14:5555
 1621  adb shell netcfg
 1622  l s
 1623  abd 
 1624  adb  
 1625  adb start-server 
 1626  adb deviesr 
 1627  adb devises 
 1628  adb devices 
 1629  adb root
 1630  ls
 1631  cd ..
 1632  cd development
 1633  ls 
 1634  cd nappa_bot
 1635  ls
 1636  cd functions
 1637  atom . 
 1638  cd .. 
 1639  cd ..
 1640  cd nappa_slack_bot
 1641  ls
 1642  atom . 
 1643  ls
 1644  cd ..
 1645  ls
 1646  cd ..
 1647  ls
 1648  cd serpentz 
 1649  ls
 1650  finder . 
 1651  pwd
 1652  LS
 1653  CD Desktop
 1654  ls
 1655  cd Desktop
 1656  ls
 1657  touch cash.html 
 1658  atom cash.html
 1659  touch sent.html
 1660  atom sent.html
 1661  ls
 1662  cd .. 
 1663  ls
 1664  cd Desktop
 1665  LS
 1666  git clone https://git-rba.hackerrank.com/git/bdb3508c-03ac-48f0-9f40-6d417a42bc2d react--form-validation-13i8j4n744q
 1667  cd react--form-validation-13i8j4n744q
 1668  ls
 1669  npm i 
 1670  ls
 1671  atom . 
 1672  npm start 
 1673  npm test
 1674  cd Desktop/react--form-validation-13i8j4n744q
 1675  npm start 
 1676  npm test
 1677  git add . 
 1678  git commit -m"test needs props"
 1679  git push 
 1680  cd ..
 1681  git clone https://git-rba.hackerrank.com/git/977a5f1a-4509-49f5-89bc-3173f05b8457 xss-client-side-prevention-3k9np0042k2
 1682  cd xss-client-side-prevention-3k9np0042k2
 1683  ls
 1684  atom . 
 1685  npm i 
 1686  npm start 
 1687  npm test
 1688  git add . 
 1689  git commit -m "XSS bug fixed w/ innerHTML replacement"
 1690  git push 
 1691  npm start 
 1692  reset
 1693  java
 1694  ls
 1695  cd ..
 1696  ls 
 1697  cd ..
 1698  ls
 1699  cd eclipse
 1700  ls
 1701  cd ..
 1702  ls
 1703  cd eclipse-workspace/
 1704  ls
 1705  cd vhr
 1706  git add . 
 1707  git commit -m "hello"
 1708  git push 
 1709  ls
 1710  reset 
 1711  cd ..
 1712  ls
 1713  cd ..
 1714  ls
 1715  cd  /Users/serpentz/Downloads/war-programming-test
 1716  ls
 1717  cd java/src/main/java/us/knexus/war
 1718  ls
 1719  java 
 1720  maven 
 1721  mvn -version
 1722  java 
 1723  gradle 
 1724  brew install maven 
 1725  maven 
 1726  brew install brew install gradle 
 1727  java -cp 
 1728  javac WarGameTest.java
 1729  php 
 1730  txt
 1731  man php 
 1732  /Users/serpentz/Documents/spiderman.app/Contents/MacOS/startwine ; exit;
 1733  ls
 1734  cd Documents
 1735  ls
 1736  cd development
 1737  ls
 1738  cd Landing-Page-Nappa-Bot
 1739  ls
 1740  git pull 
 1741  atom . 
 1742  ls
 1743  httpserver index.html
 1744  ls
 1745  git branch dev
 1746  git checkout dev
 1747  httpserver index.html
 1748  git btanch -a
 1749  git branch -a
 1750  git checkout dev 
 1751  ls
 1752  git add . 
 1753  git commit -m"final touches "
 1754  git push 
 1755  git push rea; 
 1756  git push real 
 1757  git checkout master 
 1758  git merge real dev 
 1759  git merge dev 
 1760  git push
 1761  git add . 
 1762  git commit -m"travis implementation was unnecessary"
 1763  git push 
 1764  git push real 
 1765  git history 
 1766  git changes 
 1767  git change
 1768  cd ..
 1769  ls
 1770  git add . 
 1771  git commit -m "added correct redirect link"
 1772  git push 
 1773  git push real 
 1774  git push 
 1775  git push real 
 1776  git remote -v
 1777  gp real 
 1778  git pull real 
 1779  git pull real master
 1780  gp 
 1781  ls
 1782  cd .. 
 1783  ls 
 1784  ls
 1785  ;
 1786  l 
 1787  ls
 1788  cd .. 
 1789  netstat 
 1790  ls 
 1791  cd sba_server
 1792  ls
 1793  rails s 
 1794  atom . 
 1795  rails 
 1796  rails test 
 1797  rspec test/controllers/items_controller_test.rb
 1798  gem install rspec 
 1799  rspec test/controllers/items_controller_test.rb
 1800  rails test test/controllers/items_controller_test.rb
 1801  rails test test/controllers/items_controller_test.rb 
 1802  git remote -v
 1803  git update 
 1804  git whatchanged 
 1805  w
 1806  ls 
 1807  heroku 
 1808  heroku run bash 
 1809  ls
 1810  cd .. 
 1811  ls 
 1812  cd .. 
 1813  ls
 1814  cd s
 1815  cd serpentz
 1816  ls
 1817  cd Documents
 1818  ls
 1819  cd development
 1820  ls
 1821  gl git@github.com:Shiz46/Learn_me.git
 1822  git clone git@github.com:Shiz46/Learn_me.git
 1823  ls
 1824  cd L
 1825  cd Learn_me
 1826  ls
 1827  rvm install 2.5.3 
 1828  ruby -v
 1829  bundle install 
 1830  mnnm
 1831  bundle install 
 1832  rails s
 1833  bundle install 
 1834  rails 
 1835  rvm -v
 1836  rvm use 2.5.3
 1837  rails s
 1838  ls
 1839  rails db:creaet 
 1840  rails db:create
 1841  rails db:migrate
 1842  rails s 
 1843  ls
 1844  rails c
 1845  ls
 1846  atom . 
 1847  ls
 1848  rspec test/controllers/quotes_controller_test.rb
 1849  gem install -g rspec 
 1850  gem install rspec 
 1851  gem install -g rspec 
 1852  rspec test/controllers/quotes_controller_test.rb
 1853  rails test test/controllers/quotes_controller_test.rb
 1854  gem install rails_helper
 1855  rails test test/controllers/quotes_controller_test.rb
 1856  rails test 
 1857  clear
 1858  rails test 
 1859  netstat 
 1860  clear 
 1861  ls
 1862  gem install capybara 
 1863  rails g 
 1864  rails -v 
 1865  ls
 1866  rails t 
 1867  gem isntall rspec 
 1868  gem install rspec 
 1869  rails t 
 1870  rspec -init
 1871  rspec --init
 1872  rspec 
 1873  rail g 
 1874  rails g 
 1875  rsepc
 1876  rspec 
 1877  gem install rspec-rails 
 1878  rspec 
 1879  rails generate rspec:install
 1880  bundle 
 1881  rails g 
 1882  rails generate rspec:install
 1883  rspec 
 1884  rails g 
 1885  rails g rspec:feature
 1886  rails generate rspec:feature index
 1887  rspec 
 1888  rspec -fd
 1889  \n\nFinished in 0.02937 seconds (files took 2.22 seconds to load)            
 1890  {}|"}"AZZ
 1891  +}|{`167890-\C 
 1892  LS
 1893  ls 
 1894  rspec -fd
 1895  eeeeeeeeeeeeegggggggdxcxcxccxddffxfcxf xcxcxsdcfdxcf
 1896  HEROKU APPS
 1897  heroku apps 
 1898  heroku info 
 1899  cd .. 
 1900  ls
 1901  heroku info 
 1902  clear 
 1903  ls
 1904  cd .. 
 1905  cd ..
 1906  git clone git@github.com:Timgriffin1/Nomster.git
 1907  ls 
 1908  git clone \n\nFinished in 0.206388s, 9.6905 runs/s, 0.0000 assertions/s.\n2 runs, 0 assertions, 0 failures, 2 errors, 0 skips\n➜  Learn_me git:(master) ✗ clear\n➜  Learn_me git:(master) ✗ rails test\nRunning via Spring preloader in process 58719\nRun options: --seed 57675\n\n# Running:\n\nDEPRECATION WARNING: Dangerous query method (method whose arguments are used as raw SQL) called with non-attribute argument(s): "RANDOM()". Non-attribute arguments will be disallowed in Rails 6.0. This method should not be called with user-provided values, such as request parameters or model attributes. Known-safe values can be passed by wrapping them in Arel.sql(). (called from index at /Users/serpentz/Documents/development/Learn_me/app/controllers/quotes_controller.rb:3)\nE\n\nError:\nQuotesControllerTest#test_should_get_index:\nActionController::UnknownFormat: QuotesController#index is missing a template for this request format and variant.\n\nrequest.formats: ["application/json"]\nrequest.variant: []\n    test/controllers/quotes_controller_test.rb:9:in `block in <class:QuotesControllerTest>'\n\n\nbin/rails test test/controllers/quotes_controller_test.rb:8\n\nE\n\nError:\nQuotesControllerTest#test_should_create_Quote:\nNameError: uninitialized constant QuotesControllerTest::Item\n    test/controllers/quotes_controller_test.rb:14:in `block in <class:QuotesControllerTest>'\n    test/controllers/quotes_controller_test.rb:14:in `block in <class:QuotesControllerTest>'\n\n\nbin/rails test test/controllers/quotes_controller_test.rb:13\n\n\n\nFinished in 0.180047s, 11.1082 runs/s, 0.0000 assertions/s.\n2 runs, 0 assertions, 0 failures, 2 errors, 0 skips\n➜  Learn_me git:(master) ✗ netstat\nActive Internet connections\nProto Recv-Q Send-Q  Local Address          Foreign Address        (state)\ntcp4       0      0  10.80.1.219.63055      ec2-54-167-55-5..https ESTABLISHED\ntcp4       0      0  10.80.1.219.63046      iad30s21-in-f10..https ESTABLISHED\ntcp4       0      0  10.80.1.219.63045      17.248.143.58.https    ESTABLISHED\ntcp4       0      0  10.80.1.219.63044      iad30s21-in-f10..https ESTABLISHED\ntcp4       0      0  10.80.1.219.63041      edge-star-shv-01.https ESTABLISHED\ntcp4       0      0  10.80.1.219.63034      ec2-34-234-184-2.https ESTABLISHED\ntcp4       0      0  10.80.1.219.63031      edge-star-shv-01.https ESTABLISHED\ntcp4       0      0  10.80.1.219.63026      qu-in-f108.1e100.imaps ESTABLISHED\ntcp4       0      0  10.80.1.219.63025      qu-in-f108.1e100.imaps ESTABLISHED\ntcp4       0      0  10.80.1.219.63012      ec2-54-210-204-1.https ESTABLISHED\ntcp4       0      0  10.80.1.219.63008      47.224.186.35.bc.https ESTABLISHED\ntcp4       0      0  10.80.1.219.63006      iad30s08-in-f129.https ESTABLISHED\ntcp4       0      0  10.80.1.219.63005      iad30s08-in-f129.https ESTABLISHED\ntcp4       0      0  10.80.1.219.63004      17.248.143.25.https    ESTABLISHED\ntcp4       0      0  10.80.1.219.62995      17.248.134.168.https   ESTABLISHED\ntcp4       0      0  10.80.1.219.62993      73.127.154.104.b.https ESTABLISHED\ntcp4       0      0  10.80.1.219.62977      ec2-34-194-201-2.https ESTABLISHED\ntcp4       0      0  10.80.1.219.62975      ec2-34-194-201-2.https ESTABLISHED\ntcp4       0      0  10.80.1.219.62970      ec2-34-194-201-2.https ESTABLISHED\ntcp4       0      0  10.80.1.219.62969      ec2-34-194-201-2.https ESTABLISHED\ntcp4       0      0  10.80.1.219.62968      ec2-34-194-201-2.https ESTABLISHED\ntcp4       0      0  10.80.1.219.62967      ec2-34-194-201-2.https ESTABLISHED\ntcp4       0      0  10.80.1.219.62966      ec2-34-194-201-2.https ESTABLISHED\ntcp4       0      0  10.80.1.219.62965      ec2-34-194-201-2.https ESTABLISHED\ntcp4       0      0  10.80.1.219.62962      ec2-34-194-201-2.https ESTABLISHED\ntcp4       0      0  10.80.1.219.62959      ec2-34-194-201-2.https ESTABLISHED\ntcp6       0      0  fe80::aede:48ff:.62953 fe80::aede:48ff:.49652 ESTABLISHED\ntcp4       0     60  10.80.1.219.62907      edge-star-shv-01.https ESTABLISHED\ntcp4       0      0  10.80.1.219.62875      iad30s21-in-f5.1.https ESTABLISHED\ntcp4       0      0  10.80.1.219.62855      server-99-86-191.https ESTABLISHED\ntcp4       0      0  10.80.1.219.62841      151.101.0.106.https    ESTABLISHED\ntcp4       0    457  10.80.1.219.62824      ec2-18-209-73-14.https FIN_WAIT_1\ntcp4       0      0  10.80.1.219.62812      ec2-34-206-39-65.https ESTABLISHED\ntcp4      31      0  10.80.1.219.62811      ec2-34-206-39-65.https CLOSE_WAIT\ntcp4       0      0  10.80.1.219.62794      qv-in-f188.1e100.5228  ESTABLISHED\ntcp4       0      0  10.80.1.219.62792      server-99-86-191.https ESTABLISHED\ntcp4       0      0  10.80.1.219.62789      lb-140-82-113-26.https ESTABLISHED\ntcp4       0      0  10.80.1.219.62787      151.101.0.106.https    ESTABLISHED\ntcp4       0      0  10.80.1.219.62786      lb-140-82-113-26.https ESTABLISHED\ntcp4       0      0  10.80.1.219.62782      53.224.186.35.bc.https ESTABLISHED\ntcp4       0      0  10.80.1.219.62768      108-174-11-81.fw.https ESTABLISHED\ntcp4       0      0  10.80.1.219.62759      17.249.172.75.5223     ESTABLISHED\ntcp4       0      0  192.168.1.168.62706    ec2-35-168-190-1.https FIN_WAIT_2\ntcp4       0      0  192.168.1.168.62658    192.168.1.154.8009     ESTABLISHED\ntcp4       0      0  192.168.1.168.62425    192.168.1.154.8009     ESTABLISHED\ntcp6       0      0  fe80::aede:48ff:.65060 fe80::aede:48ff:.49648 ESTABLISHED\ntcp6       0      0  fe80::aede:48ff:.63146 fe80::aede:48ff:.49642 ESTABLISHED\ntcp6       0      0  fe80::aede:48ff:.63922 fe80::aede:48ff:.49642 ESTABLISHED\ntcp6       0      0  fe80::aede:48ff:.49154 fe80::aede:48ff:.49655 ESTABLISHED\ntcp6       0      0  fe80::aede:48ff:.62698 fe80::aede:48ff:.59602 ESTABLISHED\ntcp6       0      0  fe80::aede:48ff:.60755 fe80::aede:48ff:.49621 ESTABLISHED\ntcp4      31      0  192.168.8.187.53251    ec2-3-80-20-194..https CLOSE_WAIT\ntcp4      31      0  192.168.8.187.53234    ec2-52-202-62-19.https CLOSE_WAIT\ntcp4      31      0  192.168.8.187.53233    ec2-52-202-62-23.https CLOSE_WAIT\ntcp6       0      0  fe80::aede:48ff:.51816 fe80::aede:48ff:.49621 ESTABLISHED\ntcp6       0      0  fe80::aede:48ff:.54278 fe80::aede:48ff:.49623 ESTABLISHED\ntcp6       0      0  fe80::aede:48ff:.54177 fe80::aede:48ff:.49621 ESTABLISHED\n^C\n➜  Learn_me git:(master) ✗ clear\n➜  Learn_me git:(master) ✗ ls\nGemfile      Gemfile.lock README.md    Rakefile     app          bin          config       config.ru    db           lib          log          package.json public       storage      test         tmp          vendor\n➜  Learn_me git:(master) ✗ gem install capybara\nSuccessfully installed capybara-3.26.0\nParsing documentation for capybara-3.26.0\nInstalling ri documentation for capybara-3.26.0\nDone installing documentation for capybara after 2 seconds\n1 gem installed\n➜  Learn_me git:(master) ✗ rails g\nRunning via Spring preloader in process 65534\nUsage: rails generate GENERATOR [args] [options]\n\nGeneral options:\n  -h, [--help]     # Print generator's options and usage\n  -p, [--pretend]  # Run but do not make any changes\n  -f, [--force]    # Overwrite files that already exist\n  -s, [--skip]     # Skip files that already exist\n  -q, [--quiet]    # Suppress status output\n\nPlease choose a generator below.\n\nRails:\n  application_record\n  assets\n  channel\n  controller\n  generator\n  helper\n  integration_test\n  jbuilder\n  job\n  mailer\n  migration\n  model\n  resource\n  scaffold\n  scaffold_controller\n  system_test\n  task\n\nActiveRecord:\n  active_record:application_record\n\nCoffee:\n  coffee:assets\n\nJs:\n  js:assets\n\nSimpleForm:\n  simple_form:install\n\nTestUnit:\n  test_unit:generator\n  test_unit:plugin\n\n➜  Learn_me git:(master) ✗ rails -v\nRails 5.2.3\n➜  Learn_me git:(master) ✗ rails t\nRunning via Spring preloader in process 30162\nRun options: --seed 65432\n\n# Running:\n\nE\n\nError:\nQuotesControllerTest#test_should_create_Quote:\nNameError: uninitialized constant QuotesControllerTest::Item\n    test/controllers/quotes_controller_test.rb:14:in `block in <class:QuotesControllerTest>'\n    test/controllers/quotes_controller_test.rb:14:in `block in <class:QuotesControllerTest>'\n\n\nbin/rails test test/controllers/quotes_controller_test.rb:13\n\nDEPRECATION WARNING: Dangerous query method (method whose arguments are used as raw SQL) called with non-attribute argument(s): "RANDOM()". Non-attribute arguments will be disallowed in Rails 6.0. This method should not be called with user-provided values, such as request parameters or model attributes. Known-safe values can be passed by wrapping them in Arel.sql(). (called from index at /Users/serpentz/Documents/development/Learn_me/app/controllers/quotes_controller.rb:3)\nE\n\nError:\nQuotesControllerTest#test_should_get_index:\nActionController::UnknownFormat: QuotesController#index is missing a template for this request format and variant.\n\nrequest.formats: ["application/json"]\nrequest.variant: []\n    test/controllers/quotes_controller_test.rb:9:in `block in <class:QuotesControllerTest>'\n\n\nbin/rails test test/controllers/quotes_controller_test.rb:8\n\n\n\nFinished in 0.329853s, 6.0633 runs/s, 0.0000 assertions/s.\n2 runs, 0 assertions, 0 failures, 2 errors, 0 skips\n➜  Learn_me git:(master) ✗ rails t\nRunning via Spring preloader in process 30300\nTraceback (most recent call last):\n\t36: from -e:1:in `<main>'\n\t35: from /Users/serpentz/.rvm/rubies/ruby-2.5.3/lib/ruby/site_ruby/2.5.0/rubygems/core_ext/kernel_require.rb:54:in `require'\n\t34: from /Users/serpentz/.rvm/rubies/ruby-2.5.3/lib/ruby/site_ruby/2.5.0/rubygems/core_ext/kernel_require.rb:54:in `require'\n\t33: from /Users/serpentz/.rvm/gems/ruby-2.5.3/gems/activesupport-5.2.3/lib/active_support/dependencies.rb:285:in `load'\n\t32: from /Users/serpentz/.rvm/gems/ruby-2.5.3/gems/activesupport-5.2.3/lib/active_support/dependencies.rb:257:in `load_dependency'\n\t31: from /Users/serpentz/.rvm/gems/ruby-2.5.3/gems/activesupport-5.2.3/lib/active_support/dependencies.rb:285:in `block in load'\n\t30: from /Users/serpentz/.rvm/gems/ruby-2.5.3/gems/bootsnap-1.4.4/lib/bootsnap/load_path_cache/core_ext/kernel_require.rb:54:in `load'\n\t29: from /Users/serpentz/.rvm/gems/ruby-2.5.3/gems/bootsnap-1.4.4/lib/bootsnap/load_path_cache/core_ext/kernel_require.rb:54:in `load'\n\t28: from /Users/serpentz/Documents/development/Learn_me/bin/rails:9:in `<top (required)>'\n\t27: from /Users/serpentz/.rvm/gems/ruby-2.5.3/gems/activesupport-5.2.3/lib/active_support/dependencies.rb:291:in `require'\n\t26: from /Users/serpentz/.rvm/gems/ruby-2.5.3/gems/activesupport-5.2.3/lib/active_support/dependencies.rb:257:in `load_dependency'\n\t25: from /Users/serpentz/.rvm/gems/ruby-2.5.3/gems/activesupport-5.2.3/lib/active_support/dependencies.rb:291:in `block in require'\n\t24: from /Users/serpentz/.rvm/gems/ruby-2.5.3/gems/bootsnap-1.4.4/lib/bootsnap/load_path_cache/core_ext/kernel_require.rb:30:in `require'\n\t23: from /Users/serpentz/.rvm/gems/ruby-2.5.3/gems/bootsnap-1.4.4/lib/bootsnap/load_path_cache/core_ext/kernel_require.rb:21:in `require_with_bootsnap_lfi'\n\t22: from /Users/serpentz/.rvm/gems/ruby-2.5.3/gems/bootsnap-1.4.4/lib/bootsnap/load_path_cache/loaded_features_index.rb:92:in `register'\n\t21: from /Users/serpentz/.rvm/gems/ruby-2.5.3/gems/bootsnap-1.4.4/lib/bootsnap/load_path_cache/core_ext/kernel_require.rb:22:in `block in require_with_bootsnap_lfi'\n\t20: from /Users/serpentz/.rvm/gems/ruby-2.5.3/gems/bootsnap-1.4.4/lib/bootsnap/load_path_cache/core_ext/kernel_require.rb:22:in `require'\n\t19: from /Users/serpentz/.rvm/gems/ruby-2.5.3/gems/railties-5.2.3/lib/rails/commands.rb:18:in `<top (required)>'\n\t18: from /Users/serpentz/.rvm/gems/ruby-2.5.3/gems/railties-5.2.3/lib/rails/command.rb:46:in `invoke'\n\t17: from /Users/serpentz/.rvm/gems/ruby-2.5.3/gems/railties-5.2.3/lib/rails/command/base.rb:65:in `perform'\n\t16: from /Users/serpentz/.rvm/gems/ruby-2.5.3/gems/thor-0.20.3/lib/thor.rb:387:in `dispatch'\n\t15: from /Users/serpentz/.rvm/gems/ruby-2.5.3/gems/thor-0.20.3/lib/thor/invocation.rb:126:in `invoke_command'\n\t14: from /Users/serpentz/.rvm/gems/ruby-2.5.3/gems/thor-0.20.3/lib/thor/command.rb:27:in `run'\n\t13: from /Users/serpentz/.rvm/gems/ruby-2.5.3/gems/railties-5.2.3/lib/rails/commands/test/test_command.rb:33:in `perform'\n\t12: from /Users/serpentz/.rvm/gems/ruby-2.5.3/gems/railties-5.2.3/lib/rails/test_unit/runner.rb:39:in `run'\n\t11: from /Users/serpentz/.rvm/gems/ruby-2.5.3/gems/railties-5.2.3/lib/rails/test_unit/runner.rb:50:in `load_tests'\n\t10: from /Users/serpentz/.rvm/gems/ruby-2.5.3/gems/railties-5.2.3/lib/rails/test_unit/runner.rb:50:in `each'\n\t 9: from /Users/serpentz/.rvm/gems/ruby-2.5.3/gems/railties-5.2.3/lib/rails/test_unit/runner.rb:50:in `block in load_tests'\n\t 8: from /Users/serpentz/.rvm/gems/ruby-2.5.3/gems/activesupport-5.2.3/lib/active_support/dependencies.rb:291:in `require'\n\t 7: from /Users/serpentz/.rvm/gems/ruby-2.5.3/gems/activesupport-5.2.3/lib/active_support/dependencies.rb:257:in `load_dependency'\n\t 6: from /Users/serpentz/.rvm/gems/ruby-2.5.3/gems/activesupport-5.2.3/lib/active_support/dependencies.rb:291:in `block in require'\n\t 5: from /Users/serpentz/.rvm/gems/ruby-2.5.3/gems/bootsnap-1.4.4/lib/bootsnap/load_path_cache/core_ext/kernel_require.rb:30:in `require'\n\t 4: from /Users/serpentz/.rvm/gems/ruby-2.5.3/gems/bootsnap-1.4.4/lib/bootsnap/load_path_cache/core_ext/kernel_require.rb:21:in `require_with_bootsnap_lfi'\n\t 3: from /Users/serpentz/.rvm/gems/ruby-2.5.3/gems/bootsnap-1.4.4/lib/bootsnap/load_path_cache/loaded_features_index.rb:92:in `register'\n\t 2: from /Users/serpentz/.rvm/gems/ruby-2.5.3/gems/bootsnap-1.4.4/lib/bootsnap/load_path_cache/core_ext/kernel_require.rb:22:in `block in require_with_bootsnap_lfi'\n\t 1: from /Users/serpentz/.rvm/gems/ruby-2.5.3/gems/bootsnap-1.4.4/lib/bootsnap/load_path_cache/core_ext/kernel_require.rb:22:in `require'\n/Users/serpentz/Documents/development/Learn_me/test/controllers/quotes_controller_test.rb:41:in `<top (required)>': undefined method `feature' for main:Object (NoMethodError)\n➜  Learn_me git:(master) ✗ rails t\nRunning via Spring preloader in process 30370\nTraceback (most recent call last):\n\t58: from -e:1:in `<main>'\n\t57: from /Users/serpentz/.rvm/rubies/ruby-2.5.3/lib/ruby/site_ruby/2.5.0/rubygems/core_ext/kernel_require.rb:54:in `require'\n\t56: from /Users/serpentz/.rvm/rubies/ruby-2.5.3/lib/ruby/site_ruby/2.5.0/rubygems/core_ext/kernel_require.rb:54:in `require'\n\t55: from /Users/serpentz/.rvm/gems/ruby-2.5.3/gems/activesupport-5.2.3/lib/active_support/dependencies.rb:285:in `load'\n\t54: from /Users/serpentz/.rvm/gems/ruby-2.5.3/gems/activesupport-5.2.3/lib/active_support/dependencies.rb:257:in `load_dependency'\n\t53: from /Users/serpentz/.rvm/gems/ruby-2.5.3/gems/activesupport-5.2.3/lib/active_support/dependencies.rb:285:in `block in load'\n\t52: from /Users/serpentz/.rvm/gems/ruby-2.5.3/gems/bootsnap-1.4.4/lib/bootsnap/load_path_cache/core_ext/kernel_require.rb:54:in `load'\n\t51: from /Users/serpentz/.rvm/gems/ruby-2.5.3/gems/bootsnap-1.4.4/lib/bootsnap/load_path_cache/core_ext/kernel_require.rb:54:in `load'\n\t50: from /Users/serpentz/Documents/development/Learn_me/bin/rails:9:in `<top (required)>'\n\t49: from /Users/serpentz/.rvm/gems/ruby-2.5.3/gems/activesupport-5.2.3/lib/active_support/dependencies.rb:291:in `require'\n\t48: from /Users/serpentz/.rvm/gems/ruby-2.5.3/gems/activesupport-5.2.3/lib/active_support/dependencies.rb:257:in `load_dependency'\n\t47: from /Users/serpentz/.rvm/gems/ruby-2.5.3/gems/activesupport-5.2.3/lib/active_support/dependencies.rb:291:in `block in require'\n\t46: from /Users/serpentz/.rvm/gems/ruby-2.5.3/gems/bootsnap-1.4.4/lib/bootsnap/load_path_cache/core_ext/kernel_require.rb:30:in `require'\n\t45: from /Users/serpentz/.rvm/gems/ruby-2.5.3/gems/bootsnap-1.4.4/lib/bootsnap/load_path_cache/core_ext/kernel_require.rb:21:in `require_with_bootsnap_lfi'\n\t44: from /Users/serpentz/.rvm/gems/ruby-2.5.3/gems/bootsnap-1.4.4/lib/bootsnap/load_path_cache/loaded_features_index.rb:92:in `register'\n\t43: from /Users/serpentz/.rvm/gems/ruby-2.5.3/gems/bootsnap-1.4.4/lib/bootsnap/load_path_cache/core_ext/kernel_require.rb:22:in `block in require_with_bootsnap_lfi'\n\t42: from /Users/serpentz/.rvm/gems/ruby-2.5.3/gems/bootsnap-1.4.4/lib/bootsnap/load_path_cache/core_ext/kernel_require.rb:22:in `require'\n\t41: from /Users/serpentz/.rvm/gems/ruby-2.5.3/gems/railties-5.2.3/lib/rails/commands.rb:18:in `<top (required)>'\n\t40: from /Users/serpentz/.rvm/gems/ruby-2.5.3/gems/railties-5.2.3/lib/rails/command.rb:46:in `invoke'\n\t39: from /Users/serpentz/.rvm/gems/ruby-2.5.3/gems/railties-5.2.3/lib/rails/command/base.rb:65:in `perform'\n\t38: from /Users/serpentz/.rvm/gems/ruby-2.5.3/gems/thor-0.20.3/lib/thor.rb:387:in `dispatch'\n\t37: from /Users/serpentz/.rvm/gems/ruby-2.5.3/gems/thor-0.20.3/lib/thor/invocation.rb:126:in `invoke_command'\n\t36: from /Users/serpentz/.rvm/gems/ruby-2.5.3/gems/thor-0.20.3/lib/thor/command.rb:27:in `run'\n\t35: from /Users/serpentz/.rvm/gems/ruby-2.5.3/gems/railties-5.2.3/lib/rails/commands/test/test_command.rb:33:in `perform'\n\t34: from /Users/serpentz/.rvm/gems/ruby-2.5.3/gems/railties-5.2.3/lib/rails/test_unit/runner.rb:39:in `run'\n\t33: from /Users/serpentz/.rvm/gems/ruby-2.5.3/gems/railties-5.2.3/lib/rails/test_unit/runner.rb:50:in `load_tests'\n\t32: from /Users/serpentz/.rvm/gems/ruby-2.5.3/gems/railties-5.2.3/lib/rails/test_unit/runner.rb:50:in `each'\n\t31: from /Users/serpentz/.rvm/gems/ruby-2.5.3/gems/railties-5.2.3/lib/rails/test_unit/runner.rb:50:in `block in load_tests'\n\t30: from /Users/serpentz/.rvm/gems/ruby-2.5.3/gems/activesupport-5.2.3/lib/active_support/dependencies.rb:291:in `require'\n\t29: from /Users/serpentz/.rvm/gems/ruby-2.5.3/gems/activesupport-5.2.3/lib/active_support/dependencies.rb:257:in `load_dependency'\n\t28: from /Users/serpentz/.rvm/gems/ruby-2.5.3/gems/activesupport-5.2.3/lib/active_support/dependencies.rb:291:in `block in require'\n\t27: from /Users/serpentz/.rvm/gems/ruby-2.5.3/gems/bootsnap-1.4.4/lib/bootsnap/load_path_cache/core_ext/kernel_require.rb:30:in `require'\n\t26: from /Users/serpentz/.rvm/gems/ruby-2.5.3/gems/bootsnap-1.4.4/lib/bootsnap/load_path_cache/core_ext/kernel_require.rb:21:in `require_with_bootsnap_lfi'\n\t25: from /Users/serpentz/.rvm/gems/ruby-2.5.3/gems/bootsnap-1.4.4/lib/bootsnap/load_path_cache/loaded_features_index.rb:92:in `register'\n\t24: from /Users/serpentz/.rvm/gems/ruby-2.5.3/gems/bootsnap-1.4.4/lib/bootsnap/load_path_cache/core_ext/kernel_require.rb:22:in `block in require_with_bootsnap_lfi'\n\t23: from /Users/serpentz/.rvm/gems/ruby-2.5.3/gems/bootsnap-1.4.4/lib/bootsnap/load_path_cache/core_ext/kernel_require.rb:22:in `require'\n\t22: from /Users/serpentz/Documents/development/Learn_me/test/controllers/quotes_controller_test.rb:1:in `<top (required)>'\n\t21: from /Users/serpentz/.rvm/gems/ruby-2.5.3/gems/activesupport-5.2.3/lib/active_support/dependencies.rb:291:in `require'\n\t20: from /Users/serpentz/.rvm/gems/ruby-2.5.3/gems/activesupport-5.2.3/lib/active_support/dependencies.rb:257:in `load_dependency'\n\t19: from /Users/serpentz/.rvm/gems/ruby-2.5.3/gems/activesupport-5.2.3/lib/active_support/dependencies.rb:291:in `block in require'\n\t18: from /Users/serpentz/.rvm/gems/ruby-2.5.3/gems/bootsnap-1.4.4/lib/bootsnap/load_path_cache/core_ext/kernel_require.rb:30:in `require'\n\t17: from /Users/serpentz/.rvm/gems/ruby-2.5.3/gems/bootsnap-1.4.4/lib/bootsnap/load_path_cache/core_ext/kernel_require.rb:21:in `require_with_bootsnap_lfi'\n\t16: from /Users/serpentz/.rvm/gems/ruby-2.5.3/gems/bootsnap-1.4.4/lib/bootsnap/load_path_cache/loaded_features_index.rb:92:in `register'\n\t15: from /Users/serpentz/.rvm/gems/ruby-2.5.3/gems/bootsnap-1.4.4/lib/bootsnap/load_path_cache/core_ext/kernel_require.rb:22:in `block in require_with_bootsnap_lfi'\n\t14: from /Users/serpentz/.rvm/gems/ruby-2.5.3/gems/bootsnap-1.4.4/lib/bootsnap/load_path_cache/core_ext/kernel_require.rb:22:in `require'\n\t13: from /Users/serpentz/Documents/development/Learn_me/test/test_helper.rb:4:in `<top (required)>'\n\t12: from /Users/serpentz/.rvm/gems/ruby-2.5.3/gems/activesupport-5.2.3/lib/active_support/dependencies.rb:291:in `require'\n\t11: from /Users/serpentz/.rvm/gems/ruby-2.5.3/gems/activesupport-5.2.3/lib/active_support/dependencies.rb:257:in `load_dependency'\n\t10: from /Users/serpentz/.rvm/gems/ruby-2.5.3/gems/activesupport-5.2.3/lib/active_support/dependencies.rb:291:in `block in require'\n\t 9: from /Users/serpentz/.rvm/gems/ruby-2.5.3/gems/bootsnap-1.4.4/lib/bootsnap/load_path_cache/core_ext/kernel_require.rb:30:in `require'\n\t 8: from /Users/serpentz/.rvm/gems/ruby-2.5.3/gems/bootsnap-1.4.4/lib/bootsnap/load_path_cache/core_ext/kernel_require.rb:21:in `require_with_bootsnap_lfi'\n\t 7: from /Users/serpentz/.rvm/gems/ruby-2.5.3/gems/bootsnap-1.4.4/lib/bootsnap/load_path_cache/loaded_features_index.rb:92:in `register'\n\t 6: from /Users/serpentz/.rvm/gems/ruby-2.5.3/gems/bootsnap-1.4.4/lib/bootsnap/load_path_cache/core_ext/kernel_require.rb:22:in `block in require_with_bootsnap_lfi'\n\t 5: from /Users/serpentz/.rvm/gems/ruby-2.5.3/gems/bootsnap-1.4.4/lib/bootsnap/load_path_cache/core_ext/kernel_require.rb:22:in `require'\n\t 4: from /Users/serpentz/.rvm/gems/ruby-2.5.3/gems/capybara-3.26.0/lib/capybara/rspec.rb:3:in `<top (required)>'\n\t 3: from /Users/serpentz/.rvm/gems/ruby-2.5.3/gems/activesupport-5.2.3/lib/active_support/dependencies.rb:291:in `require'\n\t 2: from /Users/serpentz/.rvm/gems/ruby-2.5.3/gems/activesupport-5.2.3/lib/active_support/dependencies.rb:257:in `load_dependency'\n\t 1: from /Users/serpentz/.rvm/gems/ruby-2.5.3/gems/activesupport-5.2.3/lib/active_support/dependencies.rb:291:in `block in require'\n/Users/serpentz/.rvm/gems/ruby-2.5.3/gems/bootsnap-1.4.4/lib/bootsnap/load_path_cache/core_ext/kernel_require.rb:33:in `require': cannot load such file -- rspec/core (LoadError)\n➜  Learn_me git:(master) ✗ gem isntall rspec\nERROR:  While executing gem ... (Gem::CommandLineError)\n    Unknown command isntall\n➜  Learn_me git:(master) ✗ gem install rspec\nSuccessfully installed rspec-3.8.0\nParsing documentation for rspec-3.8.0\nDone installing documentation for rspec after 0 seconds\n1 gem installed\n➜  Learn_me git:(master) ✗ rails t\nRunning via Spring preloader in process 30426\nTraceback (most recent call last):\n\t58: from -e:1:in `<main>'\n\t57: from /Users/serpentz/.rvm/rubies/ruby-2.5.3/lib/ruby/site_ruby/2.5.0/rubygems/core_ext/kernel_require.rb:54:in `require'\n\t56: from /Users/serpentz/.rvm/rubies/ruby-2.5.3/lib/ruby/site_ruby/2.5.0/rubygems/core_ext/kernel_require.rb:54:in `require'\n\t55: from /Users/serpentz/.rvm/gems/ruby-2.5.3/gems/activesupport-5.2.3/lib/active_support/dependencies.rb:285:in `load'\n\t54: from /Users/serpentz/.rvm/gems/ruby-2.5.3/gems/activesupport-5.2.3/lib/active_support/dependencies.rb:257:in `load_dependency'\n\t53: from /Users/serpentz/.rvm/gems/ruby-2.5.3/gems/activesupport-5.2.3/lib/active_support/dependencies.rb:285:in `block in load'\n\t52: from /Users/serpentz/.rvm/gems/ruby-2.5.3/gems/bootsnap-1.4.4/lib/bootsnap/load_path_cache/core_ext/kernel_require.rb:54:in `load'\n\t51: from /Users/serpentz/.rvm/gems/ruby-2.5.3/gems/bootsnap-1.4.4/lib/bootsnap/load_path_cache/core_ext/kernel_require.rb:54:in `load'\n\t50: from /Users/serpentz/Documents/development/Learn_me/bin/rails:9:in `<top (required)>'\n\t49: from /Users/serpentz/.rvm/gems/ruby-2.5.3/gems/activesupport-5.2.3/lib/active_support/dependencies.rb:291:in `require'\n\t48: from /Users/serpentz/.rvm/gems/ruby-2.5.3/gems/activesupport-5.2.3/lib/active_support/dependencies.rb:257:in `load_dependency'\n\t47: from /Users/serpentz/.rvm/gems/ruby-2.5.3/gems/activesupport-5.2.3/lib/active_support/dependencies.rb:291:in `block in require'\n\t46: from /Users/serpentz/.rvm/gems/ruby-2.5.3/gems/bootsnap-1.4.4/lib/bootsnap/load_path_cache/core_ext/kernel_require.rb:30:in `require'\n\t45: from /Users/serpentz/.rvm/gems/ruby-2.5.3/gems/bootsnap-1.4.4/lib/bootsnap/load_path_cache/core_ext/kernel_require.rb:21:in `require_with_bootsnap_lfi'\n\t44: from /Users/serpentz/.rvm/gems/ruby-2.5.3/gems/bootsnap-1.4.4/lib/bootsnap/load_path_cache/loaded_features_index.rb:92:in `register'\n\t43: from /Users/serpentz/.rvm/gems/ruby-2.5.3/gems/bootsnap-1.4.4/lib/bootsnap/load_path_cache/core_ext/kernel_require.rb:22:in `block in require_with_bootsnap_lfi'\n\t42: from /Users/serpentz/.rvm/gems/ruby-2.5.3/gems/bootsnap-1.4.4/lib/bootsnap/load_path_cache/core_ext/kernel_require.rb:22:in `require'\n\t41: from /Users/serpentz/.rvm/gems/ruby-2.5.3/gems/railties-5.2.3/lib/rails/commands.rb:18:in `<top (required)>'\n\t40: from /Users/serpentz/.rvm/gems/ruby-2.5.3/gems/railties-5.2.3/lib/rails/command.rb:46:in `invoke'\n\t39: from /Users/serpentz/.rvm/gems/ruby-2.5.3/gems/railties-5.2.3/lib/rails/command/base.rb:65:in `perform'\n\t38: from /Users/serpentz/.rvm/gems/ruby-2.5.3/gems/thor-0.20.3/lib/thor.rb:387:in `dispatch'\n\t37: from /Users/serpentz/.rvm/gems/ruby-2.5.3/gems/thor-0.20.3/lib/thor/invocation.rb:126:in `invoke_command'\n\t36: from /Users/serpentz/.rvm/gems/ruby-2.5.3/gems/thor-0.20.3/lib/thor/command.rb:27:in `run'\n\t35: from /Users/serpentz/.rvm/gems/ruby-2.5.3/gems/railties-5.2.3/lib/rails/commands/test/test_command.rb:33:in `perform'\n\t34: from /Users/serpentz/.rvm/gems/ruby-2.5.3/gems/railties-5.2.3/lib/rails/test_unit/runner.rb:39:in `run'\n\t33: from /Users/serpentz/.rvm/gems/ruby-2.5.3/gems/railties-5.2.3/lib/rails/test_unit/runner.rb:50:in `load_tests'\n\t32: from /Users/serpentz/.rvm/gems/ruby-2.5.3/gems/railties-5.2.3/lib/rails/test_unit/runner.rb:50:in `each'\n\t31: from /Users/serpentz/.rvm/gems/ruby-2.5.3/gems/railties-5.2.3/lib/rails/test_unit/runner.rb:50:in `block in load_tests'\n\t30: from /Users/serpentz/.rvm/gems/ruby-2.5.3/gems/activesupport-5.2.3/lib/active_support/dependencies.rb:291:in `require'\n\t29: from /Users/serpentz/.rvm/gems/ruby-2.5.3/gems/activesupport-5.2.3/lib/active_support/dependencies.rb:257:in `load_dependency'\n\t28: from /Users/serpentz/.rvm/gems/ruby-2.5.3/gems/activesupport-5.2.3/lib/active_support/dependencies.rb:291:in `block in require'\n\t27: from /Users/serpentz/.rvm/gems/ruby-2.5.3/gems/bootsnap-1.4.4/lib/bootsnap/load_path_cache/core_ext/kernel_require.rb:30:in `require'\n\t26: from /Users/serpentz/.rvm/gems/ruby-2.5.3/gems/bootsnap-1.4.4/lib/bootsnap/load_path_cache/core_ext/kernel_require.rb:21:in `require_with_bootsnap_lfi'\n\t25: from /Users/serpentz/.rvm/gems/ruby-2.5.3/gems/bootsnap-1.4.4/lib/bootsnap/load_path_cache/loaded_features_index.rb:92:in `register'\n\t24: from /Users/serpentz/.rvm/gems/ruby-2.5.3/gems/bootsnap-1.4.4/lib/bootsnap/load_path_cache/core_ext/kernel_require.rb:22:in `block in require_with_bootsnap_lfi'\n\t23: from /Users/serpentz/.rvm/gems/ruby-2.5.3/gems/bootsnap-1.4.4/lib/bootsnap/load_path_cache/core_ext/kernel_require.rb:22:in `require'\n\t22: from /Users/serpentz/Documents/development/Learn_me/test/controllers/quotes_controller_test.rb:1:in `<top (required)>'\n\t21: from /Users/serpentz/.rvm/gems/ruby-2.5.3/gems/activesupport-5.2.3/lib/active_support/dependencies.rb:291:in `require'\n\t20: from /Users/serpentz/.rvm/gems/ruby-2.5.3/gems/activesupport-5.2.3/lib/active_support/dependencies.rb:257:in `load_dependency'\n\t19: from /Users/serpentz/.rvm/gems/ruby-2.5.3/gems/activesupport-5.2.3/lib/active_support/dependencies.rb:291:in `block in require'\n\t18: from /Users/serpentz/.rvm/gems/ruby-2.5.3/gems/bootsnap-1.4.4/lib/bootsnap/load_path_cache/core_ext/kernel_require.rb:30:in `require'\n\t17: from /Users/serpentz/.rvm/gems/ruby-2.5.3/gems/bootsnap-1.4.4/lib/bootsnap/load_path_cache/core_ext/kernel_require.rb:21:in `require_with_bootsnap_lfi'\n\t16: from /Users/serpentz/.rvm/gems/ruby-2.5.3/gems/bootsnap-1.4.4/lib/bootsnap/load_path_cache/loaded_features_index.rb:92:in `register'\n\t15: from /Users/serpentz/.rvm/gems/ruby-2.5.3/gems/bootsnap-1.4.4/lib/bootsnap/load_path_cache/core_ext/kernel_require.rb:22:in `block in require_with_bootsnap_lfi'\n\t14: from /Users/serpentz/.rvm/gems/ruby-2.5.3/gems/bootsnap-1.4.4/lib/bootsnap/load_path_cache/core_ext/kernel_require.rb:22:in `require'\n\t13: from /Users/serpentz/Documents/development/Learn_me/test/test_helper.rb:4:in `<top (required)>'\n\t12: from /Users/serpentz/.rvm/gems/ruby-2.5.3/gems/activesupport-5.2.3/lib/active_support/dependencies.rb:291:in `require'\n\t11: from /Users/serpentz/.rvm/gems/ruby-2.5.3/gems/activesupport-5.2.3/lib/active_support/dependencies.rb:257:in `load_dependency'\n\t10: from /Users/serpentz/.rvm/gems/ruby-2.5.3/gems/activesupport-5.2.3/lib/active_support/dependencies.rb:291:in `block in require'\n\t 9: from /Users/serpentz/.rvm/gems/ruby-2.5.3/gems/bootsnap-1.4.4/lib/bootsnap/load_path_cache/core_ext/kernel_require.rb:30:in `require'\n\t 8: from /Users/serpentz/.rvm/gems/ruby-2.5.3/gems/bootsnap-1.4.4/lib/bootsnap/load_path_cache/core_ext/kernel_require.rb:21:in `require_with_bootsnap_lfi'\n\t 7: from /Users/serpentz/.rvm/gems/ruby-2.5.3/gems/bootsnap-1.4.4/lib/bootsnap/load_path_cache/loaded_features_index.rb:92:in `register'\n\t 6: from /Users/serpentz/.rvm/gems/ruby-2.5.3/gems/bootsnap-1.4.4/lib/bootsnap/load_path_cache/core_ext/kernel_require.rb:22:in `block in require_with_bootsnap_lfi'\n\t 5: from /Users/serpentz/.rvm/gems/ruby-2.5.3/gems/bootsnap-1.4.4/lib/bootsnap/load_path_cache/core_ext/kernel_require.rb:22:in `require'\n\t 4: from /Users/serpentz/.rvm/gems/ruby-2.5.3/gems/capybara-3.26.0/lib/capybara/rspec.rb:3:in `<top (required)>'\n\t 3: from /Users/serpentz/.rvm/gems/ruby-2.5.3/gems/activesupport-5.2.3/lib/active_support/dependencies.rb:291:in `require'\n\t 2: from /Users/serpentz/.rvm/gems/ruby-2.5.3/gems/activesupport-5.2.3/lib/active_support/dependencies.rb:257:in `load_dependency'\n\t 1: from /Users/serpentz/.rvm/gems/ruby-2.5.3/gems/activesupport-5.2.3/lib/active_support/dependencies.rb:291:in `block in require'\n/Users/serpentz/.rvm/gems/ruby-2.5.3/gems/bootsnap-1.4.4/lib/bootsnap/load_path_cache/core_ext/kernel_require.rb:33:in `require': cannot load such file -- rspec/core (LoadError)\n➜  Learn_me git:(master) ✗ rspec -init\ninvalid option: -init\n\nPlease use --help for a listing of valid options\n➜  Learn_me git:(master) ✗ rspec --init\n  create   .rspec\n  create   spec/spec_helper.rb\n➜  Learn_me git:(master) ✗ rspec\nNo examples found.\n\n\nFinished in 0.00039 seconds (files took 0.18614 seconds to load)\n0 examples, 0 failures\n\n➜  Learn_me git:(master) ✗ rail g\nzsh: command not found: rail\n➜  Learn_me git:(master) ✗ rails g\nRunning via Spring preloader in process 30610\nUsage: rails generate GENERATOR [args] [options]\n\nGeneral options:\n  -h, [--help]     # Print generator's options and usage\n  -p, [--pretend]  # Run but do not make any changes\n  -f, [--force]    # Overwrite files that already exist\n  -s, [--skip]     # Skip files that already exist\n  -q, [--quiet]    # Suppress status output\n\nPlease choose a generator below.\n\nRails:\n  application_record\n  assets\n  channel\n  controller\n  generator\n  helper\n  integration_test\n  jbuilder\n  job\n  mailer\n  migration\n  model\n  resource\n  scaffold\n  scaffold_controller\n  system_test\n  task\n\nActiveRecord:\n  active_record:application_record\n\nCoffee:\n  coffee:assets\n\nJs:\n  js:assets\n\nSimpleForm:\n  simple_form:install\n\nTestUnit:\n  test_unit:generator\n  test_unit:plugin\n\n➜  Learn_me git:(master) ✗ rsepc\nzsh: command not found: rsepc\n➜  Learn_me git:(master) ✗ rspec\n\nAn error occurred while loading ./spec/models/quotes_spec.rb.\nFailure/Error:\n  feature 'Visitor signs up' do\n    scenario 'with valid email and password' do\n      sign_up_with 'valid@example.com', 'password'\n\n      expect(page).to have_content('Sign out')\n    end\n\n    scenario 'with invalid email' do\n      sign_up_with 'invalid_email', 'password'\n\n\nNoMethodError:\n  undefined method `feature' for main:Object\n# ./spec/models/quotes_spec.rb:2:in `<top (required)>'\nNo examples found.\n\n\nFinished in 0.00021 seconds (files took 0.1801 seconds to load)\n0 examples, 0 failures, 1 error occurred outside of examples\n\n➜  Learn_me git:(master) ✗ rspec\n\nAn error occurred while loading ./spec/models/quotes_spec.rb.\nFailure/Error:\n  describe Student do\n    before(:each) do\n      @student = Quote.create!(saying: "Daenerys", author: "Targaryen")\n    end\n\n    it 'can be created' do\n      expect(@student).to be_valid\n    end\n\n    it 'has a to_s instance method' do\n\nNameError:\n  uninitialized constant Student\n# ./spec/models/quotes_spec.rb:3:in `<top (required)>'\nNo examples found.\n\n\nFinished in 0.00021 seconds (files took 0.14434 seconds to load)\n0 examples, 0 failures, 1 error occurred outside of examples\n\n➜  Learn_me git:(master) ✗ rspec\n\nAn error occurred while loading ./spec/models/quotes_spec.rb.\nFailure/Error:\n  describe Quote do\n    before(:each) do\n      @student = Quote.create!(saying: "Daenerys", author: "Targaryen")\n    end\n\n    it 'can be created' do\n      expect(@student).to be_valid\n    end\n\n    it 'has a to_s instance method' do\n\nNameError:\n  uninitialized constant Quote\n# ./spec/models/quotes_spec.rb:3:in `<top (required)>'\nNo examples found.\n\n\nFinished in 0.00021 seconds (files took 0.16146 seconds to load)\n0 examples, 0 failures, 1 error occurred outside of examples\n\n➜  Learn_me git:(master) ✗ rspec\n\nAn error occurred while loading ./spec/models/quotes_spec.rb.\nFailure/Error:\n  describe Quote do\n    before(:each) do\n      @student = Quote.create!(saying: "Daenerys", author: "Targaryen")\n    end\n\n    it 'can be created' do\n      expect(@student).to be_valid\n    end\n\n    it 'has a to_s instance method' do\n\nNameError:\n  uninitialized constant Quote\n# ./spec/models/quotes_spec.rb:3:in `<top (required)>'\nNo examples found.\n\n\nFinished in 0.00024 seconds (files took 0.17339 seconds to load)\n0 examples, 0 failures, 1 error occurred outside of examples\n\n➜  Learn_me git:(master) ✗ rspec\n\nAn error occurred while loading spec_helper.\nFailure/Error: require 'rspec/rails'\n\nLoadError:\n  cannot load such file -- rspec/rails\n# ./spec/spec_helper.rb:16:in `<top (required)>'\n\nAn error occurred while loading ./spec/models/quotes_spec.rb.\nFailure/Error: require 'rspec/rails'\n\nLoadError:\n  cannot load such file -- rspec/rails\n# ./spec/spec_helper.rb:16:in `<top (required)>'\n# ./spec/models/quotes_spec.rb:1:in `<top (required)>'\nNo examples found.\n\n\nFinished in 0.00021 seconds (files took 0.11032 seconds to load)\n0 examples, 0 failures, 2 errors occurred outside of examples\n\n➜  Learn_me git:(master) ✗ gem install rspec-rails\nFetching rspec-rails-3.8.2.gem\nSuccessfully installed rspec-rails-3.8.2\nParsing documentation for rspec-rails-3.8.2\nInstalling ri documentation for rspec-rails-3.8.2\nDone installing documentation for rspec-rails after 0 seconds\n1 gem installed\n➜  Learn_me git:(master) ✗ rspec\n\nAn error occurred while loading ./spec/models/quotes_spec.rb.\nFailure/Error:\n  describe Quote do\n    before(:each) do\n      @student = Quote.create!(saying: "Daenerys", author: "Targaryen")\n    end\n\n    it 'can be created' do\n      expect(@student).to be_valid\n    end\n\n    it 'has a to_s instance method' do\n\nNameError:\n  uninitialized constant Quote\n# ./spec/models/quotes_spec.rb:3:in `<top (required)>'\nNo examples found.\n\n\nFinished in 0.00023 seconds (files took 0.1674 seconds to load)\n0 examples, 0 failures, 1 error occurred outside of examples\n\n➜  Learn_me git:(master) ✗ rspec\n\nAn error occurred while loading ./spec/models/quote_spec.rb.\nFailure/Error:\n  describe Quote do\n    before(:each) do\n      @student = Quote.create!(saying: "Daenerys", author: "Targaryen")\n    end\n\n    it 'can be created' do\n      expect(@student).to be_valid\n    end\n\n    it 'has a to_s instance method' do\n\nNameError:\n  uninitialized constant Quote\n# ./spec/models/quote_spec.rb:3:in `<top (required)>'\nNo examples found.\n\n\nFinished in 0.00021 seconds (files took 0.14878 seconds to load)\n0 examples, 0 failures, 1 error occurred outside of examples\n\n➜  Learn_me git:(master) ✗ rspec\n\nAn error occurred while loading ./spec/models/quote_spec.rb.\nFailure/Error: require '../spec_helper'\n\nLoadError:\n  cannot load such file -- ../spec_helper\n# ./spec/models/quote_spec.rb:1:in `<top (required)>'\nNo examples found.\n\n\nFinished in 0.00017 seconds (files took 0.18998 seconds to load)\n0 examples, 0 failures, 1 error occurred outside of examples\n\n➜  Learn_me git:(master) ✗ rspec\n\nAn error occurred while loading ./spec/models/quote_spec.rb.\nFailure/Error:\n  describe Quote do\n    before(:each) do\n      @student = Quote.create!(saying: "Daenerys", author: "Targaryen")\n    end\n\n    it 'can be created' do\n      expect(@student).to be_valid\n    end\n\n    it 'has a to_s instance method' do\n\nNameError:\n  uninitialized constant Quote\n# ./spec/models/quote_spec.rb:3:in `<top (required)>'\nNo examples found.\n\n\nFinished in 0.00018 seconds (files took 0.13588 seconds to load)\n0 examples, 0 failures, 1 error occurred outside of examples\n\n➜  Learn_me git:(master) ✗ rails generate rspec:install\nRunning via Spring preloader in process 31228\nCould not find generator 'rspec:install'. Maybe you meant 'simple_form:install', 'channel' or 'assets'\nRun `rails generate --help` for more options.\n➜  Learn_me git:(master) ✗ bundle\nThe dependency tzinfo-data (>= 0) will be unused by any of the platforms Bundler is installing for. Bundler is installing for ruby but the dependency is only for x86-mingw32, x86-mswin32, x64-mingw32, java. To add those platforms to the bundle, run `bundle lock --add-platform x86-mingw32 x86-mswin32 x64-mingw32 java`.\nUsing rake 12.3.3\nUsing concurrent-ruby 1.1.5\nUsing i18n 1.6.0\nUsing minitest 5.11.3\nUsing thread_safe 0.3.6\nUsing tzinfo 1.2.5\nUsing activesupport 5.2.3\nUsing builder 3.2.3\nUsing erubi 1.8.0\nUsing mini_portile2 2.4.0\nUsing nokogiri 1.10.3\nUsing rails-dom-testing 2.0.3\nUsing crass 1.0.4\nUsing loofah 2.2.3\nUsing rails-html-sanitizer 1.0.4\nUsing actionview 5.2.3\nUsing rack 2.0.7\nUsing rack-test 1.1.0\nUsing actionpack 5.2.3\nUsing nio4r 2.4.0\nUsing websocket-extensions 0.1.4\nUsing websocket-driver 0.7.1\nUsing actioncable 5.2.3\nUsing globalid 0.4.2\nUsing activejob 5.2.3\nUsing mini_mime 1.0.2\nUsing mail 2.7.1\nUsing actionmailer 5.2.3\nUsing activemodel 5.2.3\nUsing arel 9.0.0\nUsing activerecord 5.2.3\nUsing mimemagic 0.3.3\nUsing marcel 0.3.3\nUsing activestorage 5.2.3\nUsing public_suffix 3.1.1\nUsing addressable 2.6.0\nUsing io-like 0.3.0\nUsing archive-zip 0.12.0\nUsing execjs 2.7.0\nUsing autoprefixer-rails 9.6.1\nUsing bindex 0.8.1\nUsing msgpack 1.3.0\nUsing bootsnap 1.4.4\nUsing rb-fsevent 0.10.3\nUsing ffi 1.11.1\nUsing rb-inotify 0.10.0\nUsing sass-listen 4.0.0\nUsing sass 3.7.4\nUsing bootstrap 4.0.0.alpha6\nUsing bundler 1.17.3\nUsing byebug 11.0.1\nUsing regexp_parser 1.6.0\nUsing xpath 3.2.0\nUsing capybara 3.26.0\nUsing childprocess 1.0.1\nUsing chromedriver-helper 2.1.1\nUsing coffee-script-source 1.12.2\nUsing coffee-script 2.4.1\nUsing method_source 0.9.2\nUsing thor 0.20.3\nUsing railties 5.2.3\nUsing coffee-rails 4.2.2\nUsing diff-lcs 1.3\nUsing jbuilder 2.9.1\nUsing jquery-rails 4.3.5\nUsing ruby_dep 1.5.0\nUsing listen 3.1.5\nUsing pg 1.1.4\nUsing popper_js 1.11.1\nUsing puma 3.12.1\nUsing sprockets 3.7.2\nUsing sprockets-rails 3.2.1\nUsing rails 5.2.3\nUsing rails-assets-tether 1.4.7\nUsing rspec-support 3.8.2\nUsing rspec-core 3.8.2\nUsing rspec-expectations 3.8.4\nUsing rspec-mocks 3.8.1\nUsing rspec-rails 3.8.2\nUsing rubyzip 1.2.3\nUsing tilt 2.0.9\nUsing sass-rails 5.0.7\nUsing selenium-webdriver 3.142.3\nUsing simple_form 4.1.0\nUsing spring 2.1.0\nUsing spring-watcher-listen 2.0.1\nUsing turbolinks-source 5.2.0\nUsing turbolinks 5.2.0\nUsing uglifier 4.1.20\nUsing web-console 3.7.0\nBundle complete! 24 Gemfile dependencies, 90 gems now installed.\nUse `bundle info [gemname]` to see where a bundled gem is installed.\n➜  Learn_me git:(master) ✗ rails g\nRunning via Spring preloader in process 31422\nUsage: rails generate GENERATOR [args] [options]\n\nGeneral options:\n  -h, [--help]     # Print generator's options and usage\n  -p, [--pretend]  # Run but do not make any changes\n  -f, [--force]    # Overwrite files that already exist\n  -s, [--skip]     # Skip files that already exist\n  -q, [--quiet]    # Suppress status output\n\nPlease choose a generator below.\n\nRails:\n  application_record\n  assets\n  channel\n  controller\n  generator\n  helper\n  integration_test\n  jbuilder\n  job\n  mailer\n  migration\n  model\n  resource\n  scaffold\n  scaffold_controller\n  system_test\n  task\n\nActiveRecord:\n  active_record:application_record\n\nCoffee:\n  coffee:assets\n\nJs:\n  js:assets\n\nRspec:\n  rspec:controller\n  rspec:feature\n  rspec:helper\n  rspec:install\n  rspec:integration\n  rspec:job\n  rspec:mailer\n  rspec:model\n  rspec:observer\n  rspec:request\n  rspec:scaffold\n  rspec:view\n\nSimpleForm:\n  simple_form:install\n\nTestUnit:\n  test_unit:generator\n  test_unit:plugin\n\n➜  Learn_me git:(master) ✗ rails generate rspec:install\nRunning via Spring preloader in process 31443\n   identical  .rspec\n       exist  spec\n    conflict  spec/spec_helper.rb\nOverwrite /Users/serpentz/Documents/development/Learn_me/spec/spec_helper.rb? (enter "h" for help) [Ynaqdhm] y\n       force  spec/spec_helper.rb\n      create  spec/rails_helper.rb\n➜  Learn_me git:(master) ✗ rspec\n2019-07-29 17:39:55 WARN Selenium [DEPRECATION] Selenium::WebDriver::Chrome#driver_path= is deprecated. Use Selenium::WebDriver::Chrome::Service#driver_path= instead.\n[Simple Form] Simple Form is not configured in the application and will use the default values. Use `rails generate simple_form:install` to generate the Simple Form configuration.\n..\n\nFinished in 0.03062 seconds (files took 1.68 seconds to load)\n2 examples, 0 failures\n\n➜  Learn_me git:(master) ✗ rails g\nRunning via Spring preloader in process 32001\nUsage: rails generate GENERATOR [args] [options]\n\nGeneral options:\n  -h, [--help]     # Print generator's options and usage\n  -p, [--pretend]  # Run but do not make any changes\n  -f, [--force]    # Overwrite files that already exist\n  -s, [--skip]     # Skip files that already exist\n  -q, [--quiet]    # Suppress status output\n\nPlease choose a generator below.\n\nRails:\n  application_record\n  assets\n  channel\n  controller\n  generator\n  helper\n  integration_test\n  jbuilder\n  job\n  mailer\n  migration\n  model\n  resource\n  scaffold\n  scaffold_controller\n  system_test\n  task\n\nActiveRecord:\n  active_record:application_record\n\nCoffee:\n  coffee:assets\n\nJs:\n  js:assets\n\nRspec:\n  rspec:controller\n  rspec:feature\n  rspec:helper\n  rspec:install\n  rspec:integration\n  rspec:job\n  rspec:mailer\n  rspec:model\n  rspec:observer\n  rspec:request\n  rspec:scaffold\n  rspec:view\n\nSimpleForm:\n  simple_form:install\n\nTestUnit:\n  test_unit:generator\n  test_unit:plugin\n\n➜  Learn_me git:(master) ✗ rails g rspec:feature\nRunning via Spring preloader in process 32023\nUsage:\n  rails generate rspec:feature NAME [options]\n\nOptions:\n  [--skip-namespace], [--no-skip-namespace]  # Skip namespace (affects only isolated applications)\n  [--feature-specs], [--no-feature-specs]    # Generate feature specs\n                                             # Default: true\n  [--singularize], [--no-singularize]        # Singularize the generated feature\n\nRuntime options:\n  -f, [--force]                    # Overwrite files that already exist\n  -p, [--pretend], [--no-pretend]  # Run but do not make any changes\n  -q, [--quiet], [--no-quiet]      # Suppress status output\n  -s, [--skip], [--no-skip]        # Skip files that already exist\n\nDescription:\n    Create rspec files for feature generator.\n➜  Learn_me git:(master) ✗ rails generate rspec:feature index\nRunning via Spring preloader in process 32059\n      create  spec/features/index_spec.rb\n➜  Learn_me git:(master) ✗ rspec\n2019-07-29 17:53:45 WARN Selenium [DEPRECATION] Selenium::WebDriver::Chrome#driver_path= is deprecated. Use Selenium::WebDriver::Chrome::Service#driver_path= instead.\n[Simple Form] Simple Form is not configured in the application and will use the default values. Use `rails generate simple_form:install` to generate the Simple Form configuration.\nF..\n\nFailures:\n\n  1) Indices User creates a new widget\n     Failure/Error: visit "/widgets/new"\n\n     ActionController::RoutingError:\n       No route matches [GET] "/widgets/new"\n     # /Users/serpentz/.rvm/gems/ruby-2.5.3/gems/railties-5.2.3/lib/rails/rack/logger.rb:38:in `call_app'\n     # /Users/serpentz/.rvm/gems/ruby-2.5.3/gems/railties-5.2.3/lib/rails/rack/logger.rb:26:in `block in call'\n     # /Users/serpentz/.rvm/gems/ruby-2.5.3/gems/railties-5.2.3/lib/rails/rack/logger.rb:26:in `call'\n     # /Users/serpentz/.rvm/gems/ruby-2.5.3/gems/rack-2.0.7/lib/rack/method_override.rb:22:in `call'\n     # /Users/serpentz/.rvm/gems/ruby-2.5.3/gems/rack-2.0.7/lib/rack/runtime.rb:22:in `call'\n     # /Users/serpentz/.rvm/gems/ruby-2.5.3/gems/rack-2.0.7/lib/rack/sendfile.rb:111:in `call'\n     # /Users/serpentz/.rvm/gems/ruby-2.5.3/gems/railties-5.2.3/lib/rails/engine.rb:524:in `call'\n     # /Users/serpentz/.rvm/gems/ruby-2.5.3/gems/rack-2.0.7/lib/rack/urlmap.rb:68:in `block in call'\n     # /Users/serpentz/.rvm/gems/ruby-2.5.3/gems/rack-2.0.7/lib/rack/urlmap.rb:53:in `each'\n     # /Users/serpentz/.rvm/gems/ruby-2.5.3/gems/rack-2.0.7/lib/rack/urlmap.rb:53:in `call'\n     # /Users/serpentz/.rvm/gems/ruby-2.5.3/gems/rack-test-1.1.0/lib/rack/mock_session.rb:29:in `request'\n     # /Users/serpentz/.rvm/gems/ruby-2.5.3/gems/rack-test-1.1.0/lib/rack/test.rb:266:in `process_request'\n     # /Users/serpentz/.rvm/gems/ruby-2.5.3/gems/rack-test-1.1.0/lib/rack/test.rb:129:in `custom_request'\n     # /Users/serpentz/.rvm/gems/ruby-2.5.3/gems/rack-test-1.1.0/lib/rack/test.rb:58:in `get'\n     # /Users/serpentz/.rvm/gems/ruby-2.5.3/gems/capybara-3.26.0/lib/capybara/rack_test/browser.rb:65:in `process'\n     # /Users/serpentz/.rvm/gems/ruby-2.5.3/gems/capybara-3.26.0/lib/capybara/rack_test/browser.rb:43:in `process_and_follow_redirects'\n     # /Users/serpentz/.rvm/gems/ruby-2.5.3/gems/capybara-3.26.0/lib/capybara/rack_test/browser.rb:23:in `visit'\n     # /Users/serpentz/.rvm/gems/ruby-2.5.3/gems/capybara-3.26.0/lib/capybara/rack_test/driver.rb:45:in `visit'\n     # /Users/serpentz/.rvm/gems/ruby-2.5.3/gems/capybara-3.26.0/lib/capybara/session.rb:276:in `visit'\n     # /Users/serpentz/.rvm/gems/ruby-2.5.3/gems/capybara-3.26.0/lib/capybara/dsl.rb:51:in `block (2 levels) in <module:DSL>'\n     # ./spec/features/index_spec.rb:5:in `block (2 levels) in <top (required)>'\n\nFinished in 0.02937 seconds (files took 2.22 seconds to load)\n3 examples, 1 failure\n\nFailed examples:\n\nrspec ./spec/features/index_spec.rb:4 # Indices User creates a new widget\n\n➜  Learn_me git:(master) ✗ rspec\n2019-07-29 18:09:34 WARN Selenium [DEPRECATION] Selenium::WebDriver::Chrome#driver_path= is deprecated. Use Selenium::WebDriver::Chrome::Service#driver_path= instead.\n[Simple Form] Simple Form is not configured in the application and will use the default values. Use `rails generate simple_form:install` to generate the Simple Form configuration.\nDEPRECATION WARNING: Dangerous query method (method whose arguments are used as raw SQL) called with non-attribute argument(s): "RANDOM()". Non-attribute arguments will be disallowed in Rails 6.0. This method should not be called with user-provided values, such as request parameters or model attributes. Known-safe values can be passed by wrapping them in Arel.sql(). (called from index at /Users/serpentz/Documents/development/Learn_me/app/controllers/quotes_controller.rb:3)\nF..\n\nFailures:\n\n  1) Indices User creates a new widget\n     Failure/Error: fill_in "Name", :with => "My Widget"\n\n     Capybara::ElementNotFound:\n       Unable to find field "Name" that is not disabled\n     # /Users/serpentz/.rvm/gems/ruby-2.5.3/gems/capybara-3.26.0/lib/capybara/node/finders.rb:296:in `block in synced_resolve'\n     # /Users/serpentz/.rvm/gems/ruby-2.5.3/gems/capybara-3.26.0/lib/capybara/node/base.rb:83:in `synchronize'\n     # /Users/serpentz/.rvm/gems/ruby-2.5.3/gems/capybara-3.26.0/lib/capybara/node/finders.rb:287:in `synced_resolve'\n     # /Users/serpentz/.rvm/gems/ruby-2.5.3/gems/capybara-3.26.0/lib/capybara/node/finders.rb:52:in `find'\n     # /Users/serpentz/.rvm/gems/ruby-2.5.3/gems/capybara-3.26.0/lib/capybara/node/actions.rb:91:in `fill_in'\n     # /Users/serpentz/.rvm/gems/ruby-2.5.3/gems/capybara-3.26.0/lib/capybara/session.rb:749:in `block (2 levels) in <class:Session>'\n     # /Users/serpentz/.rvm/gems/ruby-2.5.3/gems/capybara-3.26.0/lib/capybara/dsl.rb:51:in `block (2 levels) in <module:DSL>'\n     # ./spec/features/index_spec.rb:7:in `block (2 levels) in <top (required)>'\n\nFinished in 5.71 seconds (files took 2.22 seconds to load)\n3 examples, 1 failure\n\nFailed examples:\n\nrspec ./spec/features/index_spec.rb:4 # Indices User creates a new widget\n\n➜  Learn_me git:(master) ✗ rspec\n2019-07-29 18:21:48 WARN Selenium [DEPRECATION] Selenium::WebDriver::Chrome#driver_path= is deprecated. Use Selenium::WebDriver::Chrome::Service#driver_path= instead.\n[Simple Form] Simple Form is not configured in the application and will use the default values. Use `rails generate simple_form:install` to generate the Simple Form configuration.\nDEPRECATION WARNING: Dangerous query method (method whose arguments are used as raw SQL) called with non-attribute argument(s): "RANDOM()". Non-attribute arguments will be disallowed in Rails 6.0. This method should not be called with user-provided values, such as request parameters or model attributes. Known-safe values can be passed by wrapping them in Arel.sql(). (called from index at /Users/serpentz/Documents/development/Learn_me/app/controllers/quotes_controller.rb:3)\nChecking for expected text of nil is confusing and/or pointless since it will always match. Please specify a string or regexp instead.\n...\n\nFinished in 0.3276 seconds (files took 2.17 seconds to load)\n3 examples, 0 failures\n\n➜  Learn_me git:(master) ✗ rspec -fd\n2019-07-29 18:34:05 WARN Selenium [DEPRECATION] Selenium::WebDriver::Chrome#driver_path= is deprecated. Use Selenium::WebDriver::Chrome::Service#driver_path= instead.\n[Simple Form] Simple Form is not configured in the application and will use the default values. Use `rails generate simple_form:install` to generate the Simple Form configuration.\n\nIndices\nDEPRECATION WARNING: Dangerous query method (method whose arguments are used as raw SQL) called with non-attribute argument(s): "RANDOM()". Non-attribute arguments will be disallowed in Rails 6.0. This method should not be called with user-provided values, such as request parameters or model attributes. Known-safe values can be passed by wrapping them in Arel.sql(). (called from index at /Users/serpentz/Documents/development/Learn_me/app/controllers/quotes_controller.rb:3)\nChecking for expected text of nil is confusing and/or pointless since it will always match. Please specify a string or regexp instead.\n  User creates a new widget\n\nQuote\n  can be created\n  has a to_s instance method\n\nFinished in 0.33652 seconds (files took 2.12 seconds to load)\n3 examples, 0 failures\n\n➜  Learn_me git:(master) ✗\n\nFinished in 0.02937 seconds (files took 2.22 seconds to load)\n{}|"zsh: invalid mode specification\n➜  Learn_me git:(master) ✗ {}|"}"AZZ\n+}|zsh: command not found: }AZZ\n➜  Learn_me git:(master) ✗ +}|{`167890-\C\nzsh: parse error near `}'\n➜  Learn_me git:(master) ✗ LS\nGemfile\t\tGemfile.lock\tREADME.md\tRakefile\tapp\t\tbin\t\tconfig\t\tconfig.ru\tdb\t\tlib\t\tlog\t\tpackage.json\tpublic\t\tspec\t\tstorage\t\ttest\t\ttmp\t\tvendor\n➜  Learn_me git:(master) ✗ ls\nGemfile      Gemfile.lock README.md    Rakefile     app          bin          config       config.ru    db           lib          log          package.json public       spec         storage      test         tmp          vendor\n➜  Learn_me git:(master) ✗ rspec -fd\n2019-07-29 20:52:47 WARN Selenium [DEPRECATION] Selenium::WebDriver::Chrome#driver_path= is deprecated. Use Selenium::WebDriver::Chrome::Service#driver_path= instead.\n[Simple Form] Simple Form is not configured in the application and will use the default values. Use `rails generate simple_form:install` to generate the Simple Form configuration.\n\nIndices\nDEPRECATION WARNING: Dangerous query method (method whose arguments are used as raw SQL) called with non-attribute argument(s): "RANDOM()". Non-attribute arguments will be disallowed in Rails 6.0. This method should not be called with user-provided values, such as request parameters or model attributes. Known-safe values can be passed by wrapping them in Arel.sql(). (called from index at /Users/serpentz/Documents/development/Learn_me/app/controllers/quotes_controller.rb:3)\nChecking for expected text of nil is confusing and/or pointless since it will always match. Please specify a string or regexp instead.\n  User creates a new widget\n\nQuote\n  can be created\n  has a to_s instance method\n\nFinished in 0.49057 seconds (files took 2.09 seconds to load)\n3 examples, 0 failures\n\n➜  Learn_me git:(master) ✗ eeeeeeeeeeeeegggggggdxcxcxccxddffxfcxf xcxcxsdcfdxcf\nzsh: command not found: eeeeeeeeeeeeegggggggdxcxcxccxddffxfcxf\n➜  Learn_me git:(master) ✗ HEROKU APPS\n ›   Warning: heroku update available from 7.24.1 to 7.26.2.\n ›   Warning: APPS is not a heroku command.\nDid you mean ci? [y/n]: n\n ›   Error: Run heroku help for a list of available commands.\n➜  Learn_me git:(master) ✗ heroku apps\n ›   Warning: heroku update available from 7.24.1 to 7.26.2.\n=== absalomcherinet@gmail.com Apps\nironflow-backend\nironflow-frontend\nsba-backend\nwarm-lowlands-69752\n\n➜  Learn_me git:(master) ✗ heroku info\n ›   Warning: heroku update available from 7.24.1 to 7.26.2.\n ▸    No app specified.\n ▸    USAGE: heroku info my-app\n➜  Learn_me git:(master) ✗ cd ..\n➜  development ls\nHackathon-Small-Business-App Learn_me                     Neo4j                        Test                         nappa_bot                    relief_dash                  sba_server                   trello\nLanding-Page-Nappa-Bot       Money-App                    Sba-Server                   issac                        nappa_slack_bot              sba_backend                  showcase                     vegeta_bot\n➜  development  cd sba_server\n➜  sba_server git:(master) ✗ heroku info\n ›   Warning: heroku update available from 7.24.1 to 7.26.2.\n=== sba-backend\nAddons:         heroku-postgresql:hobby-dev\nAuto Cert Mgmt: false\nDynos:          web: 1\nGit URL:        https://git.heroku.com/sba-backend.git\nOwner:          absalomcherinet@gmail.com\nRegion:         us\nRepo Size:      40 KB\nSlug Size:      28 MB\nStack:          heroku-18\nWeb URL:        https://sba-backend.herokuapp.com/\n➜  sba_server git:(master) ✗ git@github.com:Timgriffin1/Nomster.git
 1909  cd Nomster
 1910  rails s
 1911  bundle install 
 1912  rails s 
 1913  rails db:create 
 1914  rails db:migrate 
 1915  rails s 
 1916  ls
 1917  atom . 
 1918  git add . 
 1919  git commit -m "destroy method bug"
 1920  gp 
 1921  git push https://github.com/serpentz/Nomster.git
 1922  rails s 
 1923  ls
 1924  rails c 
 1925  rake routes 
 1926  bundle 
 1927  bundle
 1928  rails s
 1929  ls
 1930  cd .. 
 1931  ls
 1932  rm -r Nomster
 1933  ls
 1934  cd Nomster
 1935  ls
 1936  l
 1937  rm .git 
 1938  rm /.git 
 1939  rm of .git 
 1940  rm -f .git 
 1941  rm -R .git 
 1942  ls
 1943  l
 1944  rm -f .git
 1945  rm -f 
 1946  ls
 1947  l
 1948  rm /
 1949  rm -r 
 1950  rm -r ./git
 1951  ls
 1952  l
 1953  cd .. 
 1954  ls
 1955  rm -r Nomster
 1956  l
 1957  ls 
 1958  ls
 1959  ls -lh
 1960  l
 1961  cd Learn_me
 1962  ls
 1963  rspec
 1964  cd ../Learn_me
 1965  ls
 1966  rails s
 1967  rspec
 1968  hey
 1969  ls
 1970  ls 
 1971  docker
 1972  brew install docker 
 1973  docker 
 1974  ls
 1975  ls 
 1976  cat git
 1977  cd git
 1978  ls
 1979  ls 
 1980  cd ..
 1981  ls
 1982  cd Movies
 1983  ls
 1984  docker 
 1985  cd ..
 1986  ls
 1987  cd Documents
 1988  ls
 1989  cd development
 1990  ls
 1991  docker images 
 1992  docker run 
 1993  brew cask install vagrant
 1994  vagrant box add precise64 http://files.vagrantup.com/precise64.box
 1995  sudo vagrant box add precise64 http://files.vagrantup.com/precise64.box
 1996  vagrant init precise64
 1997  vagrant up
 1998  vagrant init ubuntu/trusty64
 1999  ls
 2000  rm V
 2001  rm Vagrantfile
 2002  ls
 2003  vagrant init ubuntu/trusty64
 2004  vagrant up
 2005  [ENV]:/vagrant $\n
 2006  curl 
 2007  curl  https:://cli-assets.heroku.com/install.sh | sh 
 2008  curl https://cli-assets.heroku.com/install.sh | sh
 2009  ping %                                                                                                                                                                                                                                               ➜  ~ hey\nzsh: command not found: hey\n➜  ~ ls\nAndroidStudioProjects Movies                eclipse-workspace\nApplications          Music                 flutter\nCreative Cloud Files  Pictures              git\nDesktop               Public                lex.yy.cc\nDocuments             StudioProjects        node_modules\nDownloads             Wine Files            package-lock.json\nLibrary               eclipse               war-programming-test\n➜  ~ ls\nAndroidStudioProjects Movies                eclipse-workspace\nApplications          Music                 flutter\nCreative Cloud Files  Pictures              git\nDesktop               Public                lex.yy.cc\nDocuments             StudioProjects        node_modules\nDownloads             Wine Files            package-lock.json\nLibrary               eclipse               war-programming-test\n➜  ~ docker\nzsh: command not found: docker\n➜  ~ brew install docker\nUpdating Homebrew...\n==> Auto-updated Homebrew!\nUpdated 3 taps (heroku/brew, homebrew/core and homebrew/cask).\n==> New Formulae\ndive                                     wtfutil\n==> Updated Formulae\ngnupg ✔                    imagemagick                ocaml-findlib\nheroku/brew/heroku ✔       imagemagick@6              ocrmypdf\nace                        ipython                    ode\nangular-cli                istioctl                   offlineimap\nask-cli                    jfrog-cli-go               opa\nauditbeat                  jhipster                   openimageio\nautorest                   joplin                     openldap\nazure-cli                  juju                       orc\nbabl                       k3d                        pgweb\nbinaryen                   k6                         pmd\nbuildifier                 kibana                     pngquant\nbuildkit                   kim-api                    ponyc\ncaf                        knot                       presto\ncheckbashisms              kubecfg                    pulumi\ncheckstyle                 kubernetes-helm            quickjs\ncnats                      lego                       rakudo\nconan                      libgig                     re2\nconsul-template            libimagequant              ripgrep\ncontentful-cli             libmatio                   s-nail\nconvox                     libosinfo                  sane-backends\ncrystal                    libosip                    sbcl\ncython                     libphonenumber             serverless\ndeno                       libu2f-host                shellcheck\ndhall                      logstash                   swiftformat\ndhall-json                 lsof                       teleport\ndialog                     luvit                      terraform\ndiffoscope                 mackup                     terragrunt\ndjango-completion          mafft                      terrahub\ndoctl                      mariadb@10.1               topgrade\ndrone-cli                  menhir                     v8\ndynare                     metabase                   vault\nelasticsearch              metricbeat                 vaulted\nemscripten                 minio                      vifm\nexim                       minio-mc                   vim\nexiv2                      moarvm                     vips\nexploitdb                  mockserver                 vulkan-headers\nfastjar                    modules                    watchexec\nfirebase-cli               moe                        webpack\nfrpc                       mosquitto                  wtf\nfuse-zip                   nagios                     x265\ngatsby-cli                 netlify-cli                xrootd\ngitmoji                    newman                     youtube-dl\nglooctl                    nickle                     zabbix\ngoreleaser                 nlohmann-json              zelda-roth-se\ngsoap                      node                       zimg\nhelmfile                   node@10                    zsdx\nhomebank                   nomad                      zsxd\nhugo                       nqp\ni2p                        nyx\n\n==> Downloading https://homebrew.bintray.com/bottles/docker-19.03.1.mojave.bottl\n==> Downloading from https://akamai.bintray.com/ed/ed32c0a9455ff5f193f6f6f8d1754\n######################################################################## 100.0%\n==> Pouring docker-19.03.1.mojave.bottle.tar.gz\n==> Caveats\nBash completion has been installed to:\n  /usr/local/etc/bash_completion.d\n\nzsh completions have been installed to:\n  /usr/local/share/zsh/site-functions\n==> Summary\n🍺  /usr/local/Cellar/docker/19.03.1: 8 files, 79.9MB\n==> `brew cleanup` has not been run in 30 days, running now...\nRemoving: /usr/local/Cellar/icu4c/63.1... (254 files, 68.4MB)\nRemoving: /usr/local/Cellar/openssl/1.0.2r... (1,795 files, 12.1MB)\nRemoving: /Users/serpentz/Library/Logs/Homebrew/maven... (101B)\nPruned 0 symbolic links and 4 directories from /usr/local\n➜  ~ docker\n\nUsage:\tdocker [OPTIONS] COMMAND\n\nA self-sufficient runtime for containers\n\nOptions:\n      --config string      Location of client config files (default\n                           "/Users/serpentz/.docker")\n  -c, --context string     Name of the context to use to connect to the\n                           daemon (overrides DOCKER_HOST env var and\n                           default context set with "docker context use")\n  -D, --debug              Enable debug mode\n  -H, --host list          Daemon socket(s) to connect to\n  -l, --log-level string   Set the logging level\n                           ("debug"|"info"|"warn"|"error"|"fatal")\n                           (default "info")\n      --tls                Use TLS; implied by --tlsverify\n      --tlscacert string   Trust certs signed only by this CA (default\n                           "/Users/serpentz/.docker/ca.pem")\n      --tlscert string     Path to TLS certificate file (default\n                           "/Users/serpentz/.docker/cert.pem")\n      --tlskey string      Path to TLS key file (default\n                           "/Users/serpentz/.docker/key.pem")\n      --tlsverify          Use TLS and verify the remote\n  -v, --version            Print version information and quit\n\nManagement Commands:\n  builder     Manage builds\n  config      Manage Docker configs\n  container   Manage containers\n  context     Manage contexts\n  image       Manage images\n  network     Manage networks\n  node        Manage Swarm nodes\n  plugin      Manage plugins\n  secret      Manage Docker secrets\n  service     Manage services\n  stack       Manage Docker stacks\n  swarm       Manage Swarm\n  system      Manage Docker\n  trust       Manage trust on Docker images\n  volume      Manage volumes\n\nCommands:\n  attach      Attach local standard input, output, and error streams to a running container\n  build       Build an image from a Dockerfile\n  commit      Create a new image from a container's changes\n  cp          Copy files/folders between a container and the local filesystem\n  create      Create a new container\n  deploy      Deploy a new stack or update an existing stack\n  diff        Inspect changes to files or directories on a container's filesystem\n  events      Get real time events from the server\n  exec        Run a command in a running container\n  export      Export a container's filesystem as a tar archive\n  history     Show the history of an image\n  images      List images\n  import      Import the contents from a tarball to create a filesystem image\n  info        Display system-wide information\n  inspect     Return low-level information on Docker objects\n  kill        Kill one or more running containers\n  load        Load an image from a tar archive or STDIN\n  login       Log in to a Docker registry\n  logout      Log out from a Docker registry\n  logs        Fetch the logs of a container\n  pause       Pause all processes within one or more containers\n  port        List port mappings or a specific mapping for the container\n  ps          List containers\n  pull        Pull an image or a repository from a registry\n  push        Push an image or a repository to a registry\n  rename      Rename a container\n  restart     Restart one or more containers\n  rm          Remove one or more containers\n  rmi         Remove one or more images\n  run         Run a command in a new container\n  save        Save one or more images to a tar archive (streamed to STDOUT by default)\n  search      Search the Docker Hub for images\n  start       Start one or more stopped containers\n  stats       Display a live stream of container(s) resource usage statistics\n  stop        Stop one or more running containers\n  tag         Create a tag TARGET_IMAGE that refers to SOURCE_IMAGE\n  top         Display the running processes of a container\n  unpause     Unpause all processes within one or more containers\n  update      Update configuration of one or more containers\n  version     Show the Docker version information\n  wait        Block until one or more containers stop, then print their exit codes\n\nRun 'docker COMMAND --help' for more information on a command.\n➜  ~ ls\nAndroidStudioProjects Library               Wine Files            node_modules\nApplications          Movies                eclipse               package-lock.json\nCreative Cloud Files  Music                 eclipse-workspace     war-programming-test\nDesktop               Pictures              flutter\nDocuments             Public                git\nDownloads             StudioProjects        lex.yy.cc\n➜  ~ ls\nAndroidStudioProjects Library               Wine Files            node_modules\nApplications          Movies                eclipse               package-lock.json\nCreative Cloud Files  Music                 eclipse-workspace     war-programming-test\nDesktop               Pictures              flutter\nDocuments             Public                git\nDownloads             StudioProjects        lex.yy.cc\n➜  ~ cat git\ncat: git: Is a directory\n➜  ~ cd git\n➜  git ls\nwar-programming-test\n➜  git ls\nwar-programming-test\n➜  git cd ..\n➜  ~ ls\nAndroidStudioProjects Creative Cloud Files  Documents             Library               Music                 Public                Wine Files            eclipse-workspace     git                   node_modules          war-programming-test\nApplications          Desktop               Downloads             Movies                Pictures              StudioProjects        eclipse               flutter               lex.yy.cc             package-lock.json\n➜  ~ cd Movies\n➜  Movies ls\n➜  Movies docker\n\nUsage:\tdocker [OPTIONS] COMMAND\n\nA self-sufficient runtime for containers\n\nOptions:\n      --config string      Location of client config files (default "/Users/serpentz/.docker")\n  -c, --context string     Name of the context to use to connect to the daemon (overrides DOCKER_HOST env var and default context set with "docker context use")\n  -D, --debug              Enable debug mode\n  -H, --host list          Daemon socket(s) to connect to\n  -l, --log-level string   Set the logging level ("debug"|"info"|"warn"|"error"|"fatal") (default "info")\n      --tls                Use TLS; implied by --tlsverify\n      --tlscacert string   Trust certs signed only by this CA (default "/Users/serpentz/.docker/ca.pem")\n      --tlscert string     Path to TLS certificate file (default "/Users/serpentz/.docker/cert.pem")\n      --tlskey string      Path to TLS key file (default "/Users/serpentz/.docker/key.pem")\n      --tlsverify          Use TLS and verify the remote\n  -v, --version            Print version information and quit\n\nManagement Commands:\n  builder     Manage builds\n  config      Manage Docker configs\n  container   Manage containers\n  context     Manage contexts\n  image       Manage images\n  network     Manage networks\n  node        Manage Swarm nodes\n  plugin      Manage plugins\n  secret      Manage Docker secrets\n  service     Manage services\n  stack       Manage Docker stacks\n  swarm       Manage Swarm\n  system      Manage Docker\n  trust       Manage trust on Docker images\n  volume      Manage volumes\n\nCommands:\n  attach      Attach local standard input, output, and error streams to a running container\n  build       Build an image from a Dockerfile\n  commit      Create a new image from a container's changes\n  cp          Copy files/folders between a container and the local filesystem\n  create      Create a new container\n  deploy      Deploy a new stack or update an existing stack\n  diff        Inspect changes to files or directories on a container's filesystem\n  events      Get real time events from the server\n  exec        Run a command in a running container\n  export      Export a container's filesystem as a tar archive\n  history     Show the history of an image\n  images      List images\n  import      Import the contents from a tarball to create a filesystem image\n  info        Display system-wide information\n  inspect     Return low-level information on Docker objects\n  kill        Kill one or more running containers\n  load        Load an image from a tar archive or STDIN\n  login       Log in to a Docker registry\n  logout      Log out from a Docker registry\n  logs        Fetch the logs of a container\n  pause       Pause all processes within one or more containers\n  port        List port mappings or a specific mapping for the container\n  ps          List containers\n  pull        Pull an image or a repository from a registry\n  push        Push an image or a repository to a registry\n  rename      Rename a container\n  restart     Restart one or more containers\n  rm          Remove one or more containers\n  rmi         Remove one or more images\n  run         Run a command in a new container\n  save        Save one or more images to a tar archive (streamed to STDOUT by default)\n  search      Search the Docker Hub for images\n  start       Start one or more stopped containers\n  stats       Display a live stream of container(s) resource usage statistics\n  stop        Stop one or more running containers\n  tag         Create a tag TARGET_IMAGE that refers to SOURCE_IMAGE\n  top         Display the running processes of a container\n  unpause     Unpause all processes within one or more containers\n  update      Update configuration of one or more containers\n  version     Show the Docker version information\n  wait        Block until one or more containers stop, then print their exit codes\n\nRun 'docker COMMAND --help' for more information on a command.\n➜  Movies cd ..\n➜  ~ ls\nAndroidStudioProjects Creative Cloud Files  Documents             Library               Music                 Public                Wine Files            eclipse-workspace     git                   node_modules          war-programming-test\nApplications          Desktop               Downloads             Movies                Pictures              StudioProjects        eclipse               flutter               lex.yy.cc             package-lock.json\n➜  ~ cd Documents\n➜  Documents ls\nAbsalom_DHS_11000-6.pdf                 Absalom_DHS_FNRS.pdf                    Scan.pdf                                forms                                   public trust.pdf                        tl\nAbsalom_DHS_Citizenship Declaration.pdf Hackathon Webinar.mov                   development                             new                                     spiderman.app\n➜  Documents cd development\n➜  development ls\nHackathon-Small-Business-App Learn_me                     Neo4j                        Test                         nappa_bot                    relief_dash                  sba_server                   trello\nLanding-Page-Nappa-Bot       Money-App                    Sba-Server                   issac                        nappa_slack_bot              sba_backend                  showcase                     vegeta_bot\n➜  development docker images\nCannot connect to the Docker daemon at unix:///var/run/docker.sock. Is the docker daemon running?\n➜  development docker run\n"docker run" requires at least 1 argument.\nSee 'docker run --help'.\n\nUsage:  docker run [OPTIONS] IMAGE [COMMAND] [ARG...]\n\nRun a command in a new container\n➜  development  brew cask install virtualbox\nUpdating Homebrew...\n==> Auto-updated Homebrew!\nUpdated 2 taps (homebrew/core and homebrew/cask).\n==> Updated Formulae\nlibtasn1 ✔            balena-cli            composer              exploitdb             gitleaks              hyperkit              kubecfg               n                     pdns                  repo                  sonobuoy              srt                   terragrunt            webpack\naliyun-cli            bear                  dependency-check      faudio                glooctl               jdupes                lsd                   node-build            pdnsrec               shellharden           spim                  stolon                tflint\natomist-cli           citus                 docfx                 fontforge             helmsman              jing-trang            mingw-w64             pc6001vx              phpunit               skaffold              sqlmap                stow                  tile38\nawscli                cmix                  doctl                 fonttools             htpdate               kops                  mp3cat                pcb2gcode             re2c                  sonarqube             src                   teleport              vimpc\n\n==> Caveats\nTo install and/or use virtualbox you may need to enable its kernel extension in:\n  System Preferences → Security & Privacy → General\nFor more information refer to vendor documentation or this Apple Technical Note:\n  https://developer.apple.com/library/content/technotes/tn2459/_index.html\n\n==> Satisfying dependencies\n==> Downloading https://download.virtualbox.org/virtualbox/6.0.10/VirtualBox-6.0.10-132072-OSX.dmg\n######################################################################## 100.0%\n==> Verifying SHA-256 checksum for Cask 'virtualbox'.\n==> Installing Cask virtualbox\n==> Running installer for virtualbox; your password may be necessary.\n==> Package installers may write to any location; options such as --appdir are ignored.\nPassword:\ninstaller: Package name is Oracle VM VirtualBox\ninstaller: Installing at base path /\ninstaller: The install failed (The Installer encountered an error that caused the installation to fail. Contact the software manufacturer for assistance.)\n==> Purging files for version 6.0.10,132072 of Cask virtualbox\nError: Failure while executing; `/usr/bin/sudo -E -- env LOGNAME=serpentz USER=serpentz USERNAME=serpentz /usr/sbin/installer -pkg /usr/local/Caskroom/virtualbox/6.0.10,132072/VirtualBox.pkg -target /` exited with 1. Here's the output:\ninstaller: Package name is Oracle VM VirtualBox\ninstaller: Installing at base path /\ninstaller: The install failed (The Installer encountered an error that caused the installation to fail. Contact the software manufacturer for assistance.)\nFollow the instructions here:\n  https://github.com/Homebrew/homebrew-cask#reporting-bugs\n/usr/local/Homebrew/Library/Homebrew/system_command.rb:111:in `assert_success'\n/usr/local/Homebrew/Library/Homebrew/system_command.rb:52:in `run!'\n/usr/local/Homebrew/Library/Homebrew/system_command.rb:29:in `run'\n/usr/local/Homebrew/Library/Homebrew/system_command.rb:33:in `run!'\n/usr/local/Homebrew/Library/Homebrew/cask/artifact/pkg.rb:59:in `block in run_installer'\n/usr/local/Homebrew/Library/Homebrew/cask/artifact/pkg.rb:65:in `with_choices_file'\n/usr/local/Homebrew/Library/Homebrew/cask/artifact/pkg.rb:52:in `run_installer'\n/usr/local/Homebrew/Library/Homebrew/cask/artifact/pkg.rb:34:in `install_phase'\n/usr/local/Homebrew/Library/Homebrew/cask/installer.rb:214:in `block in install_artifacts'\n/System/Library/Frameworks/Ruby.framework/Versions/2.3/usr/lib/ruby/2.3.0/set.rb:674:in `each'\n/System/Library/Frameworks/Ruby.framework/Versions/2.3/usr/lib/ruby/2.3.0/set.rb:674:in `each'\n/usr/local/Homebrew/Library/Homebrew/cask/installer.rb:205:in `install_artifacts'\n/usr/local/Homebrew/Library/Homebrew/cask/installer.rb:103:in `install'\n/usr/local/Homebrew/Library/Homebrew/cask/cmd/install.rb:23:in `block in run'\n/usr/local/Homebrew/Library/Homebrew/cask/cmd/install.rb:16:in `each'\n/usr/local/Homebrew/Library/Homebrew/cask/cmd/install.rb:16:in `run'\n/usr/local/Homebrew/Library/Homebrew/cask/cmd/abstract_command.rb:36:in `run'\n/usr/local/Homebrew/Library/Homebrew/cask/cmd.rb:93:in `run_command'\n/usr/local/Homebrew/Library/Homebrew/cask/cmd.rb:159:in `run'\n/usr/local/Homebrew/Library/Homebrew/cask/cmd.rb:124:in `run'\n/usr/local/Homebrew/Library/Homebrew/cmd/cask.rb:9:in `cask'\n/usr/local/Homebrew/Library/Homebrew/brew.rb:102:in `<main>'\n➜  development  brew cask install virtualbox\n==> Caveats\nTo install and/or use virtualbox you may need to enable its kernel extension in:\n  System Preferences → Security & Privacy → General\nFor more information refer to vendor documentation or this Apple Technical Note:\n  https://developer.apple.com/library/content/technotes/tn2459/_index.html\n\n==> Satisfying dependencies\n==> Downloading https://download.virtualbox.org/virtualbox/6.0.10/VirtualBox-6.0.10-132072-OSX.dmg\nAlready downloaded: /Users/serpentz/Library/Caches/Homebrew/downloads/26668a41da90c7a74da326b345041f5865f0637983a3869365ff66e7e60a1ec2--VirtualBox-6.0.10-132072-OSX.dmg\n==> Verifying SHA-256 checksum for Cask 'virtualbox'.\n==> Installing Cask virtualbox\n==> Running installer for virtualbox; your password may be necessary.\n==> Package installers may write to any location; options such as --appdir are ignored.\ninstaller: Package name is Oracle VM VirtualBox\ninstaller: Installing at base path /\ninstaller: The install was successful.\n🍺  virtualbox was successfully installed!\n➜  development brew cask install vagrant\n==> Satisfying dependencies\n==> Downloading https://releases.hashicorp.com/vagrant/2.2.5/vagrant_2.2.5_x86_64.dmg\n######################################################################## 100.0%\n==> Verifying SHA-256 checksum for Cask 'vagrant'.\n==> Installing Cask vagrant\n==> Running installer for vagrant; your password may be necessary.\n==> Package installers may write to any location; options such as --appdir are ignored.\ninstaller: Package name is Vagrant\ninstaller: Installing at base path /\ninstaller: The install was successful.\n🍺  vagrant was successfully installed!\n➜  development  brew cask install vagrant-manager\n==> Satisfying dependencies\n==> Downloading https://github.com/lanayotech/vagrant-manager/releases/download/2.7.0/Vagrant.Manager-2.7.0.dmg\n==> Downloading from https://github-production-release-asset-2e65be.s3.amazonaws.com/18744882/b5634580-27fa-11e9-912f-771ab0244674\?X-Amz-Algorithm\=AWS4-HMAC-SHA256\&X-Amz-Credential\=AKIAIWNJYAX4CSVEH53A%2F20190804%2Fus-east-1%2Fs3%2Faws4_request\&X-Amz-Date\=20190804T163932Z\&X-Amz-Expires\=300\&X-Amz-Signature\=54c79c4f3ad\n######################################################################## 100.0%\n==> Verifying SHA-256 checksum for Cask 'vagrant-manager'.\n==> Installing Cask vagrant-manager\n==> Moving App 'Vagrant Manager.app' to '/Applications/Vagrant Manager.app'.\n🍺  vagrant-manager was successfully installed!\n➜  development vagrant box add precise64 http://files.vagrantup.com/precise64.box\n==> box: Box file was not detected as metadata. Adding it directly...\n==> box: Adding box 'precise64' (v0) for provider:\n    box: Downloading: http://files.vagrantup.com/precise64.box\n    box: Download redirected to host: hashicorp-files.hashicorp.com\n    box: Progress: 0% (Rate: 0/s, Estimated time remaining: --:--:--)\n    box: Progress: 0% (Rate: 0/s, Estimated time remaining: --:--:--)\n\n\n    box: Progress: 0% (Rate: 0/s, Estimated time remaining: --:--:--)^C==> box: Waiting for cleanup before exiting...\n==> box: Box download was interrupted. Exiting.\nThe box failed to unpackage properly. Please verify that the box\nfile you're trying to add is not corrupted and that enough disk space\nis available and then try again.\nThe output from attempting to unpackage (if any):\n\nbsdtar: Error opening archive: Failed to open '/Users/serpentz/.vagrant.d/tmp/boxecdd3228590f6607fb74677f2bf5ffaac09326ab'\n\n➜  development sudo vagrant box add precise64 http://files.vagrantup.com/precise64.box\n==> box: Box file was not detected as metadata. Adding it directly...\n==> box: Adding box 'precise64' (v0) for provider:\n    box: Downloading: http://files.vagrantup.com/precise64.box\n    box: Download redirected to host: hashicorp-files.hashicorp.com\nAn error occurred while downloading the remote file. The error\nmessage, if any, is reproduced below. Please fix this error and try\nagain.\n\nFailed to connect to hashicorp-files.hashicorp.com port 443: Operation timed out\n➜  development vagrant init precise64\nA `Vagrantfile` has been placed in this directory. You are now\nready to `vagrant up` your first virtual environment! Please read\nthe comments in the Vagrantfile as well as documentation on\n`vagrantup.com` for more information on using Vagrant.\n➜  development vagrant up\nBringing machine 'default' up with 'virtualbox' provider...\n==> default: Box 'precise64' could not be found. Attempting to find and install...\n    default: Box Provider: virtualbox\n    default: Box Version: >= 0\n==> default: Box file was not detected as metadata. Adding it directly...\n==> default: Adding box 'precise64' (v0) for provider: virtualbox\n    default: Downloading: precise64\nAn error occurred while downloading the remote file. The error\nmessage, if any, is reproduced below. Please fix this error and try\nagain.\n\nCouldn't open file /Users/serpentz/Documents/development/precise64\n➜  development vagrant init ubuntu/trusty64\n`Vagrantfile` already exists in this directory. Remove it before\nrunning `vagrant init`.\n➜  development ls\nHackathon-Small-Business-App Learn_me                     Neo4j                        Test                         issac                        nappa_slack_bot              sba_backend                  showcase                     vegeta_bot\nLanding-Page-Nappa-Bot       Money-App                    Sba-Server                   Vagrantfile                  nappa_bot                    relief_dash                  sba_server                   trello\n➜  development rm V\nrm: V: No such file or directory\n➜  development\n➜  development rm Vagrantfile\n➜  development ls\nHackathon-Small-Business-App Learn_me                     Neo4j                        Test                         nappa_bot                    relief_dash                  sba_server                   trello\nLanding-Page-Nappa-Bot       Money-App                    Sba-Server                   issac                        nappa_slack_bot              sba_backend                  showcase                     vegeta_bot\n➜  development vagrant init ubuntu/trusty64\nA `Vagrantfile` has been placed in this directory. You are now\nready to `vagrant up` your first virtual environment! Please read\nthe comments in the Vagrantfile as well as documentation on\n`vagrantup.com` for more information on using Vagrant.\n➜  development vagrant up\nBringing machine 'default' up with 'virtualbox' provider...\n==> default: Box 'ubuntu/trusty64' could not be found. Attempting to find and install...\n    default: Box Provider: virtualbox\n    default: Box Version: >= 0\n==> default: Loading metadata for box 'ubuntu/trusty64'\n    default: URL: https://vagrantcloud.com/ubuntu/trusty64\n==> default: Adding box 'ubuntu/trusty64' (v20190429.0.1) for provider: virtualbox\n    default: Downloading: https://vagrantcloud.com/ubuntu/boxes/trusty64/versions/20190429.0.1/providers/virtualbox.box\n    default: Download redirected to host: cloud-images.ubuntu.com\n==> default: Successfully added box 'ubuntu/trusty64' (v20190429.0.1) for 'virtualbox'!\n==> default: Importing base box 'ubuntu/trusty64'...\n==> default: Matching MAC address for NAT networking...\n==> default: Checking if box 'ubuntu/trusty64' version '20190429.0.1' is up to date...\n==> default: Setting the name of the VM: development_default_1564937980612_21124\n==> default: Clearing any previously set forwarded ports...\nVagrant is currently configured to create VirtualBox synced folders with\nthe `SharedFoldersEnableSymlinksCreate` option enabled. If the Vagrant\nguest is not trusted, you may want to disable this option. For more\ninformation on this option, please refer to the VirtualBox manual:\n\n  https://www.virtualbox.org/manual/ch04.html\#sharedfolders\n\nThis option can be disabled globally with an environment variable:\n\n  VAGRANT_DISABLE_VBOXSYMLINKCREATE=1\n\nor on a per folder basis within the Vagrantfile:\n\n  config.vm.synced_folder '/host/path', '/guest/path', SharedFoldersEnableSymlinksCreate: false\n==> default: Clearing any previously set network interfaces...\n==> default: Preparing network interfaces based on configuration...\n    default: Adapter 1: nat\n==> default: Forwarding ports...\n    default: 22 (guest) => 2222 (host) (adapter 1)\n==> default: Booting VM...\n==> default: Waiting for machine to boot. This may take a few minutes...\n    default: SSH address: 127.0.0.1:2222\n    default: SSH username: vagrant\n    default: SSH auth method: private key\n    default:\n    default: Vagrant insecure key detected. Vagrant will automatically replace\n    default: this with a newly generated keypair for better security.\n    default:\n    default: Inserting generated public key within guest...\n    default: Removing insecure key from the guest if it's present...\n    default: virtual machine match the version of VirtualBox you have installed on\n    default: your host and reload your VM.\n    default:\n    default: Guest Additions Version: 4.3.40\n    default: VirtualBox Version: 6.0\n==> default: Mounting shared folders...\n    default: /vagrant => /Users/serpentz/Documents/development\n➜  development  vagrant ssh\nWelcome to Ubuntu 14.04.6 LTS (GNU/Linux 3.13.0-170-generic x86_64)\n\n * Documentation:  https://help.ubuntu.com/\n\n  System information as of Sun Aug  4 17:00:01 UTC 2019\n\n  System load:  0.57              Processes:           83\n  Usage of /:   3.6% of 39.34GB   Users logged in:     0\n  Memory usage: 28%               IP address for eth0: 10.0.2.15\n  Swap usage:   0%\n\n  Graph this data and manage this system at:\n    https://landscape.canonical.com/\n\n0 updates can be installed immediately.\n0 of these updates are security updates.\n\nNew release '16.04.6 LTS' available.\nRun 'do-release-upgrade' to upgrade to it.\n\n\nvagrant@vagrant-ubuntu-trusty-64:~$ ls\nvagrant@vagrant-ubuntu-trusty-64:~$ l\nvagrant@vagrant-ubuntu-trusty-64:~$ dir\nvagrant@vagrant-ubuntu-trusty-64:~$ cd\nvagrant@vagrant-ubuntu-trusty-64:~$ cd\ncd                 cd-create-profile  cd-fix-profile     cd-iccdump\nvagrant@vagrant-ubuntu-trusty-64:~$ cd\ncd                 cd-create-profile  cd-fix-profile     cd-iccdump\nvagrant@vagrant-ubuntu-trusty-64:~$ cd\ncd                 cd-create-profile  cd-fix-profile     cd-iccdump\nvagrant@vagrant-ubuntu-trusty-64:~$ cd\nvagrant@vagrant-ubuntu-trusty-64:~$ cd .\n./      ../     .cache/ .ssh/\nvagrant@vagrant-ubuntu-trusty-64:~$ cd .\n./      ../     .cache/ .ssh/\nvagrant@vagrant-ubuntu-trusty-64:~$ cd .\n./      ../     .cache/ .ssh/\nvagrant@vagrant-ubuntu-trusty-64:~$ cd .\n./      ../     .cache/ .ssh/\nvagrant@vagrant-ubuntu-trusty-64:~$ cd .\n./      ../     .cache/ .ssh/\nvagrant@vagrant-ubuntu-trusty-64:~$ sudo snap install --classic heroku\nsudo: snap: command not found\nvagrant@vagrant-ubuntu-trusty-64:~$ sudo apt install snap\nReading package lists... Done\nBuilding dependency tree\nReading state information... Done\nThe following NEW packages will be installed:\n  snap\n0 upgraded, 1 newly installed, 0 to remove and 0 not upgraded.\nNeed to get 955 kB of archives.\nAfter this operation, 2,664 kB of additional disk space will be used.\nGet:1 http://archive.ubuntu.com/ubuntu/ trusty/universe snap amd64 2010-07-28-2 [955 kB]\nFetched 955 kB in 0s (1,172 kB/s)\nSelecting previously unselected package snap.\n(Reading database ... 63174 files and directories currently installed.)\nPreparing to unpack .../snap_2010-07-28-2_amd64.deb ...\nUnpacking snap (2010-07-28-2) ...\nProcessing triggers for man-db (2.6.7.1-1ubuntu1) ...\nSetting up snap (2010-07-28-2) ...\nvagrant@vagrant-ubuntu-trusty-64:~$ ls\nvagrant@vagrant-ubuntu-trusty-64:~$ l\nvagrant@vagrant-ubuntu-trusty-64:~$ cd ..\nvagrant@vagrant-ubuntu-trusty-64:/home$ ls\nubuntu  vagrant\nvagrant@vagrant-ubuntu-trusty-64:/home$ cd vagrant/\nvagrant@vagrant-ubuntu-trusty-64:~$ ls\nvagrant@vagrant-ubuntu-trusty-64:~$ l\nvagrant@vagrant-ubuntu-trusty-64:~$ sudo apt install snap\nReading package lists... Done\nBuilding dependency tree\nReading state information... Done\nsnap is already the newest version.\n0 upgraded, 0 newly installed, 0 to remove and 0 not upgraded.\nvagrant@vagrant-ubuntu-trusty-64:~$ sudo snap install --classic heroku\nZOE ERROR (from /usr/lib/snap/snap): zoeParseOptions: unknown option (--classic)\nZOE library version 2006-07-28\nvagrant@vagrant-ubuntu-trusty-64:~$ sudo snap install heroku\nZOE ERROR (from /usr/lib/snap/snap): error opening parameter file\nZOE library version 2006-07-28\nvagrant@vagrant-ubuntu-trusty-64:~$ snap install heroku\nZOE ERROR (from /usr/lib/snap/snap): error opening parameter file\nZOE library version 2006-07-28\nvagrant@vagrant-ubuntu-trusty-64:~$ curl https://cli-assets.heroku.com/install.sh | sh\n  % Total    % Received % Xferd  Average Speed   Time    Time     Time  Current\n                                 Dload  Upload   Total   Spent    Left  Speed\n100  1892  100  1892    0     0  10796      0 --:--:-- --:--:-- --:--:-- 10811\nThis script requires superuser access.\nYou will be prompted for your password by sudo.\nInstalling CLI from https://cli-assets.heroku.com/heroku-linux-x64.tar.xz\n  % Total    % Received % Xferd  Average Speed   Time    Time     Time  Current\n                                 Dload  Upload   Total   Spent    Left  Speed\n100 17.6M  100 17.6M    0     0  5750k      0  0:00:03  0:00:03 --:--:-- 5750k\nv11.14.0\nheroku installed to /usr/local/bin/heroku\nheroku/7.27.1 linux-x64 node-v11.14.0\nvagrant@vagrant-ubuntu-trusty-64:~$ heroku\nCLI to interact with Heroku\n\nVERSION\n  heroku/7.27.1 linux-x64 node-v11.14.0\n\nUSAGE\n  $ heroku [COMMAND]\n\nCOMMANDS\n  access          manage user access to apps\n  addons          tools and services for developing, extending, and operating your app\n  apps            manage apps on Heroku\n  auth            check 2fa status\n  authorizations  OAuth authorizations\n  autocomplete    display autocomplete installation instructions\n  buildpacks      scripts used to compile apps\n  certs           a topic for the ssl plugin\n  ci              run an application test suite on Heroku\n  clients         OAuth clients on the platform\n  config          environment variables of apps\n  container       Use containers to build and deploy Heroku apps\n  domains         custom domains for apps\n  drains          forward logs to syslog or HTTPS\n  features        add/remove app features\n  git             manage local git repository for app\n  help            display help for heroku\n  keys            add/remove account ssh keys\n  labs            add/remove experimental features\n  local           run Heroku app locally\n  logs            display recent log output\n  maintenance     enable/disable access to app\n  members         manage organization members\n  notifications   display notifications\n  orgs            manage organizations\n  pg              manage postgresql databases\n  pipelines       groups of apps that share the same codebase\n  plugins         list installed plugins\n  ps              Client tools for Heroku Exec\n  psql            open a psql shell to the database\n  redis           manage heroku redis instances\n  regions         list available regions for deployment\n  releases        display the releases for an app\n  reviewapps      disposable apps built on GitHub pull requests\n  run             run a one-off process inside a Heroku dyno\n  sessions        OAuth sessions\n  spaces          manage heroku private spaces\n  status          status of the Heroku platform\n  teams           manage teams\n  update          update the Heroku CLI\n  webhooks        setup HTTP notifications of app activity\n\nvagrant@vagrant-ubuntu-trusty-64:~$ which heroku\n/usr/local/bin/heroku\nvagrant@vagrant-ubuntu-trusty-64:~$ heroku login -i\nheroku: Enter your login credentials\nEmail: Connection to 127.0.0.1 closed by remote host.\nConnection to 127.0.0.1 closed.\n➜  development [ENV]:/vagrant $\n\nzsh: no such file or directory: [ENV]:/vagrant\n➜  development curl\ncurl: try 'curl --help' or 'curl --manual' for more information\n➜  development curl  https:://cli-assets.heroku.com/install.sh | sh\ncurl: (3) Port number ended with ':'\n➜  development curl https://cli-assets.heroku.com/install.sh | sh\n  % Total    % Received % Xferd  Average Speed   Time    Time     Time  Current\n                                 Dload  Upload   Total   Spent    Left  Speed\n100  1892  100  1892    0     0  21874      0 --:--:-- --:--:-- --:--:-- 22000\nThis script requires superuser access.\nYou will be prompted for your password by sudo.\nPassword:\nInstalling CLI from https://cli-assets.heroku.com/heroku-darwin-x64.tar.gz\n  % Total    % Received % Xferd  Average Speed   Time    Time     Time  Current\n                                 Dload  Upload   Total   Spent    Left  Speed\n100 25.4M  100 25.4M    0     0  3100k      0  0:00:08  0:00:08 --:--:-- 2064k\nv11.14.0\nheroku installed to /usr/local/bin/heroku\nheroku/7.27.1 darwin-x64 node-v11.14.0\n➜  development vagrant init ubuntu/tru\n
 2010  l
 2011  ls- lh 
 2012  ls -lh 
 2013  man ls
 2014  ls -m 
 2015  ls -mj 
 2016  ls -m1
 2017  heroku 
 2018  heroku webhooks 
 2019  heroku apps
 2020  heroku webhooks -a sba-backend
 2021  heroku webhooks:add -a sba-backend
 2022  heroku webhooks:add -i  -a sba-backend
 2023  heroku webhooks:add -i 
 2024  heroku webhooks:add 
 2025  heroku --help 
 2026  heroku git 
 2027  * * * /bin/bash -c "DISPLAY=:0 $HOME/backupVM >> $HOME/backupVM.log 2>&1"
 2028  /bin/bash -c "DISPLAY=:0 $HOME/backupVM >> $HOME/backupVM.log 2>&1"
 2029  VBoxManage
 2030  VBoxManage list
 2031  VBoxManage list -vms
 2032  VBoxManage list -l
 2033  VBoxManage list 
 2034  VBoxManage list vms
 2035  VBoxManage start Parrot Security
 2036  VBoxManage startvm Parrot Security
 2037  VBoxManage startvm b05c2939-a1eb-4b39-8bc4-9b16f960174e
 2038  sudo modprobe vboxdrv
 2039  sudo pacman -Syyu
 2040  VBoxManage startvm b05c2939-a1eb-4b39-8bc4-9b16f960174e --headless
 2041  VBoxManage startvm b05c2939-a1eb-4b39-8bc4-9b16f960174e --type=headless
 2042  sudo /sbin/vboxconfig
 2043  vbox
 2044  virtualenv_prompt_info
 2045  bash 
 2046  dpkg -l | grep virtualbox-dkms
 2047  apt-get purge virtualbox-dkms && sudo apt-get install dkms
 2048  /Volumes/VirtualBox/VirtualBox_Uninstall.tool ;        exit;
 2049  /Volumes/VirtualBox/VirtualBox_Uninstall.tool
 2050  /Volumes/VirtualBox/VirtualBox_Uninstall.tool;
 2051  ls
 2052  bash 
 2053  ls
 2054  exit
 2055  ls
 2056  ssh 
 2057  ls
 2058  cd deve
 2059  ls 
 2060  cd Di
 2061  cd Documents
 2062  ls
 2063  cd development
 2064  ls
 2065  cd Learn_me/
 2066  rspec 
 2067  atom  . 
 2068  ls
 2069  rails t
 2070  lss 
 2071  ls 
 2072  ls- lh
 2073  ls -lh
 2074  ls -lhf
 2075  l
 2076  ls -slhf
 2077  ls
 2078  rails test 
 2079  rspec 
 2080  ls 
 2081  cd 
 2082  ls
 2083  reset 
 2084  ls
 2085  ls -lhs 
 2086  ls -l
 2087  l
 2088  ls
 2089  cd Documents
 2090  ls
 2091  ls -l 
 2092  ls -lh 
 2093  cd development
 2094  ls
 2095  cd  Hackathon-Small-Business-App
 2096  ls
 2097  ionic 
 2098  brew install ionic 
 2099  ls
 2100  netstat
 2101  ls
 2102  bash 
 2103  sh 
 2104  cd ..
 2105  cd .. 
 2106  ls 
 2107  cd ..
 2108  cd Downloads
 2109  ls
 2110  cd Pintu\ HTML
 2111  ls
 2112  atom . 
 2113  cd .. 
 2114  ls
 2115  cd .. 
 2116  ls
 2117  mkdir Ticon\ Labs
 2118  ls 
 2119  cd Ticon\ Labs
 2120  ls
 2121  create-react-app website
 2122  ls
 2123  cd website
 2124  ls
 2125  atom . 
 2126  npm star 
 2127  npm start 
 2128  git add . 
 2129  gcam "initial commit: created and migrated pintu files to react files"
 2130  git push 
 2131  ls
 2132  cd ..
 2133  ls
 2134  cd ..
 2135  gc git@github.com:sherlock-project/sherlock.git
 2136  git clone git@github.com:sherlock-project/sherlock.git
 2137  python 
 2138  ls
 2139  cd sherlock
 2140  ls
 2141  python3
 2142  python -m pip install -r requirements.txt
 2143  brew install python3
 2144  python -v 
 2145  ls
 2146  sh install_packages.sh
 2147  python sherlock.py serpentz
 2148  python --v
 2149  python -h
 2150  python -verssion
 2151  python https://bootstrap.pypa.io/get-pip.py | py
 2152  python https://bootstrap.pypa.io/get-pip.py 
 2153  python --version
 2154  ppid 9014
 2155  pid 9014
 2156  kill  9014
 2157  killall 
 2158  kill
 2159  kill -h
 2160  kill -l
 2161  kill P 
 2162  kill P 9014
 2163  killall -u serpentz 
 2164  ls
 2165  cd ..
 2166  ls
 2167  cd Samsung
 2168  ls
 2169  gc \tgit://opensource.samsung.com/SM-N900P
 2170  git clone \tgit://opensource.samsung.com/SM-N900P
 2171  git clone ssh@git://opensource.samsung.com/SM-N900P
 2172  brew install python#.6
 2173  brew install python@3.6
 2174  brew install python@3
 2175  pyhton --version
 2176  python --version
 2177  python use 3.7.4
 2178  python update
 2179  python l
 2180  python -l
 2181  python -h
 2182  ls
 2183  cd Documents
 2184  ls
 2185  cd development
 2186  ls
 2187  cd Ticon\ Labs
 2188  ls
 2189  cd website
 2190  ls
 2191  npm start 
 2192  sl
 2193  ls
 2194  vscode
 2195  code
 2196  vs
 2197  code
 2198  cop
 2199  co
 2200  c
 2201  reset
 2202  npm start 
 2203  clear 
 2204  git add . 
 2205  git commit -m"Compartmentalizing HTML elements : { Nav, Hero}"
 2206  git push 
 2207  git remote -v 
 2208  git remote add origin https://github.com/serpentz/website.git
 2209  gp
 2210  git push 
 2211  ls
 2212  npm start 
 2213  ls
 2214  npm star 
 2215  npm start
 2216  npm i 
 2217  npm start
 2218  clear 
 2219  npm install react-router-dom --save 
 2220  yarn.npm install react-router-dom\nCopy/paste either of the examples (below) into your src/App.js.\n
 2221  yarn 
 2222  npm i react-router-dom
 2223  git add . 
 2224  git commit -am "Compartmentalizing HTML elements : {Footer, Home (Container)}"
 2225  gp 
 2226  npm start
 2227  git add . 
 2228  git commit -m "minor UI bug fixes"
 2229  gp 
 2230  git branch dev
 2231  git checkout dev 
 2232  ls
 2233  git add . 
 2234  git commit -m 'initialized React Router Dom - Initialized 2 routes /contact & root path'
 2235  gp 
 2236  git push origin dev 
 2237  git add . 
 2238  git commit -m "added portfolio path & container"
 2239  gp 
 2240  git push origin dev 
 2241  pull-request 
 2242  git pull-request
 2243  git pr
 2244  git --helkp 
 2245  man git 
 2246  npm install --save google-maps-react
 2247  git add . 
 2248  git commit -m "implemted routes {Portfolio, Contact} - included functional Google Map Container"
 2249  git push 
 2250  git push origin dev 
 2251  git push origin master 
 2252  git status 
 2253  git checkout master 
 2254  git merge origin dev 
 2255  git pull dev 
 2256  git pull origin dev 
 2257  git merge 
 2258  git merge origin dev 
 2259  git add . 
 2260  git commit -m "created boilerplate test files for {"/componenets",  "/containers"}"
 2261  gp
 2262  npm build 
 2263  npm 
 2264  npm run deploy 
 2265  react-scripts build
 2266  npm run build 
 2267  serve -s build 
 2268  git add . 
 2269  git commit -m"created production build - got rid of .map files "
 2270  git push 
 2271  git branch -a
 2272  git remote -a
 2273  git remote -c
 2274  git remote -v
 2275  git push origin master 
 2276  npm test 
 2277  git add . 
 2278  git commit -m"test file tweak"
 2279  git push 
 2280  git push origin master  
 2281  git status 
 2282  ks
 2283  ls 
 2284  kys
 2285  kls 
 2286  ls 
 2287  npm start 
 2288  say gd
 2289  say helo
 2290  say hello
 2291  ls
 2292  clear 
 2293  git add . 
 2294  git whatchanged'\n'
 2295  git whatchanged\n'\n'
 2296  git commit -am"implemented route { About }"
 2297  git push origin master 
 2298  ls
 2299  git add . 
 2300  git commit -m"implemented dynamic routes {"/portfolio/{id}"}"
 2301  gp origin master 
 2302  npm install --save react-mailchimp-subscribe
 2303  cd src/nomster && rails s -b 0.0.0.0 -p 3000  
 2304  cd ..
 2305  ls
 2306  cd Sba-Server
 2307  ls
 2308  cd SBA
 2309  ls
 2310  cd ..
 2311  ls 
 2312  cd sba_backend
 2313  ls
 2314  cd vendor
 2315  ls
 2316  cd ..
 2317  cd Ticon\ Labs/website
 2318  ls
 2319  npm install mailchimp-api-v3 --save
 2320  npm start 
 2321  clear 
 2322  npm start 
 2323  git add . 
 2324  git commit -am
 2325  git commit -am"Further Compartmentalization of Portfolio: {Components: {Profile: { Card, List}}}"
 2326  gp 
 2327  git pull
 2328  git status 
 2329  git add . 
 2330  git commit -am"Further Compartmentalization of Portfolio: {Components: {Profile: { Card, List}}}"
 2331  gp 
 2332  git status
 2333  git pull 
 2334  npm start 
 2335  git add . 
 2336  git commit -am"Removed conflicting css files that resulted in mobile view being skewed "
 2337  gp 
 2338  npm start 
 2339  vagrant
 2340  vagrant up
 2341  cd Documents/development
 2342  ls
 2343  vagrant up 
 2344  vargrant
 2345  vagrant 
 2346  vagrant ssh
 2347  git clone git@github.com:shanesfast/splurty.git
 2348  cd splurty
 2349  ls
 2350  git branch -a
 2351  git checkout after-lesson-7
 2352  rails s 
 2353  bundle install 
 2354  rails s 
 2355  rails db:create 
 2356  rails db:reset 
 2357  rails s 
 2358  cd ..
 2359  vagrant up 
 2360  vagrant down 
 2361  vagrant destroy 
 2362  vagrant up 
 2363  vagrany shh
 2364  vagrant ssh 
 2365  netstat
 2366  ls
 2367  cd Documents/development/Ticon\ Labs/website/
 2368  ls
 2369  npm start 
 2370  netstat
 2371  babel -v 
 2372  babel 
 2373  babel-loader
 2374  babel_loader
 2375  ls
 2376  ls 
 2377  ls
 2378  cd development/
 2379  ls
 2380  cd Ticon\ Labs/website/
 2381  ls
 2382  atom . 
 2383  git remote -v 
 2384  ls
 2385  git status 
 2386  git add  ,  
 2387  git add . 
 2388  git statusw 
 2389  git status
 2390  git commtit -am"Added unreachable routes: {/404}"
 2391  git commit -am"Added unreachable routes: {/404}"
 2392  gp 
 2393  ls 
 2394  git status 
 2395  ls 
 2396  ls
 2397  rm -f node_modules
 2398  rm -fr node_modules
 2399  ls
 2400  ls 
 2401  git status 
 2402  git add . 
 2403  git status 
 2404  git stast 
 2405  git stash 
 2406  gp 
 2407  ls
 2408  npm i 
 2409  ls
 2410  npm install 
 2411  ls
 2412  cd Documents/development
 2413  ls
 2414  git clone git@github.com:tcloetingh/grammable.git
 2415  cd grammable
 2416  ls
 2417  rspec 
 2418  bundle install 
 2419  bundle 
 2420  bundle -v
 2421  bundle update 
 2422  gem install bundle 
 2423  bundle install 
 2424  rspec 
 2425  atom . 
 2426  rspec 
 2427  rails db:reset
 2428  rspec 
 2429  atom 
 2430  ls
 2431  git l=pull 
 2432  git pul;l 
 2433  git pull
 2434  ls
 2435  npm start 
 2436  clear 
 2437  ls
 2438  cd Documents/development
 2439  ls
 2440  git pull git@github.com:bsully1/splurty_project.git
 2441  git pull https://github.com/bsully1/splurty_project.git
 2442  git 
 2443  gp 
 2444  gp https://github.com/bsully1/splurty_project.git
 2445  ls
 2446  cd ..
 2447  https://github.com/bsully1/splurty_project.git
 2448  gp https://github.com/bsully1/splurty_project.git
 2449  git clone https://github.com/bsully1/splurty_project.git
 2450  cd splurty_project
 2451  rails db:reset
 2452  bundle install 
 2453  rails db:reset
 2454  rails s
 2455  rails c 
 2456  rails s
 2457  atom . 
 2458  \curl -sSL https://get.rvm.io | bash -s stable
 2459  ruby -e "$(curl -fsSL https://raw.githubusercontent.com/Homebrew/install/master/install)"
 2460  yarn install 
 2461  brew install yatrn 
 2462  npm test 
 2463  ls 
 2464  npm i 
 2465  npm start 
 2466  ls
 2467  cd Desktop
 2468  las
 2469  ls
 2470  cd ..
 2471  cd Documents/development
 2472  ls
 2473  l
 2474  vagrant ssh 
 2475  vagrant  up
 2476  vagrant ssh 
 2477  vargrant ssh 
 2478  cd Documents/development
 2479  vagrant ssh 
 2480  telnet localhost 8080
 2481  brew install telnet 
 2482  ls
 2483  cd Ticon\ Labs
 2484  la
 2485  l
 2486  cd website
 2487  ls
 2488  npm start 
 2489  cd Ticon\ Labs
 2490  ls
 2491  cd .. 
 2492  ls
 2493  rails new --database=postrgesql backend 
 2494  rails new --database=postgresql backend -api
 2495  ls
 2496  l
 2497  rails new --database=postgresql backend -api
 2498  ls
 2499  l
 2500  cd website
 2501  ls
 2502  cd ..
 2503  cd Ticon\ Labs
 2504  \\n\\n/
 2505  ls
 2506  cd 
 2507  ls
 2508  cd Documents/development/Ticon\ Labs
 2509  ls
 2510  rails new --database=postgresql backend --api
 2511  telnet 
 2512  ls
 2513  telnet localhost 8080
 2514  ls
 2515  cd backend
 2516  bundle isntall 
 2517  bundle 
 2518  ls
 2519  rails s 
 2520  npm start -p3001
 2521  rails s 
 2522  cd Documents/development/Ticon\ Labs
 2523  ls
 2524  l
 2525  cd backend
 2526  rails g 
 2527  gem install --save graphql
 2528  gem install  graphql
 2529  rails g 
 2530  bundle install 
 2531  rails g 
 2532  rails g graphql:install
 2533  git add . 
 2534  git commit -am"setup: {rails, graphql}"
 2535  rvm 
 2536  rvm --version
 2537  rvm
 2538  \curl -sSL https://get.rvm.io | bash -s stable
 2539  gpg2 --recv-keys 409B6B1796C275462A1703113804BB82D39DC0E3 7D2BAF1CF37B13E2069D6956105BD0E739499BDB
 2540  command curl -sSL https://rvm.io/mpapis.asc | gpg --import -
 2541  command curl -sSL https://rvm.io/pkuczynski.asc | gpg --import -
 2542  gpg2 --recv-keys 409B6B1796C275462A1703113804BB82D39DC0E3 7D2BAF1CF37B13E2069D6956105BD0E739499BDB
 2543  \curl -sSL https://get.rvm.io | bash -s stable
 2544  which ruby
 2545  rvm current 
 2546  rvm
 2547  rvm reload 
 2548  rvm 
 2549  rvm
 2550  rvm current
 2551  rvm
 2552  clear && reset
 2553  clear & reset
 2554  atom .
 2555  rails -v 
 2556  gem install rails --version6.0.0
 2557  gem install rails --version 6.0.0
 2558  rails g scaffold user string:name email
 2559  rails db:create 
 2560  rails db:drop 
 2561  rails db:create 
 2562  rails db:migrate 
 2563  rails c 
 2564  cd ..
 2565  ls
 2566  cd ..
 2567  git clone https://github.com/Kristina1198/stressing-out.git
 2568  cd stressing-out
 2569  rails db:create db:migrate 
 2570  bundle isntall 
 2571  bundle 
 2572  cd ~/Desktop/
 2573  httpserver 
 2574  atom cash.html
 2575  atom sent.html
 2576  httpserver
 2577  atom cash.html
 2578  atom cash\ copy.html
 2579  httpserver cash\ copy.html
 2580  httpserver 
 2581  ls 
 2582  cd 
 2583  ls 
 2584  l 
 2585  ls 
 2586  ls
 2587  cd Documents
 2588  ls
 2589  cd development
 2590  l
 2591  ls
 2592  cd  Ticon\ Labs
 2593  ls
 2594  cd backend
 2595  ls
 2596  rails s 
 2597  ls 
 2598  l s
 2599  l 
 2600  rails db:migrate 
 2601  ls
 2602  rails g
 2603  rails g graphql:object
 2604  rails g graphql:object User
 2605  ls
 2606  clear 
 2607  cd .. 
 2608  cd ..
 2609  cd sba_backend
 2610  ls
 2611  atom . 
 2612  l 
 2613  cd .. 
 2614  ;
 2615  l
 2616  ls
 2617  ll
 2618  ls
 2619  las
 2620  l
 2621  cd ../sba_server/\\n\\n/
 2622  ls
 2623  l
 2624  atiom . 
 2625  atom . 
 2626  ls
 2627  l
 2628  clear 
 2629  npm i 
 2630  ls
 2631  bundle  
 2632  rvm 
 2633  ls/;
 2634  netstat 
 2635  clear 
 2636  ls
 2637  rails db:create 
 2638  rails db:reset 
 2639  rails s 
 2640  cd .. 
 2641  l;s
 2642  cd .. 
 2643  ls
 2644  cd Money-App
 2645  l;s
 2646  l
 2647  ls
 2648  l
 2649  cd backend
 2650  ;s
 2651  ls
 2652  atom . 
 2653  rails db:reset
 2654  ls
 2655  rails db:seed
 2656  cd ../Money-App/backend
 2657  ls
 2658  rails c 
 2659  rails db:seed
 2660  rails s
 2661  rails db:seed 
 2662  ls
 2663  rails c 
 2664  rails db:seed 
 2665  ls 
 2666  cd Documents/development/
 2667  ls 
 2668  git clone https://github.com/tcurran101/nomster.git
 2669  ls 
 2670  cd nomster
 2671  bundle
 2672  rails db:create 
 2673  rails db:reset 
 2674  rails s 
 2675  rails c 
 2676  rails s
 2677  atom . 
 2678  rails s
 2679  firebase 
 2680  ls
 2681  cd ..
 2682  ls
 2683  rm -rf stressing-ou t
 2684  rm -rf stressing-out
 2685  ls
 2686  rm -rf Learn_me
 2687  rm -rf nomster
 2688  ls
 2689  cd nappa_bot
 2690  firebase 
 2691  npm i -g firebase-tools
 2692  ls
 2693  cd public
 2694  ls
 2695  cd ..
 2696  ls 
 2697  cd functions
 2698  ls
 2699  cd ..
 2700  ls 
 2701  atom . 
 2702  npm update 
 2703  firebase deploy 
 2704  python -V
 2705  cd Downloads
 2706  ./google-cloud-sdk/install.sh
 2707  ls
 2708  l
 2709  cd google-cloud-sdk
 2710  ^[[200~./google-cloud-sdk/install.sh~
 2711  ./google-cloud-sdk/install.sh
 2712  cd ..
 2713  ./google-cloud-sdk/install.sh
 2714  reset
 2715  gcloud
 2716  bin/gcloud
 2717  /bin/gcloud
 2718  ./google-cloud-sdk/bin/gcloud init
 2719  ls
 2720  gcl oud
 2721  gcloud
 2722  reset
 2723  gcloud
 2724  netstat 
 2725  npm start 
 2726  netstat 
 2727  ping google.com 
 2728  pin googg.w.comn 
 2729  ping googlkec.om
 2730  atom . 
 2731  rails g graphql
 2732  rails g 
 2733  rails g graphql:object PaymentsType
 2734  ssh 
 2735  ls ~/.ssh
 2736  cd download 
 2737  cd Downloads
 2738  ls
 2739  mv amazon_aws_E2.pem ~/.ssh
 2740  cd ~/.ssh
 2741  ls
 2742  cd ~
 2743  ls
 2744  ssh -i "~/.ssh/amazon_aws_E2.pem" ec2-user@ec2-3-88-177-50.compute-1.amazonaws.com
 2745  ssh  ec2-user@ec2-3-88-177-50.compute-1.amazonaws.com
 2746  ssh -i "~/.ssh/amazon_aws_E2.pem" ec2-user@ec2-3-88-177-50.compute-1.amazonaws.com
 2747  chmod 400 ~./ssh/amazon_aws_E2.pem
 2748  chmod 400 ~./.ssh/amazon_aws_E2.pem
 2749  chmod 400 amazon_aws_E2.pem
 2750  cd .ssh
 2751  ls
 2752  chmod 400 amazon_aws_E2.pem
 2753  ssh -i "~/.ssh/amazon_aws_E2.pem" ec2-user@ec2-3-88-177-50.compute-1.amazonaws.com
 2754  cd Documents/development
 2755  ls
 2756  create_react_app resume
 2757  create-react-app resume
 2758  cd resume
 2759  ls
 2760  atom .
 2761  npm start
 2762  ^[[200~git remote add origin https://github.com/serpentz/resume.git
 2763  git push -u origin master~git remote add origin https://github.com/serpentz/resume.git\ngit push -u origin master
 2764  git remote add origin https://github.com/serpentz/resume.git\ngit push -u origin master
 2765  ssh -i "~/.ssh/amazon_aws_E2.pem" ec2-user@ec2-3-88-177-50.compute-1.amazonaws.com
 2766  ssh -i "~/.ssh/amazon_aws_E2.pem" ec2-user@ec2-34-207-185-232.compute-1.amazonaws.com
 2767  cd ..
 2768  git clone https://github.com/bhavanisarma/flixterapp.git
 2769  ls 
 2770  npm i 
 2771  npm start 
 2772  bundle 
 2773  ls
 2774  rails s 
 2775  rails db:reset 
 2776  rails db:seed 
 2777  rails s 
 2778  atom . 
 2779  rails s 
 2780  zorba 
 2781  clear 
 2782  ls 
 2783  l 
 2784  clear 
 2785  zorba 
 2786  reset 
 2787  zorba 
 2788  lib/zorba 
 2789  ls
 2790  zorba
 2791  sudo port install boost curl icu libiconv libxml2 libxslt xerces3 tidy fop geos libarchive sqlite3 swig swig-python swig-php swig-java swig-ruby
 2792  cd Documents
 2793  ls
 2794  ls 
 2795  ls
 2796  cd development
 2797  ls 
 2798  git clone Last login: Mon Sep 23 23:53:19 on ttys006\n➜  ~ ls\nAndroidStudioProjects Creative Cloud Files  Documents             Library               Music                 Postman               StudioProjects        Wine Files            eclipse               flutter               lex.yy.cc             package-lock.json\nApplications          Desktop               Downloads             Movies                Pictures              Public                VirtualBox VMs        backupVM.log          eclipse-workspace     git                   node_modules          war-programming-test\n➜  ~ l\ntotal 952\ndrwxr-xr-x+  85 serpentz  staff   2.7K Sep 26 13:15 .\ndrwxr-xr-x    6 root      admin   192B Jul  1 15:18 ..\n-r--------    1 serpentz  staff     7B Apr 15 19:19 .CFUserTextEncoding\n-rw-r--r--@   1 serpentz  staff    14K Sep 17 22:56 .DS_Store\ndrwx------   20 serpentz  staff   640B Sep 26 13:13 .Trash\ndrwxr-xr-x   14 serpentz  staff   448B Apr 19 14:50 .android\ndrwxr-xr-x    3 serpentz  staff    96B May  3 22:46 .aspnet\ndrwxr-xr-x   19 serpentz  staff   608B Sep 22 12:10 .atom\n-rw-------    1 serpentz  staff   752B Aug 11 16:41 .bash_history\n-rw-r--r--    1 serpentz  staff   6.9K Apr 21 11:15 .bash_profile\n-rw-r--r--    1 serpentz  staff   118B Apr 18 21:11 .bashrc\n-rw-------    1 serpentz  staff    19K Sep 22 14:32 .boto\ndrwxr-xr-x    3 serpentz  staff    96B Apr 18 21:34 .bundle\ndrwxr-xr-x    3 serpentz  staff    96B Apr 18 22:17 .cache\ndrwxr-xr-x    3 serpentz  staff    96B May  4 20:21 .cocoapods\ndrwx------    4 serpentz  staff   128B Apr 26 12:11 .config\ndrwx------    3 serpentz  staff    96B Apr 15 20:18 .cups\ndrwxr-xr-x    3 serpentz  staff    96B Apr 19 20:59 .dart\ndrwxr-xr-x    4 serpentz  staff   128B Apr 19 20:59 .dartServer\ndrwxr-xr-x    8 serpentz  staff   256B May  3 22:46 .dotnet\ndrwxr-xr-x    8 serpentz  staff   256B Jun 27 20:41 .eclipse\n-rw-------    1 serpentz  staff    16B Apr 19 14:50 .emulator_console_auth_token\n-rw-r--r--    1 serpentz  staff    78B Apr 19 13:45 .flutter\ndrwxr-xr-x    3 serpentz  staff    96B Apr 18 21:15 .gem\n-rw-r--r--    1 serpentz  staff    56B Apr 15 21:38 .gitconfig\ndrwx------   10 serpentz  staff   320B Sep 12 19:33 .gnupg\ndrwxr-xr-x    7 serpentz  staff   224B Apr 19 14:06 .gradle\ndrwxr-xr-x    3 serpentz  staff    96B Sep 22 14:32 .gsutil\n-rw-------    1 serpentz  staff   2.4K Sep 22 11:57 .irb-history\n-rw-------    1 serpentz  staff    64B Sep 12 19:41 .lesshst\ndrwxrwxrwx    3 serpentz  staff    96B May  3 22:46 .local\ndrwxr-xr-x    3 serpentz  staff    96B Jun 28 14:40 .m2\n-rw-r--r--    1 serpentz  staff   118B Apr 18 21:11 .mkshrc\n-rw-r--r--    1 serpentz  staff     2B Apr 17 23:35 .msgsrc\n-rw-------    1 serpentz  staff   210B May  4 19:20 .netrc\ndrwx------    3 serpentz  staff    96B Apr 25 20:52 .ngrok2\ndrwxr-xr-x    3 serpentz  staff    96B Apr 20 16:30 .node-gyp\n-rw-------    1 serpentz  staff    10B Apr 19 14:23 .node_repl_history\ndrwxr-xr-x    7 serpentz  staff   224B Apr 20 16:30 .npm\ndrwxr-xr-x    4 serpentz  staff   128B May  3 22:46 .nuget\ndrwxr-xr-x   22 serpentz  staff   704B Apr 19 14:22 .nvm\ndrwxr-xr-x   19 serpentz  staff   608B Jun 12 15:20 .oh-my-zsh\ndrwxr-xr-x    3 serpentz  staff    96B Apr 21 11:17 .oracle_jre_usage\ndrwxr-xr-x    8 serpentz  staff   256B Jun 29 13:11 .p2\n-rw-r--r--    1 serpentz  staff   236B Apr 18 21:11 .profile\ndrwxr-xr-x    4 serpentz  staff   128B Apr 19 20:58 .pub-cache\ndrwxr-xr-x   30 serpentz  staff   960B Sep 12 19:33 .rvm\n-rw-------    1 serpentz  staff    32B Aug 11 16:41 .sh_history\ndrwx------    6 serpentz  staff   192B Sep 23 20:27 .ssh\ndrwxr-xr-x    6 serpentz  staff   192B Apr 18 21:14 .subversion\ndrwxr-xr-x    3 serpentz  staff    96B Jun 27 20:41 .tooling\n-rw-r--r--    1 serpentz  staff   4.5K Apr 20 16:30 .v8flags.7.0.276.38-node.18.af3ab2ee54ba75e57a28e8707c953422.json\ndrwxr-xr-x    9 serpentz  staff   288B Sep 10 18:01 .vagrant.d\n-rw-------    1 serpentz  staff    13K Sep 12 19:41 .viminfo\ndrwxr-xr-x    3 serpentz  staff    96B May  4 20:48 .vscode\n-rw-r--r--    1 serpentz  staff    40K Apr 17 23:40 .zcompdump-Serpentz’s MacBook Pro-5.3\n-rw-r--r--    1 serpentz  staff   118B Apr 18 21:11 .zlogin\ndr-xr-xr-x    2 serpentz  staff    64B Jul 11 23:13 .zoomus\n-rw-------    1 serpentz  staff   178K Sep 26 13:15 .zsh_history\n-rw-r--r--    1 serpentz  staff   4.0K Sep 22 14:30 .zshrc\n-rw-r--r--    1 serpentz  staff   3.6K Sep 22 14:30 .zshrc.backup\ndrwxr-xr-x    3 serpentz  staff    96B Apr 19 20:59 AndroidStudioProjects\ndrwx------@   3 serpentz  staff    96B Apr 15 19:57 Applications\ndrwxrwxr-x@   3 serpentz  staff    96B Sep 10 17:51 Creative Cloud Files\ndrwx------@  62 serpentz  staff   1.9K Sep 18 01:50 Desktop\ndrwx------@  17 serpentz  staff   544B Sep 26 13:13 Documents\ndrwx------+  90 serpentz  staff   2.8K Sep 26 13:13 Downloads\ndrwx------@  78 serpentz  staff   2.4K Aug  4 12:56 Library\ndrwx------+   3 serpentz  staff    96B Apr 15 19:18 Movies\ndrwx------+   4 serpentz  staff   128B Apr 19 14:27 Music\ndrwx------+   8 serpentz  staff   256B Jul 26 12:54 Pictures\ndrwxr-xr-x    3 serpentz  staff    96B Aug 24 17:51 Postman\ndrwxr-xr-x+   4 serpentz  staff   128B Apr 15 19:18 Public\ndrwxr-xr-x    3 serpentz  staff    96B Apr 19 14:04 StudioProjects\ndrwx------    6 serpentz  staff   192B Aug 27 21:58 VirtualBox VMs\ndrwxr-xr-x    9 serpentz  staff   288B Jul  8 22:45 Wine Files\n-rw-r--r--    1 serpentz  staff    63B Aug  9 22:07 backupVM.log\ndrwxr-xr-x    3 serpentz  staff    96B Jun 27 20:39 eclipse\ndrwxr-xr-x    8 serpentz  staff   256B Jun 28 14:34 eclipse-workspace\ndrwxr-xr-x   24 serpentz  staff   768B Apr 19 14:03 flutter\ndrwxr-xr-x    3 serpentz  staff    96B Jun 28 14:26 git\n-rw-r--r--    1 serpentz  staff     0B Apr 19 21:13 lex.yy.cc\ndrwxr-xr-x  108 serpentz  staff   3.4K Sep 22 14:13 node_modules\n-rw-r--r--    1 serpentz  staff    65K Sep 22 14:13 package-lock.json\ndrwxr-xr-x@   8 serpentz  staff   256B Jun 28 14:32 war-programming-test\n➜  ~ clear\n➜  ~ zorba\nzsh: command not found: zorba\n➜  ~ reset\n\n➜  ~ zorba\nzsh: command not found: zorba\n➜  ~ lib/zorba\nzsh: no such file or directory: lib/zorba\n➜  ~  ~lib/zorba\nzsh: no such file or directory: ~lib/zorba\n➜  ~  ~/lib/zorba\nzsh: no such file or directory: /Users/serpentz/lib/zorba\n➜  ~ ls\nAndroidStudioProjects Creative Cloud Files  Documents             Library               Music                 Postman               StudioProjects        Wine Files            eclipse               flutter               lex.yy.cc             package-lock.json\nApplications          Desktop               Downloads             Movies                Pictures              Public                VirtualBox VMs        backupVM.log          eclipse-workspace     git                   node_modules          war-programming-test\n➜  ~ zorba\nzsh: command not found: zorba\n➜  ~ sudo port install boost curl icu libiconv libxml2 libxslt xerces3 tidy fop geos libarchive sqlite3 swig swig-python swig-php swig-java swig-ruby\nPassword:\nsudo: port: command not found\n➜  ~ ^V^[[200~https://github.com/arsadyum/hw1\n\n\n\n\n\n\n\n\n\n\n\n\n\n\n\n\n\n\n\n\n\n\n\n\n\n\n\n\n\n\n\n\n\n\n\n\n\n\n\n\n\n\n\n\n\n\n\n\n\n\n\n\n\n:q\n
 2799  git clone https://github.com/arsadyum/hw1
 2800  ls 
 2801  cd hw1
 2802  ls
 2803  cd Hw1
 2804  ls
 2805  zorba
 2806  brew install zorba 
 2807  reset 
 2808  zorba 
 2809  zorba ha1_main.jq
 2810  clear 
 2811  ls
 2812  zorba ha1_main.jq
 2813  clear 
 2814  zorba ha1_main.jq
 2815  zorba report_main.jq -o ./report.json
 2816  zorba report_main.jq -o report.json
 2817  zorba ha1_main.jq
 2818  zorba report_main.jq -o ./report.json
 2819  zorba ha1_produce_answers_main.jq -o ./answers.json
 2820  zorba report_main.jq -o ./report.json
 2821  zorba report_main.jq
 2822  zorba report_main.jq -o report.json
 2823  zorba report_main.jq -o ./report.json
 2824  zorba report_main.jq 
 2825  zorba ha1_produce_answers_main.jq -o ./testDBs/answers.json
 2826  zorba report_main.jq -o ./testDBs/report.json
 2827  zorba ha1_produce_answers_main.jq -o ./answers.json
 2828  zorba report_main.jq 
 2829  zorba ha1_produce_answers_main.jq -o ./answers.json
 2830  zorba report_main.jq -o ./testDBs/report.json
 2831  zorba ha1_main.jq
 2832  zorba ha1_produce_answers_main.jq -o ./answers.json
 2833  zorba ha1_produce_answers_main.jq -o ./testDBs/answers.json
 2834  zorba report_main.jq -o ./testDBs/report.json
 2835  zorba ha1_produce_answers_main.jq -o ./testDBs/answers.json
 2836  zorba report_main.jq -o ./testDBs/report.json
 2837  zorba ha1_produce_answers_main.jq -o ./testDBs/answers.json
 2838  zorba report_main.jq -o ./testDBs/report.json
 2839  zorba ha1_produce_answers_main.jq -o ./testDBs/answers.json
 2840  zorba report_main.jq -o ./testDBs/report.json
 2841  zorba reportForStudent.jq -o ./testDBs/report.json
 2842  zorba reportForStudent.jq -o ./report.json
 2843  zorba reportForStudent.jq 
 2844  zorba report_main.jq -o ./testDBs/report.json
 2845  zorba ha1_produce_answers_main.jq -o ./testDBs/answers.json
 2846  zorba report_main.jq -o ./testDBs/report.json
 2847  zorba ha1_main.jq
 2848  zorba 
 2849  zorba ha1_main.jq
 2850  zorba ha1_produce_answers_main.jq -o ./testDBs/answers.json
 2851  zorba report_main.jq -o ./testDBs/report.json
 2852  zorba ha1_produce_answers_main.jq -o ./testDBs/answers.json
 2853  zorba ha1_main.jq
 2854  zorba ha1_produce_answers_main.jq -o ./testDBs/answers.json
 2855  zorba report_main.jq -o ./testDBs/report.json
 2856  zorba ha1_produce_answers_main.jq -o ./testDBs/answers.json
 2857  zorba report_main.jq -o ./testDBs/report.json
 2858  zorba ha1_main.jq
 2859  ls
 2860  cd Documents
 2861  ls
 2862  cd development/
 2863  ls
 2864  cd hw1
 2865  ls
 2866  git add . 
 2867  git commit -m"aksdjla"
 2868  git push 
 2869  cd Hw1
 2870  ls
 2871  git add . 
 2872  git commit -m"asdfasd"
 2873  zorba report_main.jq -o ./testDBs/report.json
 2874  zorba ha1_produce_answers_main.jq -o ./testDBs/answers.json
 2875  zorba report_main.jq -o ./testDBs/report.json
 2876  zorba ha1_produce_answers_main.jq -o ./testDBs/answers.json
 2877  zorba report_main.jq -o ./testDBs/report.json
 2878  git add . 
 2879  git commit -am"working 4/22"
 2880  git push \\n\\n/
 2881  ls
 2882  git status  
 2883  ls
 2884  git add . 
 2885  git commit -am"4/22"
 2886  git push 
 2887  git pull 
 2888  git push 
 2889  atom . 
 2890  ls
 2891  zorba ha1_produce_answers_main.jq -o ./testDBs/answers.json
 2892  zorba report_main.jq -o ./testDBs/report.json
 2893  zorba ha1_main.jq
 2894  zorba ha1_produce_answers_main.jq -o ./testDBs/answers.json
 2895  zorba report_main.jq -o ./testDBs/report.json
 2896  zorba ha1_produce_answers_main.jq -o ./testDBs/answers.json
 2897  zorba report_main.jq -o ./testDBs/report.json
 2898  zorba ha1_produce_answers_main.jq -o ./testDBs/answers.json
 2899  zorba report_main.jq -o ./testDBs/report.json
 2900  zorba ha1_produce_answers_main.jq -o ./testDBs/answers.json
 2901  zorba report_main.jq -o ./testDBs/report.json
 2902  zorba ha1_main.jq
 2903  zorba ha1_produce_answers_main.jq -o ./testDBs/answers.json
 2904  zorba report_main.jq -o ./testDBs/report.json
 2905  zorba ha1_produce_answers_main.jq -o ./testDBs/answers.json
 2906  zorba report_main.jq -o ./testDBs/report.json
 2907  zorba ha1_produce_answers_main.jq -o ./testDBs/answers.json
 2908  zorba report_main.jq -o ./testDBs/report.json
 2909  zorba ha1_main.jq
 2910  zorba ha1_main.jq -o out.json
 2911  zorba ha1_produce_answers_main.jq -o ./testDBs/answers.json
 2912  zorba report_main.jq -o ./testDBs/report.json
 2913  zorba ha1_produce_answers_main.jq -o ./testDBs/answers.json
 2914  zorba report_main.jq -o ./testDBs/report.json
 2915  zorba ha1_produce_answers_main.jq -o ./testDBs/answers.json
 2916  zorba report_main.jq -o ./testDBs/report.json
 2917  zorba ha1_produce_answers_main.jq -o ./testDBs/answers.json
 2918  zorba ha1_main.jq
 2919  zorba ha1_produce_answers_main.jq -o ./testDBs/answers.json
 2920  zorba report_main.jq -o ./testDBs/report.json
 2921  zorba ha1_main.jq
 2922  zorba ha1_produce_answers_main.jq -o ./testDBs/answers.json
 2923  zorba report_main.jq -o ./testDBs/report.json
 2924  zorba ha1_main.jq
 2925  git add .
 2926  git commit -am "lajsdkfajsldf"
 2927  git push 
 2928  zorba ha1_main.jq
 2929  git add . 
 2930  git commit -am"6/22"
 2931  git push origin master 
 2932  zorba ha1_main.jq
 2933  zorba ha1_produce_answers_main.jq -o ./testDBs/answers.json
 2934  zorba report_main.jq -o ./testDBs/report.json
 2935  zorba ha1_main.jq
 2936  zorba ha1_produce_answers_main.jq -o ./testDBs/answers.json
 2937  zorba report_main.jq -o ./testDBs/report.json
 2938  zorba ha1_produce_answers_main.jq -o ./testDBs/answers.json
 2939  zorba ha1_main.jq
 2940  zorba ha1_produce_answers_main.jq -o ./testDBs/answers.json
 2941  zorba report_main.jq -o ./testDBs/report.json
 2942  zorba ha1_main.jq
 2943  LS 
 2944  ls
 2945  brew update 
 2946  clear 
 2947  zorba ha1_main.jq
 2948  zorba ha1_main.jq | python -m json.tool
 2949  zorba ha1_main.jq
 2950  zorba ha1_main.jq | python -m json.tool
 2951  zorba ha1_produce_answers_main.jq -o ./testDBs/answers.json
 2952  zorba report_main.jq -o ./testDBs/report.json
 2953  zorba report_main.jq 
 2954  zorba report_main.jq |  python -m json.tool
 2955  zorba report_main.jq -o ./testDBs/report.json
 2956  ls
 2957  cd ..
 2958  ls
 2959  cd ..
 2960  ls 
 2961  mkdir Homework
 2962  cd Homework
 2963  ls
 2964  cd ../../Homework
 2965  ls
 2966  git clone https://github.com/serpentz/Hw2.git 
 2967  ls 
 2968  cd Hw2
 2969  ls
 2970  python ha2_main.py
 2971  /usr/local/opt/python/bin/python3.7 -m pip install -U pylint --user
 2972  python ha2_main.py
 2973  /usr/local/opt/python/bin/python3.7 -m pip install -U pylint --user
 2974  python ha2_main.py
 2975  history 
 2976  python ha2_main.py
 2977  history 
 2978  zorba report_main.jq -o ./testDBs/report.json
 2979  python ha2_main.py
 2980  zorba report_main.jq -o ./testDBs/report.json
 2981  python ha2_main.py
 2982  zorba report_main.jq -o ./testDBs/report.json
 2983  python ha2_main.py
 2984  zorba report_main.jq -o ./testDBs/report.json
 2985  python ha2_main.py
 2986  zorba report_main.jq -o ./testDBs/report.json
 2987  python ha2_main.py
 2988  python ha2_produce_answers_main.py > ./testDBs/answers.json
 2989  zorba report_main.jq -o ./testDBs/report.json
 2990  python ha2_produce_answers_main.py > ./testDBs/answers.json
 2991  zorba report_main.jq -o ./testDBs/report.json
 2992  python ha2_main.py
 2993  python ha2_produce_answers_main.py > ./testDBs/answers.json
 2994  zorba report_main.jq -o ./testDBs/report.json
 2995  python ha2_main.py
 2996  python ha2_produce_answers_main.py > ./testDBs/answers.json
 2997  zorba report_main.jq -o ./testDBs/report.json
 2998  python ha2_main.py
 2999  python ha2_produce_answers_main.py > ./testDBs/answers.json
 3000  python ha2_main.py
 3001  python ha2_produce_answers_main.py > ./testDBs/answers.json
 3002  zorba report_main.jq -o ./testDBs/report.json
 3003  python ha2_produce_answers_main.py > ./testDBs/answers.json
 3004  zorba report_main.jq -o ./testDBs/report.json
 3005  python ha2_main.py
 3006  python ha2_produce_answers_main.py > ./testDBs/answers.json
 3007  zorba report_main.jq -o ./testDBs/report.json
 3008  python ha2_produce_answers_main.py > ./testDBs/answers.json
 3009  zorba report_main.jq -o ./testDBs/report.json
 3010  python ha2_main.py
 3011  python ha2_produce_answers_main.py > ./testDBs/answers.json
 3012  zorba report_main.jq -o ./testDBs/report.json
 3013  python ha2_produce_answers_main.py > ./testDBs/answers.json
 3014  zorba report_main.jq -o ./testDBs/report.json
 3015  clear 
 3016  python ha2_produce_answers_main.py > ./testDBs/answers.json
 3017  zorba report_main.jq -o ./testDBs/report.json
 3018  python ha2_produce_answers_main.py > ./testDBs/answers.json
 3019  zorba report_main.jq -o ./testDBs/report.json
 3020  python ha2_produce_answers_main.py > ./testDBs/answers.json
 3021  zorba report_main.jq -o ./testDBs/report.json
 3022  python ha2_produce_answers_main.py > ./testDBs/answers.json
 3023  zorba report_main.jq -o ./testDBs/report.json
 3024  python ha2_produce_answers_main.py > ./testDBs/answers.json
 3025  zorba report_main.jq -o ./testDBs/report.json
 3026  python ha2_main.py
 3027  python ha2_produce_answers_main.py > ./testDBs/answers.json
 3028  zorba report_main.jq -o ./testDBs/report.json
 3029  python ha2_produce_answers_main.py > ./testDBs/answers.json
 3030  zorba report_main.jq -o ./testDBs/report.json
 3031  python ha2_main.py
 3032  python ha2_main.py | python -m json.tool
 3033  clear 
 3034  python ha2_main.py | python -m json.tool
 3035  python ha2_produce_answers_main.py > ./testDBs/answers.json
 3036  python ha2_main.py | python -m json.tool
 3037  python ha2_produce_answers_main.py > ./testDBs/answers.json
 3038  zorba report_main.jq -o ./testDBs/report.json
 3039  python ha2_main.py | python -m json.tool
 3040  python ha2_produce_answers_main.py > ./testDBs/answers.json
 3041  zorba report_main.jq -o ./testDBs/report.json
 3042  python ha2_main.py | python -m json.tool
 3043  python ha2_produce_answers_main.py > ./testDBs/answers.json
 3044  zorba report_main.jq -o ./testDBs/report.json
 3045  python ha2_main.py | python -m json.tool
 3046  python ha2_produce_answers_main.py > ./testDBs/answers.json
 3047  zorba report_main.jq -o ./testDBs/report.json
 3048  python ha2_main.py | python -m json.tool
 3049  python ha2_produce_answers_main.py > ./testDBs/answers.json
 3050  zorba report_main.jq -o ./testDBs/report.json
 3051  python ha2_produce_answers_main.py > ./testDBs/answers.json
 3052  zorba report_main.jq -o ./testDBs/report.json
 3053  python ha2_main.py | python -m json.tool
 3054  python ha2_produce_answers_main.py > ./testDBs/answers.json
 3055  zorba report_main.jq -o ./testDBs/report.json
 3056  python ha2_main.py | python -m json.tool
 3057  zorba report_main.jq 
 3058  clear 
 3059  python ha2_main.py | python -m json.tool
 3060  python ha2_produce_answers_main.py > ./testDBs/answers.json
 3061  zorba report_main.jq -o ./testDBs/report.json
 3062  zorba report_main.jq -o ./testDBs/report.jso
 3063  python ha2_main.py | python -m json.tool
 3064  python ha2_produce_answers_main.py > ./testDBs/answers.json
 3065  zorba report_main.jq -o ./testDBs/report.jso
 3066  zorba report_main.jq -o ./testDBs/report.json
 3067  python ha2_main.py | python -m json.tool
 3068  zorba report_main.jq 
 3069  python ha2_main.py | python -m json.tool
 3070  python ha2_main.py 
 3071  python ha2_main.py | python -m json.tool
 3072  python ha2_produce_answers_main.py > ./testDBs/answers.json
 3073  zorba report_main.jq -o ./testDBs/report.json
 3074  python ha2_main.py | python -m json.tool
 3075  python ha2_main.py 
 3076  ls
 3077  cd .. 
 3078  ls
 3079  cd ..
 3080  ls
 3081  cd showcase
 3082  ls
 3083  cd IronFlow
 3084  ls
 3085  cd ironflow_frontend
 3086  git status
 3087  heroku apps:info 
 3088  gi remote -v 
 3089  git remote -v
 3090  npm start 
 3091  ls
 3092  cd ..
 3093  ls
 3094  git status 
 3095  cd ..
 3096  ls
 3097  cd deployed
 3098  ls
 3099  cd IronFlow
 3100  ls
 3101  ironflow_react
 3102  git status 
 3103  npm start 
 3104  cd ..
 3105  ls
 3106  cd IronFlow
 3107  atom . 
 3108  git add . 
 3109  git commit -am"readme adjustment"
 3110  git push 
 3111  git add . 
 3112  git commit -am"readme adjustment"
 3113  git push 
 3114  git add . 
 3115  git commit -am"readme adjustment"
 3116  git push 
 3117  cd ..
 3118  git clone https://github.com/gnvvbll/oddit.git
 3119  ls
 3120  cd oddit
 3121  rails db:reset
 3122  bundle install 
 3123  rails db:reset
 3124  yarn install --check-files 
 3125  yarn 
 3126  brew install yarn 
 3127  yarn 
 3128  rails db:reset
 3129  rails db:migrate 
 3130  atom . 
 3131  rails db:migrate 
 3132  rails db:migrate:status
 3133  rails db:rollback
 3134  rails db:migrate 
 3135  /Library/Java/JavaVirtualMachines/jdk-12.0.1.jdk/Contents/Home/bin/java --enable-preview -Dfile.encoding=UTF-8 -cp "/Users/serpentz/Library/Application Support/Code/User/workspaceStorage/18af0b09f4ba1348a3a63af2aeef23f1/redhat.java/jdt_ws/datastructure_e2e75deb/bin" Simulate 
 3136  java
 3137  /Library/Java/JavaVirtualMachines/jdk-12.0.1.jdk/Contents/Home/bin/java --enable-preview -Dfile.encoding=UTF-8 -cp "/Users/serpentz/Library/Application Support/Code/User/workspaceStorage/18af0b09f4ba1348a3a63af2aeef23f1/redhat.java/jdt_ws/datastructure_e2e75deb/bin" Simulate.java
 3138  /Library/Java/JavaVirtualMachines/jdk-12.0.1.jdk/Contents/Home/bin/java -Dfile.encoding=UTF-8 -cp "/Users/serpentz/Library/Application Support/Code/User/workspaceStorage/18af0b09f4ba1348a3a63af2aeef23f1/redhat.java/jdt_ws/datastructure_e2e75deb/bin" Simulate.java
 3139  cd /Users/serpentz/Downloads/datastructure ; /Library/Java/JavaVirtualMachines/jdk-12.0.1.jdk/Contents/Home/bin/java --enable-preview -Dfile.encoding=UTF-8 -cp "/Users/serpentz/Library/Application Support/Code/User/workspaceStorage/18af0b09f4ba1348a3a63af2aeef23f1/redhat.java/jdt_ws/datastructure_e2e75deb/bin" Simulate 
 3140  ls
 3141  git add . 
 3142  git init
 3143  git add . 
 3144  git commit -am"init"
 3145  gp https://github.com/serpentz/datastructure.git
 3146  gp https://github.com/serpentz/datastructure.git master
 3147  git add . 
 3148  git status
 3149  cd /Users/serpentz/Downloads/datastructure ; /Library/Java/JavaVirtualMachines/jdk-12.0.1.jdk/Contents/Home/bin/java --enable-preview -Dfile.encoding=UTF-8 -cp "/Users/serpentz/Library/Application Support/Code/User/workspaceStorage/18af0b09f4ba1348a3a63af2aeef23f1/redhat.java/jdt_ws/datastructure_e2e75deb/bin" Simulate 
 3150  ls
 3151  cd 
 3152  clear a
 3153  ls
 3154  cd Homework
 3155  ls
 3156  cd ../hw1
 3157  ls
 3158  cd ..
 3159  cd Homework
 3160  ls
 3161  mv /Users/serpentz/Downloads/datastructure ./
 3162  ls
 3163  cd datastructure
 3164  ls
 3165  javac Simulate.java
 3166  java Simulate
 3167  ls
 3168  cd ..
 3169  ls
 3170  cd datastructure
 3171  LS
 3172  git add . 
 3173  javac Simulate.java
 3174  java Simulate
 3175  vim 
 3176  vim Simulate.java
 3177  java Simulate
 3178  javac Simulate.java
 3179  java Simulate
 3180  /Library/Java/JavaVirtualMachines/jdk-12.0.1.jdk/Contents/Home/bin/java -Dfile.encoding=UTF-8 -cp /Users/serpentz/Documents/development/Homework/datastructure Simulate 
 3181  javac Simulate.java & java Simulate
 3182  java Simulate
 3183  javac Simulate.java & java Simulate
 3184  /Library/Java/JavaVirtualMachines/jdk-12.0.1.jdk/Contents/Home/bin/java -agentlib:jdwp=transport=dt_socket,server=n,suspend=y,address=localhost:54229 -Dfile.encoding=UTF-8 -cp /Users/serpentz/Documents/development/Homework/datastructure Spinner 
 3185  cd /Users/serpentz/Documents/development/Homework/datastructure ; /Library/Java/JavaVirtualMachines/jdk-12.0.1.jdk/Contents/Home/bin/java -agentlib:jdwp=transport=dt_socket,server=n,suspend=y,address=localhost:54288 -Dfile.encoding=UTF-8 -cp /Users/serpentz/Documents/development/Homework/datastructure Spinner 
 3186  cd /Users/serpentz/Documents/development/Homework/datastructure ; /Library/Java/JavaVirtualMachines/jdk-12.0.1.jdk/Contents/Home/bin/java -agentlib:jdwp=transport=dt_socket,server=n,suspend=y,address=localhost:54292 -Dfile.encoding=UTF-8 -cp /Users/serpentz/Documents/development/Homework/datastructure Spinner 
 3187  cd /Users/serpentz/Documents/development/Homework/datastructure ; /Library/Java/JavaVirtualMachines/jdk-12.0.1.jdk/Contents/Home/bin/java -agentlib:jdwp=transport=dt_socket,server=n,suspend=y,address=localhost:54299 -Dfile.encoding=UTF-8 -cp /Users/serpentz/Documents/development/Homework/datastructure Simulate 
 3188  cd /Users/serpentz/Documents/development/Homework/datastructure ; /Library/Java/JavaVirtualMachines/jdk-12.0.1.jdk/Contents/Home/bin/java -agentlib:jdwp=transport=dt_socket,server=n,suspend=y,address=localhost:54314 -Dfile.encoding=UTF-8 -cp /Users/serpentz/Documents/development/Homework/datastructure Spinner 
 3189  cd /Users/serpentz/Documents/development/Homework/datastructure ; /Library/Java/JavaVirtualMachines/jdk-12.0.1.jdk/Contents/Home/bin/java -agentlib:jdwp=transport=dt_socket,server=n,suspend=y,address=localhost:54321 -Dfile.encoding=UTF-8 -cp /Users/serpentz/Documents/development/Homework/datastructure Spinner 
 3190  cd /Users/serpentz/Documents/development/Homework/datastructure ; /Library/Java/JavaVirtualMachines/jdk-12.0.1.jdk/Contents/Home/bin/java -agentlib:jdwp=transport=dt_socket,server=n,suspend=y,address=localhost:54345 -Dfile.encoding=UTF-8 -cp /Users/serpentz/Documents/development/Homework/datastructure Spinner 
 3191  cd /Users/serpentz/Documents/development/Homework/datastructure ; /Library/Java/JavaVirtualMachines/jdk-12.0.1.jdk/Contents/Home/bin/java -agentlib:jdwp=transport=dt_socket,server=n,suspend=y,address=localhost:54353 -Dfile.encoding=UTF-8 -cp /Users/serpentz/Documents/development/Homework/datastructure Spinner 
 3192  cd /Users/serpentz/Documents/development/Homework/datastructure ; /Library/Java/JavaVirtualMachines/jdk-12.0.1.jdk/Contents/Home/bin/java -Dfile.encoding=UTF-8 -cp /Users/serpentz/Documents/development/Homework/datastructure Simulate 
 3193  cd /Users/serpentz/Documents/development/Homework/datastructure ; /Library/Java/JavaVirtualMachines/jdk-12.0.1.jdk/Contents/Home/bin/java -agentlib:jdwp=transport=dt_socket,server=n,suspend=y,address=localhost:54363 -Dfile.encoding=UTF-8 -cp /Users/serpentz/Documents/development/Homework/datastructure Simulate 
 3194  cd /Users/serpentz/Documents/development/Homework/datastructure ; /Library/Java/JavaVirtualMachines/jdk-12.0.1.jdk/Contents/Home/bin/java -agentlib:jdwp=transport=dt_socket,server=n,suspend=y,address=localhost:54436 -Dfile.encoding=UTF-8 -cp /Users/serpentz/Documents/development/Homework/datastructure Spinner 
 3195  cd /Users/serpentz/Documents/development/Homework/datastructure ; /Library/Java/JavaVirtualMachines/jdk-12.0.1.jdk/Contents/Home/bin/java -agentlib:jdwp=transport=dt_socket,server=n,suspend=y,address=localhost:54440 -Dfile.encoding=UTF-8 -cp /Users/serpentz/Documents/development/Homework/datastructure Simulate 
 3196  ls
 3197  cd ..
 3198  ls 
 3199  history 
 3200  python ha2_main.py | python -m json.tool
 3201  history 
 3202  python ha2_produce_answers_main.py > ./testDBs/answers.json
 3203  zorba report_main.jq -o ./testDBs/report.json
 3204  python ha2_main.py | python -m json.tool
 3205  python ha2_produce_answers_main.py > ./testDBs/answers.json
 3206  zorba report_main.jq -o ./testDBs/report.json
 3207  python ha2_main.py | python -m json.tool
 3208  python ha2_main.py
 3209  python ha2_produce_answers_main.py > ./testDBs/answers.json
 3210  zorba report_main.jq -o ./testDBs/report.json
 3211  python ha2_main.py | python -m json.tool
 3212  python ha2_produce_answers_main.py > ./testDBs/answers.json
 3213  zorba report_main.jq -o ./testDBs/report.json
 3214  /usr/local/opt/python/bin/python3.7
 3215  python ha2_main.py | python -m json.tool
 3216  /usr/local/opt/on/bin/python3.7 -m pip install -U pylint --user
 3217  python ha2_produce_answers_main.py > ./testDBs/answers.json
 3218  zorba report_main.jq -o ./testDBs/report.json
 3219  cd /Users/serpentz/Documents/development/Homework/datastructure ; /Library/Java/JavaVirtualMachines/jdk-12.0.1.jdk/Contents/Home/bin/java -agentlib:jdwp=transport=dt_socket,server=n,suspend=y,address=localhost:54440 -Dfile.encoding=UTF-8 -cp /Users/serpentz/Documents/development/Homework/datastructure Simulate 
 3220  /Users/serpentz/Documents/development/Homework/datastructure ; /Library/Java/JavaVirtualMachines/jdk-12.0.1.jdk/Contents/Home/bin/java -agentlib:jdwp=transport=dt_socket,server=n,suspend=y,address=localhost:54440 -Dfile.encoding=UTF-8 -cp /Users/serpentz/Documents/development/Homework/datastructure Simulate
 3221  ls
 3222  cd ..
 3223  ls
 3224  cd datastructure
 3225  ls
 3226  atom . 
 3227  git status 
 3228  git add . 
 3229  git remote -v 
 3230  git remote add origin https://github.com/serpentz/datastructure.git
 3231  git push -u origin maste 
 3232  git push -u origin master 
 3233  git add . 
 3234  cd /Users/serpentz/Documents/development/Homework/datastructure ; /Library/Java/JavaVirtualMachines/jdk-12.0.1.jdk/Contents/Home/bin/java -agentlib:jdwp=transport=dt_socket,server=n,suspend=y,address=localhost:54299 -Dfile.encoding=UTF-8 -cp /Users/serpentz/Documents/development/Homework/datastructure Simulate 
 3235  history 
 3236  javac Simulate.java & java Simulate
 3237  /Library/Java/JavaVirtualMachines/jdk-12.0.1.jdk/Contents/Home/bin/java -Dfile.encoding=UTF-8 -cp /Users/serpentz/Documents/development/Homework/datastructure Simulate 
 3238  /Library/Java/JavaVirtualMachines/jdk-12.0.1.jdk/Contents/Home/bin/java -agentlib:jdwp=transport=dt_socket,server=n,suspend=y,address=localhost:61874 -Dfile.encoding=UTF-8 -cp /Users/serpentz/Documents/development/Homework/datastructure Simulate 
 3239  cd /Users/serpentz/Documents/development/Homework/datastructure ; /Library/Java/JavaVirtualMachines/jdk-12.0.1.jdk/Contents/Home/bin/java -Dfile.encoding=UTF-8 -cp /Users/serpentz/Documents/development/Homework/datastructure Simulate 
 3240  javac Simulate.java & java Simulate
 3241  cd /Users/serpentz/Documents/development/Homework/datastructure ; /Library/Java/JavaVirtualMachines/jdk-12.0.1.jdk/Contents/Home/bin/java -Dfile.encoding=UTF-8 -cp /Users/serpentz/Documents/development/Homework/datastructure Simulate 
 3242  cd /Users/serpentz/Documents/development/Homework/datastructure ; /Library/Java/JavaVirtualMachines/jdk-12.0.1.jdk/Contents/Home/bin/java -agentlib:jdwp=transport=dt_socket,server=n,suspend=y,address=localhost:63763 -Dfile.encoding=UTF-8 -cp /Users/serpentz/Documents/development/Homework/datastructure Simulate 
 3243  cd /Users/serpentz/Documents/development/Homework/datastructure ; /Library/Java/JavaVirtualMachines/jdk-12.0.1.jdk/Contents/Home/bin/java -agentlib:jdwp=transport=dt_socket,server=n,suspend=y,address=localhost:63770 -Dfile.encoding=UTF-8 -cp /Users/serpentz/Documents/development/Homework/datastructure Simulate 
 3244  cd /Users/serpentz/Documents/development/Homework/datastructure ; /Library/Java/JavaVirtualMachines/jdk-12.0.1.jdk/Contents/Home/bin/java -agentlib:jdwp=transport=dt_socket,server=n,suspend=y,address=localhost:63797 -Dfile.encoding=UTF-8 -cp /Users/serpentz/Documents/development/Homework/datastructure Simulate 
 3245  cd /Users/serpentz/Documents/development/Homework/datastructure ; /Library/Java/JavaVirtualMachines/jdk-12.0.1.jdk/Contents/Home/bin/java -agentlib:jdwp=transport=dt_socket,server=n,suspend=y,address=localhost:63811 -Dfile.encoding=UTF-8 -cp /Users/serpentz/Documents/development/Homework/datastructure Simulate 
 3246  cd /Users/serpentz/Documents/development/Homework/datastructure ; /Library/Java/JavaVirtualMachines/jdk-12.0.1.jdk/Contents/Home/bin/java -agentlib:jdwp=transport=dt_socket,server=n,suspend=y,address=localhost:63838 -Dfile.encoding=UTF-8 -cp /Users/serpentz/Documents/development/Homework/datastructure Simulate 
 3247  cd /Users/serpentz/Documents/development/Homework/datastructure ; /Library/Java/JavaVirtualMachines/jdk-12.0.1.jdk/Contents/Home/bin/java -agentlib:jdwp=transport=dt_socket,server=n,suspend=y,address=localhost:63873 -Dfile.encoding=UTF-8 -cp /Users/serpentz/Documents/development/Homework/datastructure Simulate 
 3248  1
 3249  cd /Users/serpentz/Documents/development/Homework/datastructure ; /Library/Java/JavaVirtualMachines/jdk-12.0.1.jdk/Contents/Home/bin/java -agentlib:jdwp=transport=dt_socket,server=n,suspend=y,address=localhost:63873 -Dfile.encoding=UTF-8 -cp /Users/serpentz/Documents/development/Homework/datastructure Simulate 
 3250  cd /Users/serpentz/Documents/development/Homework/datastructure ; /Library/Java/JavaVirtualMachines/jdk-12.0.1.jdk/Contents/Home/bin/java -Dfile.encoding=UTF-8 -cp /Users/serpentz/Documents/development/Homework/datastructure Simulate 
 3251  /Library/Java/JavaVirtualMachines/jdk-12.0.1.jdk/Contents/Home/bin/java -agentlib:jdwp=transport=dt_socket,server=n,suspend=y,address=localhost:64128 -Dfile.encoding=UTF-8 -cp /Users/serpentz/Documents/development/Homework/datastructure Simulate 
 3252  cd /Users/serpentz/Documents/development/Homework/datastructure ; /Library/Java/JavaVirtualMachines/jdk-12.0.1.jdk/Contents/Home/bin/java -Dfile.encoding=UTF-8 -cp /Users/serpentz/Documents/development/Homework/datastructure Simulate 
 3253  /Library/Java/JavaVirtualMachines/jdk-12.0.1.jdk/Contents/Home/bin/java -agentlib:jdwp=transport=dt_socket,server=n,suspend=y,address=localhost:64291 -Dfile.encoding=UTF-8 -cp /Users/serpentz/Documents/development/Homework/datastructure Simulate 
 3254  cd /Users/serpentz/Documents/development/Homework/datastructure ; /Library/Java/JavaVirtualMachines/jdk-12.0.1.jdk/Contents/Home/bin/java -agentlib:jdwp=transport=dt_socket,server=n,suspend=y,address=localhost:64322 -Dfile.encoding=UTF-8 -cp /Users/serpentz/Documents/development/Homework/datastructure Simulate 
 3255  /Library/Java/JavaVirtualMachines/jdk-12.0.1.jdk/Contents/Home/bin/java -agentlib:jdwp=transport=dt_socket,server=n,suspend=y,address=localhost:64291 -Dfile.encoding=UTF-8 -cp /Users/serpentz/Documents/development/Homework/datastructure Simulate 
 3256  /Library/Java/JavaVirtualMachines/jdk-12.0.1.jdk/Contents/Home/bin/java -Dfile.encoding=UTF-8 -cp /Users/serpentz/Documents/development/Homework/datastructure Simulate 
 3257  /Library/Java/JavaVirtualMachines/jdk-12.0.1.jdk/Contents/Home/bin/java -Dfile.encoding=UTF-8 -cp /Users/serpentz/Documents/development/Homework/datastructure Simulate 6
 3258  /Library/Java/JavaVirtualMachines/jdk-12.0.1.jdk/Contents/Home/bin/java -agentlib:jdwp=transport=dt_socket,server=n,suspend=y,address=localhost:64405 -Dfile.encoding=UTF-8 -cp /Users/serpentz/Documents/development/Homework/datastructure Simulate 
 3259  /Library/Java/JavaVirtualMachines/jdk-12.0.1.jdk/Contents/Home/bin/java -agentlib:jdwp=transport=dt_socket,server=n,suspend=y,address=localhost:64405 -Dfile.encoding=UTF-8 -cp /Users/serpentz/Documents/development/Homework/datastructure Simulate 5
 3260  /Library/Java/JavaVirtualMachines/jdk-12.0.1.jdk/Contents/Home/bin/java -agentlib:jdwp=transport=dt_socket,server=n,suspend=y,address=localhost:64291 -Dfile.encoding=UTF-8 -cp /Users/serpentz/Documents/development/Homework/datastructure Simulcd /Users/serpentz/Documents/development/Homework/datastructure ; /Library/Java/JavaVirtualMachines/jdk-12.0.1.jdk/Contents/Home/bin/java -agentlib:jdwp=transport=dt_socket,server=n,suspend=y,address=localhost:64420 -Dfile.encoding=UTF-8 -cp /Users/serpentz/Documents/development/Homework/datastructure Simulate 
 3261  /Library/Java/JavaVirtualMachines/jdk-12.0.1.jdk/Contents/Home/bin/java -agentlib:jdwp=transport=dt_socket,server=n,suspend=y,address=localhost:64405 -Dfile.encoding=UTF-8 -cp /Users/serpentz/Documents/development/Homework/datastructure Simulate 
 3262  /Library/Java/JavaVirtualMachines/jdk-12.0.1.jdk/Contents/Home/bin/java -Dfile.encoding=UTF-8 -cp /Users/serpentz/Documents/development/Homework/datastructure Simulate 
 3263  /Library/Java/JavaVirtualMachines/jdk-12.0.1.jdk/Contents/Home/bin/java -Dfile.encoding=UTF-8 -cp /Users/serpentz/Documents/development/Homework/datastructure Simulate 3
 3264  /Library/Java/JavaVirtualMachines/jdk-12.0.1.jdk/Contents/Home/bin/java -agentlib:jdwp=transport=dt_socket,server=n,suspend=y,address=localhost:64445 -Dfile.encoding=UTF-8 -cp /Users/serpentz/Documents/development/Homework/datastructure Simulate 
 3265  cd /Users/serpentz/Documents/development/Homework/datastructure ; /Library/Java/JavaVirtualMachines/jdk-12.0.1.jdk/Contents/Home/bin/java -agentlib:jdwp=transport=dt_socket,server=n,suspend=y,address=localhost:64462 -Dfile.encoding=UTF-8 -cp /Users/serpentz/Documents/development/Homework/datastructure Simulate 
 3266  cd /Users/serpentz/Documents/development/Homework/datastructure ; /Library/Java/JavaVirtualMachines/jdk-12.0.1.jdk/Contents/Home/bin/java -Dfile.encoding=UTF-8 -cp /Users/serpentz/Documents/development/Homework/datastructure Simulate 
 3267  cd ..
 3268  ls
 3269  cd ..
 3270  ls 
 3271  cd ..
 3272  ls 
 3273  ls
 3274  cd development
 3275  ls
 3276  ls 
 3277  \tls
 3278  s
 3279  /Library/Java/JavaVirtualMachines/jdk-12.0.1.jdk/Contents/Home/bin/java -agentlib:jdwp=transport=dt_socket,server=n,suspend=y,address=localhost:64405 -Dfile.encoding=UTF-8 -cp /Users/serpentz/Documents/development/Homework/datastructure Simulate 5
 3280  cd Homework
 3281  ls
 3282  cd Hw2
 3283  ls
 3284  git status 
 3285  git add . 
 3286  git commit -am"9/22"
 3287  git remote-v 
 3288  git remote -v 
 3289  git push 
 3290  python ha2_main.py | python -m json.tool
 3291  cd /Users/serpentz/Documents/development/Homework/datastructure ; /Library/Java/JavaVirtualMachines/jdk-12.0.1.jdk/Contents/Home/bin/java -agentlib:jdwp=transport=dt_socket,server=n,suspend=y,address=localhost:63838 -Dfile.encoding=UTF-8 -cp /Users/serpentz/Documents/development/Homework/datastructure Simulate cd /Users/serpentz/Documents/development/Homework/datastructure ; /Library/Java/JavaVirtualMachines/jdk-12.0.1.jdk/Contents/Home/bin/java -Dfile.encoding=UTF-8 -cp /Users/serpentz/Documents/development/Homework/datastructure Simulate 
 3292  javac Simulate.java& java Simulate
 3293  javac Simulate.java & java Simulate
 3294  javac Simulate.java & java Simulate 7
 3295  ls
 3296  history 
 3297  python ha2_main.py | python -m json.tool
 3298  clear 
 3299  ls
 3300  history 
 3301  python ha2_produce_answers_main.py > ./testDBs/answers.json
 3302  python ha2_main.py | python -m json.tool
 3303  python ha2_produce_answers_main.py > ./testDBs/answers.json
 3304  python ha2_main.py | python -m json.tool
 3305  history
 3306  python ha2_produce_answers_main.py > ./testDBs/answers.json
 3307  zorba report_main.jq -o ./testDBs/report.json
 3308  python ha2_main.py | python -m json.tool
 3309  python ha2_produce_answers_main.py > ./testDBs/answers.json
 3310  zorba report_main.jq -o ./testDBs/report.json
 3311  python ha2_produce_answers_main.py > ./testDBs/answers.json
 3312  zorba report_main.jq -o ./testDBs/report.json
 3313  /usr/local/opt/python/bin/python3.7 /Users/serpentz/Documents/development/Homework/Hw2/ha2lib.py
 3314  /usr/local/opt/python/bin/python3.7 -m pip install -U jupyter --user
 3315  /usr/local/opt/python/bin/python3.7
 3316  python ha2_main.py | python -m json.tool
 3317  python ha2_main.py
 3318  python ha2_main.py | python -m json.tool
 3319  python ha2_produce_answers_main.py > ./testDBs/answers.json
 3320  zorba report_main.jq -o ./testDBs/report.json
 3321  python ha2_main.py | python -m json.tool
 3322  python ha2_produce_answers_main.py > ./testDBs/answers.json
 3323  zorba report_main.jq -o ./testDBs/report.json
 3324  python ha2_main.py 
 3325  la
 3326  l
 3327  clear 
 3328  ls 
 3329  ls
 3330  l
 3331  clear 
 3332  cd Documents
 3333  ls
 3334  cd development
 3335  ls
 3336  git clone Downloads
 3337  git clone https://github.com/gnvvbll/oddit.git
 3338  cd oddit
 3339  bundle 
 3340  rails s
 3341  bundle install 
 3342  rails c
 3343  yarn install 
 3344  rails c
 3345  rails -v 
 3346  rails db:reset
 3347  rails db:migrate 
 3348  rails db:migrate:status
 3349  yarn install & bundle install
 3350  ls
 3351  git add . 
 3352  git commit -am"11/22"
 3353  gp
 3354  python ha2_produce_answers_main.py > ./testDBs/answers.json
 3355  zorba report_main.jq -o ./testDBs/report.json
 3356  git add .
 3357  git commit -am"11/22"
 3358  gp
 3359  git add .
 3360  git commit -am"11/22"
 3361  gp
 3362  cd /Users/serpentz/Documents/development/Homework/datastructure ; /Library/Java/JavaVirtualMachines/jdk-12.0.1.jdk/Contents/Home/bin/java -agentlib:jdwp=transport=dt_socket,server=n,suspend=y,address=localhost:54299 -Dfile.encoding=UTF-8 -cp /Users/serpentz/Documents/development/Homework/datastructure Simulate 
 3363  ssh
 3364  cd ..
 3365  ls
 3366  git clone https://github.com/adamjgoodman/streamlet.git
 3367  cd streamlet
 3368  bundle 
 3369  rails db:reset
 3370  ls
 3371  rails s 
 3372  ATOM .
 3373  rails db:drop 
 3374  rails db:reset
 3375  rails s
 3376  rails db:migrate:status
 3377  rails db:rollback 
 3378  rails db:migrate
 3379  rails s
 3380  python ha2_main.py
 3381  python ha2_main.py | python -m json.tool
 3382  python ha2_main.py
 3383  python ha2_main.py | python -m json.tool
 3384  python ha2_main.py
 3385  python ha2_main.py | python -m json.tool
 3386  python ha2_main.py
 3387  python ha2_main.py | python -m json.tool
 3388  python ha2_produce_answers_main.py > ./testDBs/answers.json
 3389  zorba report_main.jq -o ./testDBs/report.json
 3390  python ha2_main.py | python -m json.tool
 3391  python ha2_produce_answers_main.py > ./testDBs/answers.json
 3392  zorba report_main.jq -o ./testDBs/report.json
 3393  python ha2_main.py | python -m json.tool
 3394  python ha2_produce_answers_main.py > ./testDBs/answers.json
 3395  zorba report_main.jq -o ./testDBs/report.json
 3396  python ha2_main.py | python -m json.tool
 3397  python ha2_produce_answers_main.py > ./testDBs/answers.json
 3398  zorba report_main.jq -o ./testDBs/report.json
 3399  python ha2_main.py | python -m json.tool
 3400  python ha2_produce_answers_main.py > ./testDBs/answers.json
 3401  zorba report_main.jq -o ./testDBs/report.json
 3402  python ha2_main.py | python -m json.tool
 3403  python ha2_produce_answers_main.py > ./testDBs/answers.json
 3404  zorba report_main.jq -o ./testDBs/report.json
 3405  python ha2_produce_answers_main.py > ./testDBs/answers.json
 3406  zorba report_main.jq -o ./testDBs/report.json
 3407  python ha2_produce_answers_main.py > ./testDBs/answers.json
 3408  zorba report_main.jq -o ./testDBs/report.json
 3409  python ha2_produce_answers_main.py > ./testDBs/answers.json
 3410  zorba report_main.jq -o ./testDBs/report.json
 3411  python ha2_produce_answers_main.py > ./testDBs/answers.json
 3412  zorba report_main.jq -o ./testDBs/report.json
 3413  python ha2_produce_answers_main.py > ./testDBs/answers.json
 3414  zorba report_main.jq -o ./testDBs/report.json
 3415  python ha2_main.py | python -m json.tool
 3416  zorba report_main.jq -o ./testDBs/report.json
 3417  python ha2_produce_answers_main.py > ./testDBs/answers.json
 3418  zorba report_main.jq -o ./testDBs/report.json
 3419  python ha2_produce_answers_main.py > ./testDBs/answers.json
 3420  \curl -sSL https://get.rvm.io | bash -s stable
 3421  python ha2_produce_answers_main.py > ./testDBs/answers.json
 3422  zorba report_main.jq -o ./testDBs/report.json
 3423  python ha2_produce_answers_main.py > ./testDBs/answers.json
 3424  zorba report_main.jq -o ./testDBs/report.json
 3425  python ha2_produce_answers_main.py > ./testDBs/answers.json
 3426  zorba report_main.jq -o ./testDBs/report.json
 3427  python ha2_produce_answers_main.py > ./testDBs/answers.json
 3428  zorba report_main.jq -o ./testDBs/report.json
 3429  python ha2_produce_answers_main.py > ./testDBs/answers.json
 3430  zorba report_main.jq -o ./testDBs/report.json
 3431  python ha2_main.py | python -m json.tool
 3432  python ha2_main.py
 3433  python ha2_main.py | python -m json.tool
 3434  python ha2_main.py
 3435  python ha2_main.py | python -m json.tool
 3436  python ha2_produce_answers_main.py > ./testDBs/answers.json
 3437  zorba report_main.jq -o ./testDBs/report.json
 3438  python ha2_main.py | python -m json.tool
 3439  python ha2_produce_answers_main.py > ./testDBs/answers.json
 3440  zorba report_main.jq -o ./testDBs/report.json
 3441  python ha2_main.py | python -m json.tool
 3442  python ha2_produce_answers_main.py > ./testDBs/answers.json
 3443  zorba report_main.jq -o ./testDBs/report.json
 3444  python ha2_produce_answers_main.py > ./testDBs/answers.json
 3445  zorba report_main.jq -o ./testDBs/report.json
 3446  python ha2_produce_answers_main.py > ./testDBs/answers.json
 3447  zorba report_main.jq -o ./testDBs/report.json
 3448  python ha2_produce_answers_main.py > ./testDBs/answers.json
 3449  zorba report_main.jq -o ./testDBs/report.json
 3450  clear 
 3451  ls 
 3452  l 
 3453  python ha2_main.py | python -m json.tool
 3454  python ha2_main.py
 3455  python ha2_main.py | python -m json.tool
 3456  python ha2_produce_answers_main.py > ./testDBs/answers.json
 3457  zorba report_main.jq -o ./testDBs/report.json
 3458  python ha2_produce_answers_main.py > ./testDBs/answers.json
 3459  zorba report_main.jq -o ./testDBs/report.json
 3460  python ha2_produce_answers_main.py > ./testDBs/answers.json
 3461  zorba report_main.jq -o ./testDBs/report.json
 3462  python ha2_produce_answers_main.py > ./testDBs/answers.json
 3463  zorba report_main.jq -o ./testDBs/report.json
 3464  python ha2_produce_answers_main.py > ./testDBs/answers.json
 3465  zorba report_main.jq -o ./testDBs/report.json
 3466  python ha2_produce_answers_main.py > ./testDBs/answers.json
 3467  zorba report_main.jq -o ./testDBs/report.json
 3468  python ha2_main.py | python -m json.tool
 3469  python ha2_main.py 
 3470  python ha2_main.py | python -m json.tool
 3471  python ha2_produce_answers_main.py > ./testDBs/answers.json
 3472  zorba report_main.jq -o ./testDBs/report.json
 3473  python ha2_produce_answers_main.py > ./testDBs/answers.json
 3474  zorba report_main.jq -o ./testDBs/report.json
 3475  python ha2_produce_answers_main.py > ./testDBs/answers.json
 3476  zorba report_main.jq -o ./testDBs/report.json
 3477  python ha2_main.py | python -m json.tool
 3478  python ha2_produce_answers_main.py > ./testDBs/answers.json
 3479  zorba report_main.jq -o ./testDBs/report.json
 3480  python ha2_produce_answers_main.py > ./testDBs/answers.json
 3481  zorba report_main.jq -o ./testDBs/report.json
 3482  python ha2_main.py | python -m json.tool
 3483  python ha2_produce_answers_main.py > ./testDBs/answers.json
 3484  zorba report_main.jq -o ./testDBs/report.json
 3485  python ha2_main.py | python -m json.tool
 3486  python ha2_produce_answers_main.py > ./testDBs/answers.json
 3487  zorba report_main.jq -o ./testDBs/report.json
 3488  python ha2_main.py | python -m json.tool
 3489  python ha2_produce_answers_main.py > ./testDBs/answers.json
 3490  zorba report_main.jq -o ./testDBs/report.json
 3491  python ha2_main.py | python -m json.tool
 3492  python ha2_produce_answers_main.py > ./testDBs/answers.json
 3493  zorba report_main.jq -o ./testDBs/report.json
 3494  python ha2_main.py | python -m json.tool
 3495  python ha2_produce_answers_main.py > ./testDBs/answers.json
 3496  zorba report_main.jq -o ./testDBs/report.json
 3497  python ha2_produce_answers_main.py > ./testDBs/answers.json
 3498  zorba report_main.jq -o ./testDBs/report.json
 3499  python ha2_produce_answers_main.py > ./testDBs/answers.json
 3500  zorba report_main.jq -o ./testDBs/report.json
 3501  python ha2_produce_answers_main.py > ./testDBs/answers.json
 3502  zorba report_main.jq -o ./testDBs/report.json
 3503  python ha2_produce_answers_main.py > ./testDBs/answers.json
 3504  zorba report_main.jq -o ./testDBs/report.json
 3505  python ha2_main.py | python -m json.tool
 3506  python ha2_produce_answers_main.py > ./testDBs/answers.json
 3507  zorba report_main.jq -o ./testDBs/report.json
 3508  python ha2_produce_answers_main.py > ./testDBs/answers.json
 3509  zorba report_main.jq -o ./testDBs/report.json
 3510  python ha2_produce_answers_main.py > ./testDBs/answers.json
 3511  zorba report_main.jq -o ./testDBs/report.json
 3512  python ha2_produce_answers_main.py > ./testDBs/answers.json
 3513  zorba report_main.jq -o ./testDBs/report.json
 3514  python ha2_produce_answers_main.py > ./testDBs/answers.json
 3515  zorba report_main.jq -o ./testDBs/report.json
 3516  python ha2_produce_answers_main.py > ./testDBs/answers.json
 3517  zorba report_main.jq -o ./testDBs/report.json
 3518  python ha2_produce_answers_main.py > ./testDBs/answers.json
 3519  zorba report_main.jq -o ./testDBs/report.json
 3520  python ha2_produce_answers_main.py > ./testDBs/answers.json
 3521  zorba report_main.jq -o ./testDBs/report.json
 3522  python ha2_main.py | python -m json.tool
 3523  python ha2_produce_answers_main.py > ./testDBs/answers.json
 3524  zorba report_main.jq -o ./testDBs/report.json
 3525  python ha2_main.py | python -m json.tool
 3526  python ha2_produce_answers_main.py > ./testDBs/answers.json
 3527  zorba report_main.jq -o ./testDBs/report.json
 3528  python ha2_produce_answers_main.py > ./testDBs/answers.json
 3529  zorba report_main.jq -o ./testDBs/report.json
 3530  python ha2_produce_answers_main.py > ./testDBs/answers.json
 3531  zorba report_main.jq -o ./testDBs/report.json
 3532  python ha2_main.py | python -m json.tool
 3533  python ha2_produce_answers_main.py > ./testDBs/answers.json
 3534  zorba report_main.jq -o ./testDBs/report.json
 3535  python ha2_produce_answers_main.py > ./testDBs/answers.json
 3536  zorba report_main.jq -o ./testDBs/report.json
 3537  python ha2_produce_answers_main.py > ./testDBs/answers.json
 3538  zorba report_main.jq -o ./testDBs/report.json
 3539  git add .
 3540  git commit -am "22/22"
 3541  git push 
 3542  git add . 
 3543  git commit -am"thjosjgl"
 3544  gp 
 3545  ls 
 3546  cd .
 3547  cd ..
 3548  ls
 3549  git clone https://github.com/serpentz/bwa_2.git
 3550  cd bwa_2
 3551  ls
 3552  git add , 
 3553  git add .
 3554  git commit -m"init"
 3555  git push 
 3556  ls
 3557  python Kimberly_Omandam_BWA2.py
 3558  ls
 3559  vim Kimberly_Omandam_BWA2.py
 3560  python Kimberly_Omandam_BWA2.py
 3561  0
 3562  00
 3563  python Kimberly_Omandam_BWA2.py
 3564  heroku 
 3565  heroku apps:info
 3566  heroku apps 
 3567  heroku apps:info -a sba-backend
 3568  heroku logs -a sba-backend
 3569  heroku logs -tail -a sba-backend
 3570  heroku logs -tail -a ironflow-backend
 3571  ls
 3572  heroku logs -tail -a ironflow-backend
 3573  python Kimberly_Omandam_BWA2.py
 3574  clear 
 3575  git add . 
 3576  git commit -am "pushed"
 3577  git push 
 3578  python Kimberly_Omandam_BWA2.py
 3579  git add .
 3580  git commit -am 'done'
 3581  git push 
 3582  git add .
 3583  python Kimberly_Omandam_BWA2.py
 3584  git add .
 3585  git commit -am 'done'
 3586  git push 
 3587  s;kjhlasnvlasbv;l ahnasbd
 3588  ps
 3589  man ps
 3590  ps -A
 3591  ls
 3592  clear 
 3593  ls
 3594  python Kimberly_Omandam_BWA2.py
 3595  clear 
 3596  python Kimberly_Omandam_BWA2.py
 3597  atom . 
 3598  ls
 3599  python Kimberly_Omandam_BWA2.py
 3600  git add . 
 3601  git commit -m"Done"
 3602  git push 
 3603  ls
 3604  netstat 
 3605  ls
 3606  git status 
 3607  vim 
 3608  netstat 
 3609  ls
 3610  cd .. 
 3611  ls
 3612  ls 
 3613  netstat
 3614  ls 
 3615  cd Downloads
 3616  ls
 3617  cd ..
 3618  cd Documents/development
 3619  ls
 3620  cd resume/
 3621  npm start 
 3622  heroku apps:info 
 3623  heroku apps
 3624  cd ..
 3625  ls
 3626  git clone https://github.com/gnvvbll/oddit.git
 3627  cd oddit
 3628  git pull 
 3629  git stash 
 3630  git pull 
 3631  atom .
 3632  git stash pop
 3633  rails s
 3634  git pull 
 3635  git add . 
 3636  git pull 
 3637  rails  s
 3638  ls
 3639  cd ..
 3640  cd Homework/project3r1
 3641  ls
 3642  git init 
 3643  git add  . 
 3644  git commit -am"init"
 3645  git status 
 3646  atom . 
 3647  ls
 3648  cd ..
 3649  ls
 3650  cd splurty
 3651  rm Gemfile.lock
 3652  ls
 3653  bundle 
 3654  /Library/Java/JavaVirtualMachines/jdk-12.0.1.jdk/Contents/Home/bin/java -Dfile.encoding=UTF-8 -cp "/Users/serpentz/Library/Application Support/Code/User/workspaceStorage/4f7d3dc8347b06d99b340a9f78da58fe/redhat.java/jdt_ws/jdt.ls-java-project/bin" StrieDemo 
 3655  cd /Users/serpentz/Documents/development/Homework/project3r1 ; /Library/Java/JavaVirtualMachines/jdk-12.0.1.jdk/Contents/Home/bin/java -agentlib:jdwp=transport=dt_socket,server=n,suspend=y,address=localhost:61186 -Dfile.encoding=UTF-8 -cp "/Users/serpentz/Library/Application Support/Code/User/workspaceStorage/4f7d3dc8347b06d99b340a9f78da58fe/redhat.java/jdt_ws/jdt.ls-java-project/bin" StrieDemo 
 3656  cd /Users/serpentz/Documents/development/Homework/project3r1 ; /Library/Java/JavaVirtualMachines/jdk-12.0.1.jdk/Contents/Home/bin/java -Dfile.encoding=UTF-8 -cp "/Users/serpentz/Library/Application Support/Code/User/workspaceStorage/4f7d3dc8347b06d99b340a9f78da58fe/redhat.java/jdt_ws/jdt.ls-java-project/bin" Strie 
 3657  cd /Users/serpentz/Documents/development/Homework/project3r1 ; /Library/Java/JavaVirtualMachines/jdk-12.0.1.jdk/Contents/Home/bin/java -agentlib:jdwp=transport=dt_socket,server=n,suspend=y,address=localhost:61441 -Dfile.encoding=UTF-8 -cp "/Users/serpentz/Library/Application Support/Code/User/workspaceStorage/4f7d3dc8347b06d99b340a9f78da58fe/redhat.java/jdt_ws/jdt.ls-java-project/bin" StrieDemo 
 3658  /Library/Java/JavaVirtualMachines/jdk-12.0.1.jdk/Contents/Home/bin/java -agentlib:jdwp=transport=dt_socket,server=n,suspend=y,address=localhost:61444 -Dfile.encoding=UTF-8 -cp "/Users/serpentz/Library/Application Support/Code/User/workspaceStorage/4f7d3dc8347b06d99b340a9f78da58fe/redhat.java/jdt_ws/jdt.ls-java-project/bin" Strie 
 3659  cd /Users/serpentz/Documents/development/Homework/project3r1 ; /Library/Java/JavaVirtualMachines/jdk-12.0.1.jdk/Contents/Home/bin/java -agentlib:jdwp=transport=dt_socket,server=n,suspend=y,address=localhost:61460 -Dfile.encoding=UTF-8 -cp "/Users/serpentz/Library/Application Support/Code/User/workspaceStorage/4f7d3dc8347b06d99b340a9f78da58fe/redhat.java/jdt_ws/jdt.ls-java-project/bin" StrieDemo 
 3660  cd /Users/serpentz/Documents/development/Homework/project3r1 ; /Library/Java/JavaVirtualMachines/jdk-12.0.1.jdk/Contents/Home/bin/java -agentlib:jdwp=transport=dt_socket,server=n,suspend=y,address=localhost:61473 -Dfile.encoding=UTF-8 -cp "/Users/serpentz/Library/Application Support/Code/User/workspaceStorage/4f7d3dc8347b06d99b340a9f78da58fe/redhat.java/jdt_ws/jdt.ls-java-project/bin" StrieDemo 
 3661  cd /Users/serpentz/Documents/development/Homework/project3r1 ; /Library/Java/JavaVirtualMachines/jdk-12.0.1.jdk/Contents/Home/bin/java -agentlib:jdwp=transport=dt_socket,server=n,suspend=y,address=localhost:61488 -Dfile.encoding=UTF-8 -cp "/Users/serpentz/Library/Application Support/Code/User/workspaceStorage/4f7d3dc8347b06d99b340a9f78da58fe/redhat.java/jdt_ws/jdt.ls-java-project/bin" StrieDemo 
 3662  cd /Users/serpentz/Documents/development/Homework/project3r1 ; /Library/Java/JavaVirtualMachines/jdk-12.0.1.jdk/Contents/Home/bin/java -Dfile.encoding=UTF-8 -cp "/Users/serpentz/Library/Application Support/Code/User/workspaceStorage/4f7d3dc8347b06d99b340a9f78da58fe/redhat.java/jdt_ws/jdt.ls-java-project/bin" Strie 
 3663  cd /Users/serpentz/Documents/development/Homework/project3r1 ; /Library/Java/JavaVirtualMachines/jdk-12.0.1.jdk/Contents/Home/bin/java -agentlib:jdwp=transport=dt_socket,server=n,suspend=y,address=localhost:61638 -Dfile.encoding=UTF-8 -cp "/Users/serpentz/Library/Application Support/Code/User/workspaceStorage/4f7d3dc8347b06d99b340a9f78da58fe/redhat.java/jdt_ws/jdt.ls-java-project/bin" Strie 
 3664  cd /Users/serpentz/Documents/development/Homework/project3r1 ; /Library/Java/JavaVirtualMachines/jdk-12.0.1.jdk/Contents/Home/bin/java -Dfile.encoding=UTF-8 -cp "/Users/serpentz/Library/Application Support/Code/User/workspaceStorage/4f7d3dc8347b06d99b340a9f78da58fe/redhat.java/jdt_ws/jdt.ls-java-project/bin" Strie 
 3665  cd /Users/serpentz/Documents/development/Homework/project3r1 ; /Library/Java/JavaVirtualMachines/jdk-12.0.1.jdk/Contents/Home/bin/java -agentlib:jdwp=transport=dt_socket,server=n,suspend=y,address=localhost:62096 -Dfile.encoding=UTF-8 -cp "/Users/serpentz/Library/Application Support/Code/User/workspaceStorage/4f7d3dc8347b06d99b340a9f78da58fe/redhat.java/jdt_ws/jdt.ls-java-project/bin" Strie 
 3666  ls
 3667  cd ..
 3668  ls
 3669  cd ~/Downloads
 3670  ls
 3671  clear 
 3672  cd ~/Documents/development/Homework
 3673  ls
 3674  git clone https://github.com/serpentz/hw3.git
 3675  cd hw3
 3676  ls
 3677  mkdir testDBs
 3678  finder . 
 3679  open .
 3680  ls
 3681  python ha3lib.py
 3682  python3 ha3lib.py
 3683  brew install mongodb
 3684  brew cask install mongodb
 3685  mongodb
 3686  mongodb 
 3687  mongodb
 3688  mkdir -p /data/db
 3689  sudo mkdir -p /data/db
 3690  mongodb
 3691  mongod
 3692  ~/mongodb/bin/mongod
 3693  /
 3694  ls
 3695  cd ..
 3696  cd ~
 3697  ls 
 3698  brew install mongodb-community@4.2
 3699  brew tap mongodb/brew
 3700  brew install mongodb-community@4.2
 3701  mongod
 3702  mongod --config /usr/local/etc/mongod.conf
 3703  mongo
 3704  cd Documents/development/Homework/hw3
 3705  python ha3lib.py
 3706  python -m pip install pymongo
 3707  curl https://bootstrap.pypa.io/get-pip.py -o get-pip.py
 3708  python get-pip.py
 3709  sudo python get-pip.py
 3710  python -m pip install pymongo
 3711  sudo python -m pip install pymongo
 3712  python get-pip.py
 3713  python ha3lib.py
 3714  python -m pip install --upgrade pymongo
 3715  mongod --config /usr/local/etc/mongod.conf
 3716  pymango
 3717  pymongo
 3718  python ha3lib.py
 3719  python -m pip install pymongo
 3720  python -m pip uninstall pymongo
 3721  su python -m pip uninstall pymongo
 3722  sudo python -m pip uninstall pymongo
 3723  sudo python -m pip install pymongo
 3724  pip install pymongo
 3725  python -c "import pymongo; print(pymongo.version); print(pymongo.has_c())"
 3726  mongod
 3727  man mongod
 3728  hisory 
 3729  history 
 3730  mongod --config /usr/local/etc/mongod.conf
 3731  la
 3732  python -c "import pymongo; print(pymongo.version); print(pymongo.has_c())"
 3733  python ha3lib.py
 3734  python3 ha3lib.py
 3735  python -m easy_install pymongo
 3736  sudo python -m easy_install pymongo
 3737  python3 ha3lib.py
 3738  python ha3lib.py
 3739  python ha3lib.py | python.tool -m json
 3740  python ha3lib.py | python -tool -m json
 3741  python ha3lib.py | python -m json.tool
 3742  python ha3_main.py | python -m json.tool
 3743  python ha3_main.py 
 3744  clear 
 3745  python ha3_main.py 
 3746  ls
 3747  clear 
 3748  mongod --config /usr/local/etc/mongod.conf
 3749  ls
 3750  ls -lh 
 3751  open . 
 3752  python3 ha3_produce_answers_main.py > ./testDBs/answers.json
 3753  tasks
 3754  task
 3755  pip install mysql-connector-python
 3756  sudopip install mysql-connector-python
 3757  sudo pip install mysql-connector-python
 3758  python3 ha3_produce_answers_main.py > ./testDBs/answers.json
 3759  python ha3_produce_answers_main.py > ./testDBs/answers.json
 3760  zorba report_main.jq -o ./testDBs/report.json
 3761  python ha3_produce_answers_main.py > ./testDBs/answers.json
 3762  zorba report_main.jq -o ./testDBs/report.json
 3763  python ha3_produce_answers_main.py > ./testDBs/answers.json
 3764  python3 ha3_produce_answers_main.py > ./testDBs/answers.json
 3765  sudopip install mysql-connector-python
 3766  sudo pip install mysql-connector-python
 3767  ls
 3768  ls -lh 
 3769  ls
 3770  ls -lh
 3771  python3 ha3_produce_answers_main.py > ./testDBs/answers.json
 3772  python ha3_produce_answers_main.py > ./testDBs/answers.json
 3773  ls -lh 
 3774  cd testDBs
 3775  LS
 3776  ls
 3777  lLL
 3778  ls
 3779  cd .. 
 3780  ls
 3781  hisory 
 3782  hisypr 
 3783  thss
 3784  stja
 3785  history 
 3786  python ha3lib.py
 3787  ''''''''''''''''''''''''''
 3788  ''''''''''''''''''''''''
 3789  '''''''''''''''''''''''\n\n\n\n\n\n'
 3790  ls
 3791  lane 
 3792  ll
 3793  ls
 3794  git clone https://github.com/sheard93/Grammable.git
 3795  ls
 3796  speak hello 
 3797  say hello 
 3798  say "hello"
 3799  say "You have been found guily of multilpe acts that are deemed detrimental to socierty and now you shall be judged\n'\n"
 3800  say "you have been found guily of multiple acts that are deemed detrimental to society and now you shall be judged'\n'\n"
 3801  say "you have been found guilty of multiple acts that are deemed detrimental to society and now you shall be judged"
 3802  ls
 3803  cd Documents/development
 3804  ls
 3805  git clone https://github.com/michloud/flickedapp.git
 3806  cd flixterapp
 3807  ls
 3808  rails db:create 
 3809  rails db:migrate 
 3810  rails db:reset 
 3811  rails s 
 3812  say "you have been found guilty of multiple acts that are deemed detrimental to society and now you shall be judged"
 3813  ls
 3814  history 
 3815  \mongod --config /usr/local/etc/mongod.conf
 3816  mongod --config /usr/local/etc/mongod.conf
 3817  ls
 3818  clear 
 3819  history 
 3820  ls
 3821  clear 
 3822  zorba report_main.jq -o ./testDBs/report.json
 3823  python ha3_produce_answers_main.py > ./testDBs/answers.json
 3824  zorba report_main.jq -o ./testDBs/report.json
 3825  python ha3_produce_answers_main.py > ./testDBs/answers.json
 3826  zorba report_main.jq -o ./testDBs/report.json
 3827  ls
 3828  mongod --config /usr/local/
 3829  python ha3_main.py  | python -m json.tool
 3830  python ha3_produce_answers_main.py > ./testDBs/answers.json
 3831  zorba report_main.jq -o ./testDBs/report.json
 3832  python ha3_main.py  | python -m json.tool
 3833  python ha3_produce_answers_main.py > ./testDBs/answers.json
 3834  zorba report_main.jq -o ./testDBs/report.json
 3835  python ha3_produce_answers_main.py > ./testDBs/answers.json
 3836  zorba report_main.jq -o ./testDBs/report.json
 3837  python ha3_main.py  | python -m json.tool
 3838  ls
 3839  python ha3_main.py  | python -m json.tool
 3840  python ha3_main.py 
 3841  /usr/local/opt/python/bin/python3.7 /Users/serpentz/Documents/development/Homework/hw3/ha3_main.py
 3842  python ha3_main.py 
 3843  python ha3_produce_answers_main.py > ./testDBs/answers.json
 3844  history 
 3845  zorba report_main.jq -o ./testDBs/report.json
 3846  history 
 3847  python ha3_produce_answers_main.py > ./testDBs/answers.json
 3848  zorba report_main.jq -o ./testDBs/report.json
 3849  python ha3_produce_answers_main.py > ./testDBs/answers.json
 3850  zorba report_main.jq -o ./testDBs/report.json
 3851  python ha3_produce_answers_main.py > ./testDBs/answers.json
 3852  zorba report_main.jq -o ./testDBs/report.json
 3853  python ha3_main.py  
 3854  zorba report_main.jq -o ./testDBs/report.json
 3855  python ha3_main.py  
 3856  zorba report_main.jq -o ./testDBs/report.json
 3857  python ha3_main.py  
 3858  clear 
 3859  python ha3_main.py  
 3860  clear 
 3861  ls
 3862  ls 
 3863  cleat 
 3864  clear 
 3865  python ha3_main.py  
 3866  python ha3_main.py  | python.tool -m json 
 3867  python ha3_main.py  | python -m json.tool
 3868  ls
 3869  ls -;h
 3870  python ha3_main.py  | python -m json.tool
 3871  python ha3_main.py
 3872  ls
 3873  ls -lh 
 3874  claer 
 3875  clear 
 3876  ls
 3877  python ha3_main.py
 3878  python ha3_main.py 
 3879  python ha3_main.py  | python -m json.tool
 3880  hostriy 
 3881  historu \\n\\n/
 3882  ls 
 3883  histriy 
 3884  histroy
 3885  history 
 3886  tes
 3887  python ha3_main.py  | python -m json.tool
 3888  python ha3_main.py  
 3889  python ha3_main.py  | python -m json.tool
 3890  python ha3_produce_answers_main.py > ./testDBs/answers.json 
 3891  zorba report_main.jq -o ./testDBs/report.json
 3892  nvm
 3893  nvm install 10 
 3894  ls
 3895  l
 3896  ls -lah 
 3897  ls -la 
 3898  ls -lah
 3899  ls -la
 3900  cd Downloads
 3901  ls
 3902  finder  .
 3903  open . 
 3904  cd ..
 3905  cd Documents/development/Homework/hmw/
 3906  ls
 3907  python firstname_lastname_GUI.py
 3908  python3 firstname_lastname_GUI.py
 3909  clear
 3910  python3 firstname_lastname_GUI.py
 3911  CD Desktop
 3912  python3 firstname_lastname_GUI.py
 3913  ls
 3914  ls 
 3915  ls
 3916  cd Documents/development/Ticon\ Labs/website
 3917  ls
 3918  git status 
 3919  cd ..
 3920  ls
 3921  cd Ticon\ Labs/website
 3922  ls
 3923  npm start 
 3924  git add . 
 3925  git commit -am"merge"
 3926  git push 
 3927  git branch -a
 3928  git pull 
 3929  git add . 
 3930  git commmit -am'corresponding div adjustments'
 3931  git commit -am'corresponding div adjustments'
 3932  git push 
 3933  git add . 
 3934  git commit -am"div touch up "
 3935  git push 
 3936  git add . 
 3937  git commit -am"testimonials color change "
 3938  git push 
 3939  git branch dev
 3940  git checkout dev
 3941  git checkout mater
 3942  git checkout master
 3943  npm start 
 3944  git reset --hard 2508ff1 
 3945  git add . 
 3946  git commit -am"revert"
 3947  git push -f 
 3948  git checkout dev
 3949  git pull origin master 
 3950  npm start 
 3951  git commit -am"Hero adjustments"
 3952  git push 
 3953  git push origin dev 
 3954  git checkout master 
 3955  git pull orgin dev  
 3956  git merge orgin dev  
 3957  git merge dev  
 3958  git add  .
 3959  ls
 3960  npm install nodemailer 
 3961  npm install nodemailer --save
 3962  ls
 3963  cd Documents/development/Ticon\ Labs
 3964  ls
 3965  npm install -g express-generator
 3966  express 
 3967  express --view=pug email_server
 3968  cd email_server
 3969  ls
 3970  npm install 
 3971  DEBUG=email-server:* npm start
 3972  atom . 
 3973  DEBUG=email-server:* npm start
 3974  npm install --save nodemailer
 3975  DEBUG=email-server:* npm start
 3976  clear 
 3977  DEBUG=email-server:* npm start
 3978  git init
 3979  git add . 
 3980  git commit -am "init"
 3981  git push https://github.com/serpentz/mail_server.git master
 3982  git remote add origin https://github.com/serpentz/mail_server.git
 3983  git remote -v 
 3984  DEBUG=email-server:* npm start
 3985  npm install --save cors~
 3986  npm install --save cors
 3987  DEBUG=email-server:* npm start
 3988  npm install --save react-redux redux thunk 
 3989  git add . 
 3990  git commit -m"adjustments to dependencies & connection to mail server established"
 3991  git push origin master 
 3992  killAll Finder
 3993  defaults write com.apple.finder CreateDesktop false
 3994  killAll Finder
 3995  npm install --save redux-thunk
 3996  npm start 
 3997  npm install 
 3998  npm audit fix  
 3999  npm start 
 4000  npm i 
 4001  npm start 
 4002  git add . 
 4003  git commit -am"kubernetes deployment 0.1"
 4004  git push 
 4005  git push origin master 
 4006  gcloud 
 4007  gcloud auth application-default login
 4008  gcloud -h 
 4009  gcloud projects 
 4010  gcloud projects list
 4011  gcloud auth application-default login
 4012  touch app.yaml
 4013  gcloud deploy 
 4014  gcloud app deploy 
 4015  gcloud app 
 4016  gcloud app create 
 4017  gcloud -h
 4018  gcloud auth application-default login --no-launch-browser
 4019  gcloud projects list 
 4020  gcloud auth revoke --all 
 4021  gcloud auth application-default login --no-launch-browser
 4022  gcloud projects list
 4023  gcloud auth login
 4024  gcloud projects list 
 4025  gcloud config set project ticonlab-email
 4026  gcloud app delpoy 
 4027  gcloud app deploy 
 4028  gcloud app logs tail -s default
 4029  pwd
 4030  cd /Users/serpentz/Documents/development/Ticon Labs/email_server
 4031  ls
 4032  cd Documents/development/Ticon Labs/email_server
 4033  cd Documents/development/Ticon\ /Labs/email_server
 4034  cd Documents/development/Ticon\/Labs/email_server
 4035  cd Documents/development/Ticon\ Labs/email_server
 4036  ls
 4037  gcloud app logs tail -s default
 4038  git add . 
 4039  git commit -am"deployed state: ticonlabs-email google cloud, https://ticonlab-email.appspot.com"
 4040  git push 
 4041  git push origin master
 4042  gcloud app update 
 4043  gcloud app deploy 
 4044  gcloud app logs tail -s default
 4045  git commit -am"deployed state: ticonlabs-email google cloud, https://ticonlab-email.appspot.com"
 4046  git add . 
 4047  git commit -am"deployed state: ticonlabs-email google cloud, https://ticonlab-email.appspot.com"
 4048  git push origin master
 4049  gcloud app deploy 
 4050  git add . 
 4051  git commit -am"SSL secure boolean transporter changed"
 4052  git push origin master 
 4053  gcloud app logs tail -s default
 4054  npm start
 4055  git add . 
 4056  git commit -am"email change"
 4057  git push origin master 
 4058  gcloud app deploy 
 4059  gcloud app logs tail -s default
 4060  npm start
 4061  gcloud app deploy 
 4062  git add . 
 4063  git commit -am "email server integration: connected but no error handling "
 4064  git push origin master 
 4065  npm install --save import React, { Component } from 'react';\nimport { MDBContainer, MDBBtn, MDBModal, MDBModalBody } from 'mdbreact';\n\nclass ModalPage extends React.Component {\nstate = {\n  modal6: false,\n  modal7: false\n}\n\ntoggle = nr => () => {\n  let modalNumber = 'modal' + nr\n  this.setState({\n    [modalNumber]: !this.state[modalNumber]\n  });\n}\n\nrender() {\n  return (\n      <MDBContainer>\n        <MDBBtn color="warning" onClick={this.toggle(10)}>Bottom</MDBBtn>\n        <MDBModal isOpen={this.state.modal10} toggle={this.toggle(10)} frame position="bottom">\n          <MDBModalBody className="text-center">\n            Lorem ipsum dolor sit amet, consectetur adipisicing elit, sed do eiusmod tempor incididunt ut labore et dolore\n            magna aliqua.\n            <MDBBtn color="secondary" onClick={this.toggle(10)}>Close</MDBBtn>\n            <MDBBtn color="primary">Save changes</MDBBtn>\n          </MDBModalBody>\n        </MDBModal>\n        <MDBBtn color="warning" onClick={this.toggle(11)}>Top</MDBBtn>\n        <MDBModal isOpen={this.state.modal11} toggle={this.toggle(11)} frame position="top">\n          <MDBModalBody className="text-center">\n            Lorem ipsum dolor sit amet, consectetur adipisicing elit, sed do eiusmod tempor incididunt ut labore et dolore\n            magna aliqua.\n            <MDBBtn color="secondary" onClick={this.toggle(11)}>Close</MDBBtn>\n            <MDBBtn color="primary">Save changes</MDBBtn>\n          </MDBModalBody>\n        </MDBModal>\n      </MDBContainer>\n    );\n  }\n}\n\nexport default ModalPage;
 4066  npm install --save mdbreact
 4067  npm start 
 4068  gcloud app deploy 
 4069  gcloud app versions describe -s default 20191110t182909
 4070  netstas 
 4071  netstat
 4072  as
 4073  gcloud app versions describe -s default 20191110t182909
 4074  clear 
 4075  ls
 4076  ls- lah 
 4077  ls -lah 
 4078  npm start 
 4079  ls
 4080  cd Documents/development
 4081  ls
 4082  history 
 4083  ls
 4084  cd Documents/development/Ticon\ Labs
 4085  ls
 4086  cd website
 4087  ls
 4088  l;s
 4089  s
 4090  l
 4091  ls -lah 
 4092  l 
 4093  npm star 
 4094  npm start 
 4095  ls
 4096  cd Ticon\ Labs
 4097  ls
 4098  cd email_server
 4099  ls
 4100  pwd 
 4101  ls
 4102  npm start 
 4103  cd Documents/development/Ticon Labs/website
 4104  cd Documents/development/Ticon\ Labs/website
 4105  ls
 4106  git add . 
 4107  git commit -am"Commit after reinitialization"
 4108  git push origin maste 
 4109  git push origin master 
 4110  l
 4111  npm start 
 4112  git status 
 4113  npm start 
 4114  git status 
 4115  clear 
 4116  claer 
 4117  clear 
 4118  ls
 4119  exit 
 4120  ls
 4121  cd Documents/development/Ticon\ Labs/website
 4122  npm start
 4123  cd Documents/development/Ticon\ Labs/email_server
 4124  ls
 4125  npm start 
 4126  npm start
 4127  npm start 
 4128  clear
 4129  npm start 
 4130  npm start
 4131  npm start 
 4132  npm start
 4133  history 
 4134  gcloud app deploy
 4135  cd Documents/development/Ticon\ Labs
 4136  cd email_server
 4137  git add . 
 4138  git commit -m"deployment: 0aae185e-6466-47a8-8876-330356c5e472"
 4139  git push origin master 
 4140  gcloud app deploy
 4141  npm start 
 4142  npm start
 4143  gcloud app deploy
 4144  git add . 
 4145  git commit -am"d67ea491-348c-4a07-8108-e8c90ba0e355"
 4146  git push origin master 
 4147  npm start
 4148  gcloud app logs tail -s default
 4149  ls
 4150  cd Downloads
 4151  ls
 4152  cd ticon_labs.pem ~/.ssh
 4153  mv ticon_labs.pem ~/.ssh
 4154  ls .ssh
 4155  ls ~/.ssh
 4156  eval ssh-agent
 4157  ssh-add ticon_labs.pem
 4158  ssh-add ~/.ssh/ticon_labs.pem
 4159  chmod 400 ~/.ssh/ticon_labs.pem
 4160  ssh-add ~/.ssh/ticon_labs.pem
 4161  ssh -i "ticon_labs.pem" ubuntu@ec2-52-91-29-33.compute-1.amazonaws.com
 4162  git add . 
 4163  git commit -am"deployment to aws"
 4164  git push origin master 
 4165  ssh -i "ticon_labs.pem" ec2-user@ec2-54-89-226-4.compute-1.amazonaws.com
 4166  ssh -i "ticon_labs.pem" ubuntu@ec2-54-210-240-87.compute-1.amazonaws.com
 4167  git add . 
 4168  status
 4169  git status
 4170  ls
 4171  cd ..
 4172  cd .ssh
 4173  ls
 4174  open 
 4175  open . 
 4176  ls
 4177  cd ~
 4178  ls
 4179  ssh -i "ticon_labs.pem" ubuntu@ec2-54-210-240-87.compute-1.amazonaws.com
 4180  ls
 4181  cd ../email
 4182  '''''''''''''''''''''''\n\n\n\n\n\n'
 4183  cd ../email_server
 4184  ls 
 4185  npm start 
 4186  gcloud app logs tail -s default
 4187  npm start 
 4188  cd ../website
 4189  npm start 
 4190  ssh -i "ticon_labs.pem" ubuntu@ec2-54-210-240-87.compute-1.amazonaws.com
 4191  cd ..
 4192  cd website
 4193  ls
 4194  git add  . 
 4195  git commit .
 4196  git commit -am"Homepage contact form componentized"
 4197  git psuh origin master 
 4198  git push origin master 
 4199  ls
 4200  cd Documents/development
 4201  ls
 4202  cd Test
 4203  ls
 4204  touch text.txt
 4205  touch test.sh 
 4206  mkdir BashScript
 4207  mv ./text.txt ./BashScript
 4208  mv ./text.sh ./BashScript
 4209  mv ./test.sh ./BashScript
 4210  ls 
 4211  cd BashScript
 4212  ;s
 4213  ;
 4214  l 
 4215  atom . 
 4216  ls
 4217  ./test.sh 
 4218  sudo ./test.sh 
 4219  chmod 400 ./test.sh
 4220  l
 4221  chmod 500 ./test.sh
 4222  l
 4223  chmod 777 ./test.sh
 4224  l
 4225  sudo ./test.sh 
 4226  cd ..
 4227  ls
 4228  clear 
 4229  ls
 4230  cd ..
 4231  git clone https://github.com/Codenewb19/todo.git
 4232  cd todo
 4233  ls
 4234  bundle install
 4235  atom . 
 4236  rails s 
 4237  rails db:create db:migrate 
 4238  rails s 
 4239  cd ..
 4240  ls
 4241  cd ..
 4242  git clone https://github.com/revinpatel/todo-revin-patel.git
 4243  cd todo-revin-patel
 4244  ls
 4245  bundle install 
 4246  rails s
 4247  rails db:reset
 4248  rails s 
 4249  atom . 
 4250  rails s 
 4251  ls 
 4252  cd ..
 4253  dc ..
 4254  cd ..
 4255  ls
 4256  git clone https://github.com/serpentz/Shopper-updated.git
 4257  cd Shopper-updated
 4258  ls
 4259  rails db:resett
 4260  rails db:reset
 4261  bundle install 
 4262  ls
 4263  ruby 
 4264  ruby script.rb
 4265  gem install json 
 4266  ruby script.rb
 4267  cd ..
 4268  ls
 4269  cd todo-revin-patel
 4270  ls
 4271  open . 
 4272  cd ..
 4273  cd todo
 4274  cd todoWebApplication
 4275  ls
 4276  bundle install 
 4277  rails db:reset 
 4278  rails s
 4279  cd ..
 4280  ls
 4281  cd todoWebApplication
 4282  rails s
 4283  rails c 
 4284  git pull
 4285  ls
 4286  ssh user1@ec2-18-206-137-169.compute-1.amazonaws.com
 4287  ssh ec2-34-205-71-127.compute-1.amazonaws.com
 4288  ssh ec2-18-206-137-169.compute-1.amazonaws.com\n
 4289  ssh -i "ticon_labs.pem" ubuntu@ec2-18-206-137-169.compute-1.amazonaws.com
 4290  ls
 4291  cd ..
 4292  ls
 4293  cd showcase
 4294  ls
 4295  cd theStore
 4296  ls
 4297  cd backend_mod_4
 4298  pwd
 4299  cat pwd 
 4300  cat $(pwd)
 4301  2017 330 Plug In Hybrid e iPe
 4302  cd /Documents/development/showcase/theStore/
 4303  cd /Documents/development/showcase/theStore
 4304  cd Documents/development/showcase/theStore
 4305  ls
 4306  cd frontend_mod_4
 4307  ls
 4308  npm i 
 4309  bundle 
 4310  npm start 
 4311  rails s
 4312  npm start 
 4313  rails db:reset
 4314  rails db:seed 
 4315  npm start 
 4316  rails s 
 4317  atom . 
 4318  npm start -p 3001
 4319  LS 
 4320  ls 
 4321  cd .. 
 4322  ls 
 4323  cd Ticon\ Labs
 4324  ls
 4325  cd website
 4326  ls
 4327  npm build 
 4328  ls 
 4329  cd ../fronten
 4330  cd ..
 4331  cd .. 
 4332  ;ls
 4333  cd .. 
 4334  kls 
 4335  ls 
 4336  cd Ticno
 4337  cd Ticon\ Labs
 4338  ls 
 4339  cd email_server
 4340  ls 
 4341  history 
 4342  ssh -i "ticon_labs.pem" ubuntu@ec2-54-210-240-87.compute-1.amazonaws.com
 4343  ssh -i "ticon_labs" ubuntu@ec2-18-206-137-169.compute-1.amazonaws.com
 4344  ls 
 4345  cd .. 
 4346  ls 
 4347  cd website
 4348  ls 
 4349  atom . 
 4350  npm start 
 4351  git add . 
 4352  git commit -m"removed \'top\' from email modal "
 4353  git push 
 4354  clear 
 4355  ls
 4356  cd Documents
 4357  ls 
 4358  cd development
 4359  ls 
 4360  git clonehttps://github.com/serpentz/backend_node.git
 4361  git clone https://github.com/serpentz/backend_node.git
 4362  ls 
 4363  cd backend_node
 4364  ls 
 4365  npm install 
 4366  npm start 
 4367  cd Documents/development/backend_node
 4368  ls 
 4369  atom . 
 4370  ls 
 4371  npm audi t
 4372  npm audit
 4373  npm start 
 4374  clear 
 4375  npm start 
 4376  ls 
 4377  cd ... 
 4378  ls 
 4379  ls  -lah 
 4380  express -v 
 4381  express --versions 
 4382  express --version
 4383  rm -rf node_modules/
 4384  l s
 4385  la 
 4386  l
 4387  ls
 4388  npm start 
 4389  ls 
 4390  git add . 
 4391  npm start 
 4392  express 
 4393  npm i 
 4394  npm start 
 4395  clear 
 4396  npm start 
 4397  cd development/backend_node
 4398  ls 
 4399  l s
 4400  ls 
 4401  ls -lah 
 4402  ls 
 4403  clear 
 4404  ls 
 4405  l s
 4406  ls
 4407  cd ..
 4408  ls
 4409  cd Ticon\ Labs
 4410  ls 
 4411  rm -rf todo
 4412  ls
 4413  cd website/
 4414  ls 
 4415  got status 
 4416  git status 
 4417  git pull 
 4418  ls
 4419  npm start 
 4420  cd ..
 4421  ls 
 4422  cd Ticon\ Labs
 4423  ls 
 4424  cd website
 4425  ls 
 4426  npm install rx-pubsub --save
 4427  ls 
 4428  vim package.json
 4429  ls 
 4430  clear 
 4431  portscan 
 4432  port 
 4433  git add , 
 4434  git add . 
 4435  git commit -am"RxPubSub instalation "
 4436  git status 
 4437  git push origin master 
 4438  l s
 4439  ls 
 4440  l
 4441  netstata 
 4442  netstat 
 4443  l
 4444  ls 
 4445  atom . 
 4446  ls 
 4447  git status 
 4448  npm start 
 4449  ls 
 4450  l s
 4451  ls
 4452  l s
 4453  ls 
 4454  ls
 4455  vagrant 
 4456  ls 
 4457  cd Documents/
 4458  ls
 4459  vagrant init 
 4460  vagrant purge 
 4461  ls
 4462  cd development
 4463  ls
 4464  vagrant init
 4465  finder  . 
 4466  open . 
 4467  vagrant up 
 4468  vim Vagrantfile
 4469  ls
 4470  l
 4471  vagrant up 
 4472  vagrant destroy 
 4473  vagrant up 
 4474  vagrant ssh
 4475  ls
 4476  cd development
 4477  ;s
 4478  ls
 4479  vim Vagrantfile
 4480  ls
 4481  cd Ticno
 4482  cd Ticon\ Labs
 4483  ls
 4484  gcloud 
 4485  gcloud app 
 4486  ls
 4487  cat hisotry 
 4488  cat>  hisotry 
 4489  s
 4490  ls
 4491  cd website
 4492  ls
 4493  git remote -v 
 4494  ls
 4495  history >> clipboard 
 4496  clipboarf
 4497  clipboard
 4498  history 
 4499  ssh -i "ticon_labs" ubuntu@ec2-18-206-137-169.compute-1.amazonaws.com
 4500  ssh -i "ticon_labs" ubuntu@ec2-18-206-1ssh -i "ticon_labs.pem" ubuntu@ec2-18-206-137-169.compute-1.amazonaws.com37-169.compute-1.amazonaws.com
 4501  ssh -i "ticon_labs.pem" ubuntu@ec2-18-206-137-169.compute-1.amazonaws.com
 4502  ssh  ubuntu@ec2-18-206-137-169.compute-1.amazonaws.com
 4503  shh-agent
 4504  eval shh-agent
 4505  eval shh-add
 4506  ~/.ssh 
 4507  ls
 4508  ssh -i "ticon_labs.pem" ubuntu@ec2-18-206-137-169.compute-1.amazonaws.com
 4509  ssh -i ~/.shh/ticon_labs.pem ubuntu@ec2-18-206-137-169.compute-1.amazonaws.com
 4510  ssh -i ~/.ssh/ticon_labs.pem ubuntu@ec2-18-206-137-169.compute-1.amazonaws.com
 4511  ls
 4512  cd Documents
 4513  ls
 4514  cd development
 4515  ls 
 4516  cd Ticon\ Labs/ 
 4517  ls
 4518  cim hisotry
 4519  vim hisotry
 4520  cd website
 4521  ls 
 4522  npm install 
 4523  npm start 
 4524  ls
 4525  git branch -a
 4526  ls
 4527  LS
 4528  ls
 4529  git push 
 4530  ls
 4531  git checkout dev 
 4532  git pull 
 4533  git pull origin dev 
 4534  git pull origin master 
 4535  git push origin dev 
 4536  ls
 4537  git push origin master 
 4538  ls
 4539  git add . 
 4540  git commit -m"fixed gap inbetween Workers section "
 4541  git push origin dec 
 4542  git push origin dev
 4543  ssh -i ~/.shh/ticon_labs.pem ubuntu@ec2-18-206-137-169.compute-1.amazonaws.com
 4544  ssh -i ~/.ssh/ticon_labs.pem ubuntu@ec2-18-206-137-169.compute-1.amazonaws.com
 4545  ls
 4546  cd Documents/development/
 4547  ls
 4548  cd Ticon\ Labs
 4549  ls
 4550  cd website
 4551  ls 
 4552  git checkout master 
 4553  git pull 
 4554  git merge dev 
 4555  git status
 4556  git add , 
 4557  git add . 
 4558  git commit -m"removed space after Contact section on Homepage "
 4559  git push origin master 
 4560  ls
 4561  ls -h 
 4562  ls -lh 
 4563  l
 4564  ls -lah  
 4565  l
 4566  npm start 
 4567  ls
 4568  git commit -am"minor css tweaks"
 4569  git push origin master 
 4570  ssh -i ~/.ssh/ticon_labs.pem ubuntu@ec2-18-206-137-169.compute-1.amazonaws.com
 4571  ssh -i "ticon_labs.pem" ubuntu@ec2-18-207-49-71.compute-1.amazonaws.com
 4572  ssh -i ~/.ssh/ticon_labs.pem ubuntu@ec2-18-207-49-71.compute-1.amazonaws.com
 4573  ls
 4574  cd ..
 4575  cd ~/Documents/development
 4576  ls
 4577  git clone https://github.com/commaai/openpilot.git
 4578  cd openpilot
 4579  ls
 4580  docker
 4581  docker up 
 4582  docker
 4583  docker build 
 4584  docker start
 4585  docker start Dockerfile.openpilot
 4586  sudo service docker up 
 4587  sudo service 
 4588  docker images
 4589  sudo docker images
 4590  sudo docker update
 4591  sudo docker update_requirements.sh
 4592  ls
 4593  l
 4594  atom .
 4595  ls 
 4596  pod 
 4597  pod list  
 4598  cd ..
 4599  cd Ticon\ Labs
 4600  ls 
 4601  l 
 4602  cd email_server
 4603  ls 
 4604  history
